<?xml version="1.0" encoding="UTF-8"?>
<!-- Generated by org.testng.reporters.JUnitXMLReporter -->
<testsuite hostname="Shashwat" ignored="0" name="EShop_US-GuestviaCategory" tests="3" failures="1" timestamp="2021-09-21T23:38:01 IST" time="649.961" errors="0">
  <testcase name="createGuestOrder" time="259.428" classname="framework.test.GuestOrder_PartyLite">
    <skipped/>
  </testcase> <!-- createGuestOrder -->
  <testcase name="createGuestOrder" time="186.418" classname="framework.test.GuestOrder_PartyLite">
    <skipped/>
  </testcase> <!-- createGuestOrder -->
  <testcase name="createGuestOrder" time="189.419" classname="framework.test.GuestOrder_PartyLite">
    <failure type="java.lang.RuntimeException">
      <![CDATA[java.lang.RuntimeException
at framework.utils.Reports.reportStep(Reports.java:72)
at framework.utils.Reports.reportStep(Reports.java:82)
at framework.test.GuestOrder_PartyLite.createGuestOrder(GuestOrder_PartyLite.java:103)
at java.util.ArrayList.forEach(Unknown Source)
at java.util.concurrent.FutureTask.run(Unknown Source)
at java.util.concurrent.ThreadPoolExecutor.runWorker(Unknown Source)
at java.util.concurrent.ThreadPoolExecutor$Worker.run(Unknown Source)
at java.lang.Thread.run(Unknown Source)
... Removed 18 stack frames]]>
    </failure>
  </testcase> <!-- createGuestOrder -->
</testsuite> <!-- EShop_US-GuestviaCategory -->
