<?xml version="1.0" encoding="UTF-8"?>
<!-- Generated by org.testng.reporters.JUnitXMLReporter -->
<testsuite hostname="Shashwat" ignored="0" name="TC-11: AT - PWS - eShop - Anonymous Checkout" tests="4" failures="0" timestamp="2021-10-04T19:53:03 IST" time="524.901" errors="0">
  <testcase name="loggedInCustomerOrder" time="384.709" classname="framework.test.LoggedInCustomerOrder_PartyLite_Smoke_TC10">
    <skipped/>
  </testcase> <!-- loggedInCustomerOrder -->
  <testcase name="createGuestOrder" time="156.04" classname="framework.test.GuestOrder_PartyLite_FR_PWS_Smoke_TC7">
    <skipped/>
  </testcase> <!-- createGuestOrder -->
  <testcase name="loggedInCustomerOrder" time="76.755" classname="framework.test.LoggedInCustomerOrder_PartyLite_Smoke_TC10">
    <skipped/>
  </testcase> <!-- loggedInCustomerOrder -->
  <testcase name="createGuestOrder" time="253.756" classname="framework.test.GuestOrder_PartyLite_AT_Smoke_TC11"/>
</testsuite> <!-- TC-11: AT - PWS - eShop - Anonymous Checkout -->
