<?xml version="1.0" encoding="UTF-8"?>
<!-- Generated by org.testng.reporters.JUnitXMLReporter -->
<testsuite hostname="Shashwat" ignored="0" name="TC-12: CHFR - CWS - eShop - Logged in Checkout" tests="1" failures="1" timestamp="2021-10-07T17:20:57 IST" time="1.18" errors="0">
  <testcase name="loggedInCustomerOrder" time="1.141" classname="framework.test.LoggedInCustomerOrder_PartyLite_CHFR_Smoke_TC12">
    <failure type="org.testng.internal.reflect.MethodMatcherException" message="
[public void framework.test.LoggedInCustomerOrder_PartyLite_CHFR_Smoke_TC12.loggedInCustomerOrder(java.lang.String,java.lang.String,java.lang.String,java.lang.String,java.lang.String,java.lang.String,java.lang.String,java.lang.String,java.lang.String,java.lang.String,java.lang.String,java.lang.String,java.lang.String,java.lang.String,java.lang.String,java.lang.String,java.lang.String)] has no parameters defined but was found to be using a data provider (either explicitly specified or inherited from class level annotation).
Data provider mismatch
Method: loggedInCustomerOrder([Parameter{index=0, type=java.lang.String, declaredAnnotations=[]}, Parameter{index=1, type=java.lang.String, declaredAnnotations=[]}, Parameter{index=2, type=java.lang.String, declaredAnnotations=[]}, Parameter{index=3, type=java.lang.String, declaredAnnotations=[]}, Parameter{index=4, type=java.lang.String, declaredAnnotations=[]}, Parameter{index=5, type=java.lang.String, declaredAnnotations=[]}, Parameter{index=6, type=java.lang.String, declaredAnnotations=[]}, Parameter{index=7, type=java.lang.String, declaredAnnotations=[]}, Parameter{index=8, type=java.lang.String, declaredAnnotations=[]}, Parameter{index=9, type=java.lang.String, declaredAnnotations=[]}, Parameter{index=10, type=java.lang.String, declaredAnnotations=[]}, Parameter{index=11, type=java.lang.String, declaredAnnotations=[]}, Parameter{index=12, type=java.lang.String, declaredAnnotations=[]}, Parameter{index=13, type=java.lang.String, declaredAnnotations=[]}, Parameter{index=14, type=java.lang.String, declaredAnnotations=[]}, Parameter{index=15, type=java.lang.String, declaredAnnotations=[]}, Parameter{index=16, type=java.lang.String, declaredAnnotations=[]}])
Arguments: [(java.lang.String) Shashwat,(java.lang.String) Mishra,(java.lang.String) chsqanew,(java.lang.String) chsqanew,(java.lang.String) 1sqa@work!,(java.lang.String) MY ACCOUNT,(java.lang.String) GC-20,(java.lang.String) 1.0,(java.lang.String) 409776.0,(java.lang.String) Konkordiastr. 28,(java.lang.String) 9000.0,(java.lang.String) St. Gallen,(java.lang.String) Prignitz,(java.lang.String) 079 294 04 91,(java.lang.String) PayPal]">
      <![CDATA[org.testng.internal.reflect.MethodMatcherException: 
[public void framework.test.LoggedInCustomerOrder_PartyLite_CHFR_Smoke_TC12.loggedInCustomerOrder(java.lang.String,java.lang.String,java.lang.String,java.lang.String,java.lang.String,java.lang.String,java.lang.String,java.lang.String,java.lang.String,java.lang.String,java.lang.String,java.lang.String,java.lang.String,java.lang.String,java.lang.String,java.lang.String,java.lang.String)] has no parameters defined but was found to be using a data provider (either explicitly specified or inherited from class level annotation).
Data provider mismatch
Method: loggedInCustomerOrder([Parameter{index=0, type=java.lang.String, declaredAnnotations=[]}, Parameter{index=1, type=java.lang.String, declaredAnnotations=[]}, Parameter{index=2, type=java.lang.String, declaredAnnotations=[]}, Parameter{index=3, type=java.lang.String, declaredAnnotations=[]}, Parameter{index=4, type=java.lang.String, declaredAnnotations=[]}, Parameter{index=5, type=java.lang.String, declaredAnnotations=[]}, Parameter{index=6, type=java.lang.String, declaredAnnotations=[]}, Parameter{index=7, type=java.lang.String, declaredAnnotations=[]}, Parameter{index=8, type=java.lang.String, declaredAnnotations=[]}, Parameter{index=9, type=java.lang.String, declaredAnnotations=[]}, Parameter{index=10, type=java.lang.String, declaredAnnotations=[]}, Parameter{index=11, type=java.lang.String, declaredAnnotations=[]}, Parameter{index=12, type=java.lang.String, declaredAnnotations=[]}, Parameter{index=13, type=java.lang.String, declaredAnnotations=[]}, Parameter{index=14, type=java.lang.String, declaredAnnotations=[]}, Parameter{index=15, type=java.lang.String, declaredAnnotations=[]}, Parameter{index=16, type=java.lang.String, declaredAnnotations=[]}])
Arguments: [(java.lang.String) Shashwat,(java.lang.String) Mishra,(java.lang.String) chsqanew,(java.lang.String) chsqanew,(java.lang.String) 1sqa@work!,(java.lang.String) MY ACCOUNT,(java.lang.String) GC-20,(java.lang.String) 1.0,(java.lang.String) 409776.0,(java.lang.String) Konkordiastr. 28,(java.lang.String) 9000.0,(java.lang.String) St. Gallen,(java.lang.String) Prignitz,(java.lang.String) 079 294 04 91,(java.lang.String) PayPal]
at java.util.ArrayList.forEach(Unknown Source)
at java.util.concurrent.FutureTask.run(Unknown Source)
at java.util.concurrent.ThreadPoolExecutor.runWorker(Unknown Source)
at java.util.concurrent.ThreadPoolExecutor$Worker.run(Unknown Source)
at java.lang.Thread.run(Unknown Source)
... Removed 13 stack frames]]>
    </failure>
  </testcase> <!-- loggedInCustomerOrder -->
</testsuite> <!-- TC-12: CHFR - CWS - eShop - Logged in Checkout -->
