<?xml version="1.0" encoding="UTF-8"?>
<!-- Generated by org.testng.reporters.JUnitXMLReporter -->
<testsuite hostname="Shashwat" ignored="0" name="TC-2: US - CWS - eShop - Logged in checkout" tests="3" failures="0" timestamp="2021-10-04T19:48:05 IST" time="227.448" errors="0">
  <testcase name="createGuestOrder" time="182.747" classname="framework.test.GuestOrder_PartyLite_AU_Smoke_TC6"/>
  <testcase name="createGuestOrder" time="190.489" classname="framework.test.GuestOrder_PartyLite_CAEN_Smoke_TC3"/>
  <testcase name="loggedInCustomerOrder" time="210.381" classname="framework.test.LoggedInCustomerOrder_PartyLite_Smoke_TC2"/>
</testsuite> <!-- TC-2: US - CWS - eShop - Logged in checkout -->
