<?xml version="1.0" encoding="UTF-8"?>
<!-- Generated by org.testng.reporters.JUnitXMLReporter -->
<testsuite hostname="Shashwat" ignored="0" name="TC-6: AU - CWS - eShop - Anonymous Checkout2" tests="5" failures="0" timestamp="2021-10-20T22:13:22 IST" time="199.16" errors="0">
  <testcase name="createGuestOrder" time="38.0" classname="framework.test.GuestOrder_PartyLite_FR_PWS_Smoke_TC7">
    <skipped/>
  </testcase> <!-- createGuestOrder -->
  <testcase name="createGuestOrder" time="39.163" classname="framework.test.GuestOrder_PartyLite_FR_PWS_Smoke_TC7">
    <skipped/>
  </testcase> <!-- createGuestOrder -->
  <testcase name="createGuestOrder" time="39.178" classname="framework.test.GuestOrder_PartyLite_FR_PWS_Smoke_TC7">
    <skipped/>
  </testcase> <!-- createGuestOrder -->
  <testcase name="createGuestOrder" time="38.604" classname="framework.test.GuestOrder_PartyLite_FR_PWS_Smoke_TC7">
    <skipped/>
  </testcase> <!-- createGuestOrder -->
  <testcase name="createGuestOrder" time="181.522" classname="framework.test.GuestOrder_PartyLite_AU_Smoke_TC6"/>
</testsuite> <!-- TC-6: AU - CWS - eShop - Anonymous Checkout2 -->
