<?xml version="1.0" encoding="UTF-8"?>
<!-- Generated by org.testng.reporters.JUnitXMLReporter -->
<testsuite hostname="Shashwat" ignored="0" name="TC-7: FR - PWS - eShop" tests="2" failures="1" timestamp="2021-09-25T00:40:30 IST" time="282.414" errors="0">
  <testcase name="createGuestOrder" time="262.679" classname="framework.test.GuestOrder_PartyLite_FR_PWS_Smoke_TC7">
    <skipped/>
  </testcase> <!-- createGuestOrder -->
  <testcase name="createGuestOrder" time="4.132" classname="framework.test.GuestOrder_PartyLite_FR_PWS_Smoke_TC7">
    <failure type="java.lang.StackOverflowError">
      <![CDATA[java.lang.StackOverflowError
at sun.net.spi.DefaultProxySelector$3.run(Unknown Source)
at sun.net.spi.DefaultProxySelector$3.run(Unknown Source)
at java.security.AccessController.doPrivileged(Native Method)
at sun.net.spi.DefaultProxySelector.select(Unknown Source)
at okhttp3.internal.connection.RouteSelector.resetNextProxy(RouteSelector.java:129)
at okhttp3.internal.connection.RouteSelector.<init>(RouteSelector.java:63)
at okhttp3.internal.connection.StreamAllocation.<init>(StreamAllocation.java:101)
at okhttp3.internal.http.RetryAndFollowUpInterceptor.intercept(RetryAndFollowUpInterceptor.java:112)
at okhttp3.internal.http.RealInterceptorChain.proceed(RealInterceptorChain.java:147)
at okhttp3.internal.http.RealInterceptorChain.proceed(RealInterceptorChain.java:121)
at okhttp3.RealCall.getResponseWithInterceptorChain(RealCall.java:200)
at okhttp3.RealCall.execute(RealCall.java:77)
at org.openqa.selenium.remote.internal.OkHttpClient.execute(OkHttpClient.java:103)
at org.openqa.selenium.remote.HttpCommandExecutor.execute(HttpCommandExecutor.java:155)
at org.openqa.selenium.remote.service.DriverCommandExecutor.execute(DriverCommandExecutor.java:83)
at org.openqa.selenium.remote.RemoteWebDriver.execute(RemoteWebDriver.java:552)
at org.openqa.selenium.remote.RemoteWebDriver.execute(RemoteWebDriver.java:609)
at org.openqa.selenium.remote.RemoteWebDriver.getScreenshotAs(RemoteWebDriver.java:295)
at framework.core.ImplClass_SAF_V_0_2.takeSnap(ImplClass_SAF_V_0_2.java:446)
at framework.utils.Reports.reportStep(Reports.java:47)
at framework.utils.Reports.reportStep(Reports.java:82)
at framework.core.ImplClass_SAF_V_0_2.takeSnap(ImplClass_SAF_V_0_2.java:456)
at framework.utils.Reports.reportStep(Reports.java:47)
at framework.utils.Reports.reportStep(Reports.java:82)
at framework.core.ImplClass_SAF_V_0_2.takeSnap(ImplClass_SAF_V_0_2.java:456)
at framework.utils.Reports.reportStep(Reports.java:47)
at framework.utils.Reports.reportStep(Reports.java:82)
at framework.core.ImplClass_SAF_V_0_2.takeSnap(ImplClass_SAF_V_0_2.java:456)
at framework.utils.Reports.reportStep(Reports.java:47)
at framework.utils.Reports.reportStep(Reports.java:82)
at framework.core.ImplClass_SAF_V_0_2.takeSnap(ImplClass_SAF_V_0_2.java:456)
at framework.utils.Reports.reportStep(Reports.java:47)
at framework.utils.Reports.reportStep(Reports.java:82)
at framework.core.ImplClass_SAF_V_0_2.takeSnap(ImplClass_SAF_V_0_2.java:456)
at framework.utils.Reports.reportStep(Reports.java:47)
at framework.utils.Reports.reportStep(Reports.java:82)
at framework.core.ImplClass_SAF_V_0_2.takeSnap(ImplClass_SAF_V_0_2.java:456)
at framework.utils.Reports.reportStep(Reports.java:47)
at framework.utils.Reports.reportStep(Reports.java:82)
at framework.core.ImplClass_SAF_V_0_2.takeSnap(ImplClass_SAF_V_0_2.java:456)
at framework.utils.Reports.reportStep(Reports.java:47)
at framework.utils.Reports.reportStep(Reports.java:82)
at framework.core.ImplClass_SAF_V_0_2.takeSnap(ImplClass_SAF_V_0_2.java:456)
at framework.utils.Reports.reportStep(Reports.java:47)
at framework.utils.Reports.reportStep(Reports.java:82)
at framework.core.ImplClass_SAF_V_0_2.takeSnap(ImplClass_SAF_V_0_2.java:456)
at framework.utils.Reports.reportStep(Reports.java:47)
at framework.utils.Reports.reportStep(Reports.java:82)
at framework.core.ImplClass_SAF_V_0_2.takeSnap(ImplClass_SAF_V_0_2.java:456)
at framework.utils.Reports.reportStep(Reports.java:47)
at framework.utils.Reports.reportStep(Reports.java:82)
at framework.core.ImplClass_SAF_V_0_2.takeSnap(ImplClass_SAF_V_0_2.java:456)
at framework.utils.Reports.reportStep(Reports.java:47)
at framework.utils.Reports.reportStep(Reports.java:82)
at framework.core.ImplClass_SAF_V_0_2.takeSnap(ImplClass_SAF_V_0_2.java:456)
at framework.utils.Reports.reportStep(Reports.java:47)
at framework.utils.Reports.reportStep(Reports.java:82)
at framework.core.ImplClass_SAF_V_0_2.takeSnap(ImplClass_SAF_V_0_2.java:456)
at framework.utils.Reports.reportStep(Reports.java:47)
at framework.utils.Reports.reportStep(Reports.java:82)
at framework.core.ImplClass_SAF_V_0_2.takeSnap(ImplClass_SAF_V_0_2.java:456)
at framework.utils.Reports.reportStep(Reports.java:47)
at framework.utils.Reports.reportStep(Reports.java:82)
at framework.core.ImplClass_SAF_V_0_2.takeSnap(ImplClass_SAF_V_0_2.java:456)
at framework.utils.Reports.reportStep(Reports.java:47)
at framework.utils.Reports.reportStep(Reports.java:82)
at framework.core.ImplClass_SAF_V_0_2.takeSnap(ImplClass_SAF_V_0_2.java:456)
at framework.utils.Reports.reportStep(Reports.java:47)
at framework.utils.Reports.reportStep(Reports.java:82)
at framework.core.ImplClass_SAF_V_0_2.takeSnap(ImplClass_SAF_V_0_2.java:456)
at framework.utils.Reports.reportStep(Reports.java:47)
at framework.utils.Reports.reportStep(Reports.java:82)
at framework.core.ImplClass_SAF_V_0_2.takeSnap(ImplClass_SAF_V_0_2.java:456)
at framework.utils.Reports.reportStep(Reports.java:47)
at framework.utils.Reports.reportStep(Reports.java:82)
at framework.core.ImplClass_SAF_V_0_2.takeSnap(ImplClass_SAF_V_0_2.java:456)
at framework.utils.Reports.reportStep(Reports.java:47)
at framework.utils.Reports.reportStep(Reports.java:82)
at framework.core.ImplClass_SAF_V_0_2.takeSnap(ImplClass_SAF_V_0_2.java:456)
at framework.utils.Reports.reportStep(Reports.java:47)
at framework.utils.Reports.reportStep(Reports.java:82)
at framework.core.ImplClass_SAF_V_0_2.takeSnap(ImplClass_SAF_V_0_2.java:456)
at framework.utils.Reports.reportStep(Reports.java:47)
at framework.utils.Reports.reportStep(Reports.java:82)
at framework.core.ImplClass_SAF_V_0_2.takeSnap(ImplClass_SAF_V_0_2.java:456)
at framework.utils.Reports.reportStep(Reports.java:47)
at framework.utils.Reports.reportStep(Reports.java:82)
at framework.core.ImplClass_SAF_V_0_2.takeSnap(ImplClass_SAF_V_0_2.java:456)
at framework.utils.Reports.reportStep(Reports.java:47)
at framework.utils.Reports.reportStep(Reports.java:82)
at framework.core.ImplClass_SAF_V_0_2.takeSnap(ImplClass_SAF_V_0_2.java:456)
at framework.utils.Reports.reportStep(Reports.java:47)
at framework.utils.Reports.reportStep(Reports.java:82)
at framework.core.ImplClass_SAF_V_0_2.takeSnap(ImplClass_SAF_V_0_2.java:456)
at framework.utils.Reports.reportStep(Reports.java:47)
at framework.utils.Reports.reportStep(Reports.java:82)
at framework.core.ImplClass_SAF_V_0_2.takeSnap(ImplClass_SAF_V_0_2.java:456)
at framework.utils.Reports.reportStep(Reports.java:47)
at framework.utils.Reports.reportStep(Reports.java:82)
at framework.core.ImplClass_SAF_V_0_2.takeSnap(ImplClass_SAF_V_0_2.java:456)
at framework.utils.Reports.reportStep(Reports.java:47)
at framework.utils.Reports.reportStep(Reports.java:82)
at framework.core.ImplClass_SAF_V_0_2.takeSnap(ImplClass_SAF_V_0_2.java:456)
at framework.utils.Reports.reportStep(Reports.java:47)
at framework.utils.Reports.reportStep(Reports.java:82)
at framework.core.ImplClass_SAF_V_0_2.takeSnap(ImplClass_SAF_V_0_2.java:456)
at framework.utils.Reports.reportStep(Reports.java:47)
at framework.utils.Reports.reportStep(Reports.java:82)
at framework.core.ImplClass_SAF_V_0_2.takeSnap(ImplClass_SAF_V_0_2.java:456)
at framework.utils.Reports.reportStep(Reports.java:47)
at framework.utils.Reports.reportStep(Reports.java:82)
at framework.core.ImplClass_SAF_V_0_2.takeSnap(ImplClass_SAF_V_0_2.java:456)
at framework.utils.Reports.reportStep(Reports.java:47)
at framework.utils.Reports.reportStep(Reports.java:82)
at framework.core.ImplClass_SAF_V_0_2.takeSnap(ImplClass_SAF_V_0_2.java:456)
at framework.utils.Reports.reportStep(Reports.java:47)
at framework.utils.Reports.reportStep(Reports.java:82)
at framework.core.ImplClass_SAF_V_0_2.takeSnap(ImplClass_SAF_V_0_2.java:456)
at framework.utils.Reports.reportStep(Reports.java:47)
at framework.utils.Reports.reportStep(Reports.java:82)
at framework.core.ImplClass_SAF_V_0_2.takeSnap(ImplClass_SAF_V_0_2.java:456)
at framework.utils.Reports.reportStep(Reports.java:47)
at framework.utils.Reports.reportStep(Reports.java:82)
at framework.core.ImplClass_SAF_V_0_2.takeSnap(ImplClass_SAF_V_0_2.java:456)
at framework.utils.Reports.reportStep(Reports.java:47)
at framework.utils.Reports.reportStep(Reports.java:82)
at framework.core.ImplClass_SAF_V_0_2.takeSnap(ImplClass_SAF_V_0_2.java:456)
at framework.utils.Reports.reportStep(Reports.java:47)
at framework.utils.Reports.reportStep(Reports.java:82)
at framework.core.ImplClass_SAF_V_0_2.takeSnap(ImplClass_SAF_V_0_2.java:456)
at framework.utils.Reports.reportStep(Reports.java:47)
at framework.utils.Reports.reportStep(Reports.java:82)
at framework.core.ImplClass_SAF_V_0_2.takeSnap(ImplClass_SAF_V_0_2.java:456)
at framework.utils.Reports.reportStep(Reports.java:47)
at framework.utils.Reports.reportStep(Reports.java:82)
at framework.core.ImplClass_SAF_V_0_2.takeSnap(ImplClass_SAF_V_0_2.java:456)
at framework.utils.Reports.reportStep(Reports.java:47)
at framework.utils.Reports.reportStep(Reports.java:82)
at framework.core.ImplClass_SAF_V_0_2.takeSnap(ImplClass_SAF_V_0_2.java:456)
at framework.utils.Reports.reportStep(Reports.java:47)
at framework.utils.Reports.reportStep(Reports.java:82)
at framework.core.ImplClass_SAF_V_0_2.takeSnap(ImplClass_SAF_V_0_2.java:456)
at framework.utils.Reports.reportStep(Reports.java:47)
at framework.utils.Reports.reportStep(Reports.java:82)
at framework.core.ImplClass_SAF_V_0_2.takeSnap(ImplClass_SAF_V_0_2.java:456)
at framework.utils.Reports.reportStep(Reports.java:47)
at framework.utils.Reports.reportStep(Reports.java:82)
at framework.core.ImplClass_SAF_V_0_2.takeSnap(ImplClass_SAF_V_0_2.java:456)
at framework.utils.Reports.reportStep(Reports.java:47)
at framework.utils.Reports.reportStep(Reports.java:82)
at framework.core.ImplClass_SAF_V_0_2.takeSnap(ImplClass_SAF_V_0_2.java:456)
at framework.utils.Reports.reportStep(Reports.java:47)
at framework.utils.Reports.reportStep(Reports.java:82)
at framework.core.ImplClass_SAF_V_0_2.takeSnap(ImplClass_SAF_V_0_2.java:456)
at framework.utils.Reports.reportStep(Reports.java:47)
at framework.utils.Reports.reportStep(Reports.java:82)
at framework.core.ImplClass_SAF_V_0_2.takeSnap(ImplClass_SAF_V_0_2.java:456)
at framework.utils.Reports.reportStep(Reports.java:47)
at framework.utils.Reports.reportStep(Reports.java:82)
at framework.core.ImplClass_SAF_V_0_2.takeSnap(ImplClass_SAF_V_0_2.java:456)
at framework.utils.Reports.reportStep(Reports.java:47)
at framework.utils.Reports.reportStep(Reports.java:82)
at framework.core.ImplClass_SAF_V_0_2.takeSnap(ImplClass_SAF_V_0_2.java:456)
at framework.utils.Reports.reportStep(Reports.java:47)
at framework.utils.Reports.reportStep(Reports.java:82)
at framework.core.ImplClass_SAF_V_0_2.takeSnap(ImplClass_SAF_V_0_2.java:456)
at framework.utils.Reports.reportStep(Reports.java:47)
at framework.utils.Reports.reportStep(Reports.java:82)
at framework.core.ImplClass_SAF_V_0_2.takeSnap(ImplClass_SAF_V_0_2.java:456)
at framework.utils.Reports.reportStep(Reports.java:47)
at framework.utils.Reports.reportStep(Reports.java:82)
at framework.core.ImplClass_SAF_V_0_2.takeSnap(ImplClass_SAF_V_0_2.java:456)
at framework.utils.Reports.reportStep(Reports.java:47)
at framework.utils.Reports.reportStep(Reports.java:82)
at framework.core.ImplClass_SAF_V_0_2.takeSnap(ImplClass_SAF_V_0_2.java:456)
at framework.utils.Reports.reportStep(Reports.java:47)
at framework.utils.Reports.reportStep(Reports.java:82)
at framework.core.ImplClass_SAF_V_0_2.takeSnap(ImplClass_SAF_V_0_2.java:456)
at framework.utils.Reports.reportStep(Reports.java:47)
at framework.utils.Reports.reportStep(Reports.java:82)
at framework.core.ImplClass_SAF_V_0_2.takeSnap(ImplClass_SAF_V_0_2.java:456)
at framework.utils.Reports.reportStep(Reports.java:47)
at framework.utils.Reports.reportStep(Reports.java:82)
at framework.core.ImplClass_SAF_V_0_2.takeSnap(ImplClass_SAF_V_0_2.java:456)
at framework.utils.Reports.reportStep(Reports.java:47)
at framework.utils.Reports.reportStep(Reports.java:82)
at framework.core.ImplClass_SAF_V_0_2.takeSnap(ImplClass_SAF_V_0_2.java:456)
at framework.utils.Reports.reportStep(Reports.java:47)
at framework.utils.Reports.reportStep(Reports.java:82)
at framework.core.ImplClass_SAF_V_0_2.takeSnap(ImplClass_SAF_V_0_2.java:456)
at framework.utils.Reports.reportStep(Reports.java:47)
at framework.utils.Reports.reportStep(Reports.java:82)
at framework.core.ImplClass_SAF_V_0_2.takeSnap(ImplClass_SAF_V_0_2.java:456)
at framework.utils.Reports.reportStep(Reports.java:47)
at framework.utils.Reports.reportStep(Reports.java:82)
at framework.core.ImplClass_SAF_V_0_2.takeSnap(ImplClass_SAF_V_0_2.java:456)
at framework.utils.Reports.reportStep(Reports.java:47)
at framework.utils.Reports.reportStep(Reports.java:82)
at framework.core.ImplClass_SAF_V_0_2.takeSnap(ImplClass_SAF_V_0_2.java:456)
at framework.utils.Reports.reportStep(Reports.java:47)
at framework.utils.Reports.reportStep(Reports.java:82)
at framework.core.ImplClass_SAF_V_0_2.takeSnap(ImplClass_SAF_V_0_2.java:456)
at framework.utils.Reports.reportStep(Reports.java:47)
at framework.utils.Reports.reportStep(Reports.java:82)
at framework.core.ImplClass_SAF_V_0_2.takeSnap(ImplClass_SAF_V_0_2.java:456)
at framework.utils.Reports.reportStep(Reports.java:47)
at framework.utils.Reports.reportStep(Reports.java:82)
at framework.core.ImplClass_SAF_V_0_2.takeSnap(ImplClass_SAF_V_0_2.java:456)
at framework.utils.Reports.reportStep(Reports.java:47)
at framework.utils.Reports.reportStep(Reports.java:82)
at framework.core.ImplClass_SAF_V_0_2.takeSnap(ImplClass_SAF_V_0_2.java:456)
at framework.utils.Reports.reportStep(Reports.java:47)
at framework.utils.Reports.reportStep(Reports.java:82)
at framework.core.ImplClass_SAF_V_0_2.takeSnap(ImplClass_SAF_V_0_2.java:456)
at framework.utils.Reports.reportStep(Reports.java:47)
at framework.utils.Reports.reportStep(Reports.java:82)
at framework.core.ImplClass_SAF_V_0_2.takeSnap(ImplClass_SAF_V_0_2.java:456)
at framework.utils.Reports.reportStep(Reports.java:47)
at framework.utils.Reports.reportStep(Reports.java:82)
at framework.core.ImplClass_SAF_V_0_2.takeSnap(ImplClass_SAF_V_0_2.java:456)
at framework.utils.Reports.reportStep(Reports.java:47)
at framework.utils.Reports.reportStep(Reports.java:82)
at framework.core.ImplClass_SAF_V_0_2.takeSnap(ImplClass_SAF_V_0_2.java:456)
at framework.utils.Reports.reportStep(Reports.java:47)
at framework.utils.Reports.reportStep(Reports.java:82)
at framework.core.ImplClass_SAF_V_0_2.takeSnap(ImplClass_SAF_V_0_2.java:456)
at framework.utils.Reports.reportStep(Reports.java:47)
at framework.utils.Reports.reportStep(Reports.java:82)
at framework.core.ImplClass_SAF_V_0_2.takeSnap(ImplClass_SAF_V_0_2.java:456)
at framework.utils.Reports.reportStep(Reports.java:47)
at framework.utils.Reports.reportStep(Reports.java:82)
at framework.core.ImplClass_SAF_V_0_2.takeSnap(ImplClass_SAF_V_0_2.java:456)
at framework.utils.Reports.reportStep(Reports.java:47)
at framework.utils.Reports.reportStep(Reports.java:82)
at framework.core.ImplClass_SAF_V_0_2.takeSnap(ImplClass_SAF_V_0_2.java:456)
at framework.utils.Reports.reportStep(Reports.java:47)
at framework.utils.Reports.reportStep(Reports.java:82)
at framework.core.ImplClass_SAF_V_0_2.takeSnap(ImplClass_SAF_V_0_2.java:456)
at framework.utils.Reports.reportStep(Reports.java:47)
at framework.utils.Reports.reportStep(Reports.java:82)
at framework.core.ImplClass_SAF_V_0_2.takeSnap(ImplClass_SAF_V_0_2.java:456)
at framework.utils.Reports.reportStep(Reports.java:47)
at framework.utils.Reports.reportStep(Reports.java:82)
at framework.core.ImplClass_SAF_V_0_2.takeSnap(ImplClass_SAF_V_0_2.java:456)
at framework.utils.Reports.reportStep(Reports.java:47)
at framework.utils.Reports.reportStep(Reports.java:82)
at framework.core.ImplClass_SAF_V_0_2.takeSnap(ImplClass_SAF_V_0_2.java:456)
at framework.utils.Reports.reportStep(Reports.java:47)
at framework.utils.Reports.reportStep(Reports.java:82)
at framework.core.ImplClass_SAF_V_0_2.takeSnap(ImplClass_SAF_V_0_2.java:456)
at framework.utils.Reports.reportStep(Reports.java:47)
at framework.utils.Reports.reportStep(Reports.java:82)
at framework.core.ImplClass_SAF_V_0_2.takeSnap(ImplClass_SAF_V_0_2.java:456)
at framework.utils.Reports.reportStep(Reports.java:47)
at framework.utils.Reports.reportStep(Reports.java:82)
at framework.core.ImplClass_SAF_V_0_2.takeSnap(ImplClass_SAF_V_0_2.java:456)
at framework.utils.Reports.reportStep(Reports.java:47)
at framework.utils.Reports.reportStep(Reports.java:82)
at framework.core.ImplClass_SAF_V_0_2.takeSnap(ImplClass_SAF_V_0_2.java:456)
at framework.utils.Reports.reportStep(Reports.java:47)
at framework.utils.Reports.reportStep(Reports.java:82)
at framework.core.ImplClass_SAF_V_0_2.takeSnap(ImplClass_SAF_V_0_2.java:456)
at framework.utils.Reports.reportStep(Reports.java:47)
at framework.utils.Reports.reportStep(Reports.java:82)
at framework.core.ImplClass_SAF_V_0_2.takeSnap(ImplClass_SAF_V_0_2.java:456)
at framework.utils.Reports.reportStep(Reports.java:47)
at framework.utils.Reports.reportStep(Reports.java:82)
at framework.core.ImplClass_SAF_V_0_2.takeSnap(ImplClass_SAF_V_0_2.java:456)
at framework.utils.Reports.reportStep(Reports.java:47)
at framework.utils.Reports.reportStep(Reports.java:82)
at framework.core.ImplClass_SAF_V_0_2.takeSnap(ImplClass_SAF_V_0_2.java:456)
at framework.utils.Reports.reportStep(Reports.java:47)
at framework.utils.Reports.reportStep(Reports.java:82)
at framework.core.ImplClass_SAF_V_0_2.takeSnap(ImplClass_SAF_V_0_2.java:456)
at framework.utils.Reports.reportStep(Reports.java:47)
at framework.utils.Reports.reportStep(Reports.java:82)
at framework.core.ImplClass_SAF_V_0_2.takeSnap(ImplClass_SAF_V_0_2.java:456)
at framework.utils.Reports.reportStep(Reports.java:47)
at framework.utils.Reports.reportStep(Reports.java:82)
at framework.core.ImplClass_SAF_V_0_2.takeSnap(ImplClass_SAF_V_0_2.java:456)
at framework.utils.Reports.reportStep(Reports.java:47)
at framework.utils.Reports.reportStep(Reports.java:82)
at framework.core.ImplClass_SAF_V_0_2.takeSnap(ImplClass_SAF_V_0_2.java:456)
at framework.utils.Reports.reportStep(Reports.java:47)
at framework.utils.Reports.reportStep(Reports.java:82)
at framework.core.ImplClass_SAF_V_0_2.takeSnap(ImplClass_SAF_V_0_2.java:456)
at framework.utils.Reports.reportStep(Reports.java:47)
at framework.utils.Reports.reportStep(Reports.java:82)
at framework.core.ImplClass_SAF_V_0_2.takeSnap(ImplClass_SAF_V_0_2.java:456)
at framework.utils.Reports.reportStep(Reports.java:47)
at framework.utils.Reports.reportStep(Reports.java:82)
at framework.core.ImplClass_SAF_V_0_2.takeSnap(ImplClass_SAF_V_0_2.java:456)
at framework.utils.Reports.reportStep(Reports.java:47)
at framework.utils.Reports.reportStep(Reports.java:82)
at framework.core.ImplClass_SAF_V_0_2.takeSnap(ImplClass_SAF_V_0_2.java:456)
at framework.utils.Reports.reportStep(Reports.java:47)
at framework.utils.Reports.reportStep(Reports.java:82)
at framework.core.ImplClass_SAF_V_0_2.takeSnap(ImplClass_SAF_V_0_2.java:456)
at framework.utils.Reports.reportStep(Reports.java:47)
at framework.utils.Reports.reportStep(Reports.java:82)
at framework.core.ImplClass_SAF_V_0_2.takeSnap(ImplClass_SAF_V_0_2.java:456)
at framework.utils.Reports.reportStep(Reports.java:47)
at framework.utils.Reports.reportStep(Reports.java:82)
at framework.core.ImplClass_SAF_V_0_2.takeSnap(ImplClass_SAF_V_0_2.java:456)
at framework.utils.Reports.reportStep(Reports.java:47)
at framework.utils.Reports.reportStep(Reports.java:82)
at framework.core.ImplClass_SAF_V_0_2.takeSnap(ImplClass_SAF_V_0_2.java:456)
at framework.utils.Reports.reportStep(Reports.java:47)
at framework.utils.Reports.reportStep(Reports.java:82)
at framework.core.ImplClass_SAF_V_0_2.takeSnap(ImplClass_SAF_V_0_2.java:456)
at framework.utils.Reports.reportStep(Reports.java:47)
at framework.utils.Reports.reportStep(Reports.java:82)
at framework.core.ImplClass_SAF_V_0_2.takeSnap(ImplClass_SAF_V_0_2.java:456)
at framework.utils.Reports.reportStep(Reports.java:47)
at framework.utils.Reports.reportStep(Reports.java:82)
at framework.core.ImplClass_SAF_V_0_2.takeSnap(ImplClass_SAF_V_0_2.java:456)
at framework.utils.Reports.reportStep(Reports.java:47)
at framework.utils.Reports.reportStep(Reports.java:82)
at framework.core.ImplClass_SAF_V_0_2.takeSnap(ImplClass_SAF_V_0_2.java:456)
at framework.utils.Reports.reportStep(Reports.java:47)
at framework.utils.Reports.reportStep(Reports.java:82)
at framework.core.ImplClass_SAF_V_0_2.takeSnap(ImplClass_SAF_V_0_2.java:456)
at framework.utils.Reports.reportStep(Reports.java:47)
at framework.utils.Reports.reportStep(Reports.java:82)
at framework.core.ImplClass_SAF_V_0_2.takeSnap(ImplClass_SAF_V_0_2.java:456)
at framework.utils.Reports.reportStep(Reports.java:47)
at framework.utils.Reports.reportStep(Reports.java:82)
at framework.core.ImplClass_SAF_V_0_2.takeSnap(ImplClass_SAF_V_0_2.java:456)
at framework.utils.Reports.reportStep(Reports.java:47)
at framework.utils.Reports.reportStep(Reports.java:82)
at framework.core.ImplClass_SAF_V_0_2.takeSnap(ImplClass_SAF_V_0_2.java:456)
at framework.utils.Reports.reportStep(Reports.java:47)
at framework.utils.Reports.reportStep(Reports.java:82)
at framework.core.ImplClass_SAF_V_0_2.takeSnap(ImplClass_SAF_V_0_2.java:456)
at framework.utils.Reports.reportStep(Reports.java:47)
at framework.utils.Reports.reportStep(Reports.java:82)
at framework.core.ImplClass_SAF_V_0_2.takeSnap(ImplClass_SAF_V_0_2.java:456)
at framework.utils.Reports.reportStep(Reports.java:47)
at framework.utils.Reports.reportStep(Reports.java:82)
at framework.core.ImplClass_SAF_V_0_2.takeSnap(ImplClass_SAF_V_0_2.java:456)
at framework.utils.Reports.reportStep(Reports.java:47)
at framework.utils.Reports.reportStep(Reports.java:82)
at framework.core.ImplClass_SAF_V_0_2.takeSnap(ImplClass_SAF_V_0_2.java:456)
at framework.utils.Reports.reportStep(Reports.java:47)
at framework.utils.Reports.reportStep(Reports.java:82)
at framework.core.ImplClass_SAF_V_0_2.takeSnap(ImplClass_SAF_V_0_2.java:456)
at framework.utils.Reports.reportStep(Reports.java:47)
at framework.utils.Reports.reportStep(Reports.java:82)
at framework.core.ImplClass_SAF_V_0_2.takeSnap(ImplClass_SAF_V_0_2.java:456)
at framework.utils.Reports.reportStep(Reports.java:47)
at framework.utils.Reports.reportStep(Reports.java:82)
at framework.core.ImplClass_SAF_V_0_2.takeSnap(ImplClass_SAF_V_0_2.java:456)
at framework.utils.Reports.reportStep(Reports.java:47)
at framework.utils.Reports.reportStep(Reports.java:82)
at framework.core.ImplClass_SAF_V_0_2.takeSnap(ImplClass_SAF_V_0_2.java:456)
at framework.utils.Reports.reportStep(Reports.java:47)
at framework.utils.Reports.reportStep(Reports.java:82)
at framework.core.ImplClass_SAF_V_0_2.takeSnap(ImplClass_SAF_V_0_2.java:456)
at framework.utils.Reports.reportStep(Reports.java:47)
at framework.utils.Reports.reportStep(Reports.java:82)
at framework.core.ImplClass_SAF_V_0_2.takeSnap(ImplClass_SAF_V_0_2.java:456)
at framework.utils.Reports.reportStep(Reports.java:47)
at framework.utils.Reports.reportStep(Reports.java:82)
at framework.core.ImplClass_SAF_V_0_2.takeSnap(ImplClass_SAF_V_0_2.java:456)
at framework.utils.Reports.reportStep(Reports.java:47)
at framework.utils.Reports.reportStep(Reports.java:82)
at framework.core.ImplClass_SAF_V_0_2.takeSnap(ImplClass_SAF_V_0_2.java:456)
at framework.utils.Reports.reportStep(Reports.java:47)
at framework.utils.Reports.reportStep(Reports.java:82)
at framework.core.ImplClass_SAF_V_0_2.takeSnap(ImplClass_SAF_V_0_2.java:456)
at framework.utils.Reports.reportStep(Reports.java:47)
at framework.utils.Reports.reportStep(Reports.java:82)
at framework.core.ImplClass_SAF_V_0_2.takeSnap(ImplClass_SAF_V_0_2.java:456)
at framework.utils.Reports.reportStep(Reports.java:47)
at framework.utils.Reports.reportStep(Reports.java:82)
at framework.core.ImplClass_SAF_V_0_2.takeSnap(ImplClass_SAF_V_0_2.java:456)
at framework.utils.Reports.reportStep(Reports.java:47)
at framework.utils.Reports.reportStep(Reports.java:82)
at framework.core.ImplClass_SAF_V_0_2.takeSnap(ImplClass_SAF_V_0_2.java:456)
at framework.utils.Reports.reportStep(Reports.java:47)
at framework.utils.Reports.reportStep(Reports.java:82)
at framework.core.ImplClass_SAF_V_0_2.takeSnap(ImplClass_SAF_V_0_2.java:456)
at framework.utils.Reports.reportStep(Reports.java:47)
at framework.utils.Reports.reportStep(Reports.java:82)
at framework.core.ImplClass_SAF_V_0_2.takeSnap(ImplClass_SAF_V_0_2.java:456)
at framework.utils.Reports.reportStep(Reports.java:47)
at framework.utils.Reports.reportStep(Reports.java:82)
at framework.core.ImplClass_SAF_V_0_2.takeSnap(ImplClass_SAF_V_0_2.java:456)
at framework.utils.Reports.reportStep(Reports.java:47)
at framework.utils.Reports.reportStep(Reports.java:82)
at framework.core.ImplClass_SAF_V_0_2.takeSnap(ImplClass_SAF_V_0_2.java:456)
at framework.utils.Reports.reportStep(Reports.java:47)
at framework.utils.Reports.reportStep(Reports.java:82)
at framework.core.ImplClass_SAF_V_0_2.takeSnap(ImplClass_SAF_V_0_2.java:456)
at framework.utils.Reports.reportStep(Reports.java:47)
at framework.utils.Reports.reportStep(Reports.java:82)
at framework.core.ImplClass_SAF_V_0_2.takeSnap(ImplClass_SAF_V_0_2.java:456)
at framework.utils.Reports.reportStep(Reports.java:47)
at framework.utils.Reports.reportStep(Reports.java:82)
at framework.core.ImplClass_SAF_V_0_2.takeSnap(ImplClass_SAF_V_0_2.java:456)
at framework.utils.Reports.reportStep(Reports.java:47)
at framework.utils.Reports.reportStep(Reports.java:82)
at framework.core.ImplClass_SAF_V_0_2.takeSnap(ImplClass_SAF_V_0_2.java:456)
at framework.utils.Reports.reportStep(Reports.java:47)
at framework.utils.Reports.reportStep(Reports.java:82)
at framework.core.ImplClass_SAF_V_0_2.takeSnap(ImplClass_SAF_V_0_2.java:456)
at framework.utils.Reports.reportStep(Reports.java:47)
at framework.utils.Reports.reportStep(Reports.java:82)
at framework.core.ImplClass_SAF_V_0_2.takeSnap(ImplClass_SAF_V_0_2.java:456)
at framework.utils.Reports.reportStep(Reports.java:47)
at framework.utils.Reports.reportStep(Reports.java:82)
at framework.core.ImplClass_SAF_V_0_2.takeSnap(ImplClass_SAF_V_0_2.java:456)
at framework.utils.Reports.reportStep(Reports.java:47)
at framework.utils.Reports.reportStep(Reports.java:82)
at framework.core.ImplClass_SAF_V_0_2.takeSnap(ImplClass_SAF_V_0_2.java:456)
at framework.utils.Reports.reportStep(Reports.java:47)
at framework.utils.Reports.reportStep(Reports.java:82)
at framework.core.ImplClass_SAF_V_0_2.takeSnap(ImplClass_SAF_V_0_2.java:456)
at framework.utils.Reports.reportStep(Reports.java:47)
at framework.utils.Reports.reportStep(Reports.java:82)
at framework.core.ImplClass_SAF_V_0_2.takeSnap(ImplClass_SAF_V_0_2.java:456)
at framework.utils.Reports.reportStep(Reports.java:47)
at framework.utils.Reports.reportStep(Reports.java:82)
at framework.core.ImplClass_SAF_V_0_2.takeSnap(ImplClass_SAF_V_0_2.java:456)
at framework.utils.Reports.reportStep(Reports.java:47)
at framework.utils.Reports.reportStep(Reports.java:82)
at framework.core.ImplClass_SAF_V_0_2.takeSnap(ImplClass_SAF_V_0_2.java:456)
at framework.utils.Reports.reportStep(Reports.java:47)
at framework.utils.Reports.reportStep(Reports.java:82)
at framework.core.ImplClass_SAF_V_0_2.takeSnap(ImplClass_SAF_V_0_2.java:456)
at framework.utils.Reports.reportStep(Reports.java:47)
at framework.utils.Reports.reportStep(Reports.java:82)
at framework.core.ImplClass_SAF_V_0_2.takeSnap(ImplClass_SAF_V_0_2.java:456)
at framework.utils.Reports.reportStep(Reports.java:47)
at framework.utils.Reports.reportStep(Reports.java:82)
at framework.core.ImplClass_SAF_V_0_2.takeSnap(ImplClass_SAF_V_0_2.java:456)
at framework.utils.Reports.reportStep(Reports.java:47)
at framework.utils.Reports.reportStep(Reports.java:82)
at framework.core.ImplClass_SAF_V_0_2.takeSnap(ImplClass_SAF_V_0_2.java:456)
at framework.utils.Reports.reportStep(Reports.java:47)
at framework.utils.Reports.reportStep(Reports.java:82)
at framework.core.ImplClass_SAF_V_0_2.takeSnap(ImplClass_SAF_V_0_2.java:456)
at framework.utils.Reports.reportStep(Reports.java:47)
at framework.utils.Reports.reportStep(Reports.java:82)
at framework.core.ImplClass_SAF_V_0_2.takeSnap(ImplClass_SAF_V_0_2.java:456)
at framework.utils.Reports.reportStep(Reports.java:47)
at framework.utils.Reports.reportStep(Reports.java:82)
at framework.core.ImplClass_SAF_V_0_2.takeSnap(ImplClass_SAF_V_0_2.java:456)
at framework.utils.Reports.reportStep(Reports.java:47)
at framework.utils.Reports.reportStep(Reports.java:82)
at framework.core.ImplClass_SAF_V_0_2.takeSnap(ImplClass_SAF_V_0_2.java:456)
at framework.utils.Reports.reportStep(Reports.java:47)
at framework.utils.Reports.reportStep(Reports.java:82)
at framework.core.ImplClass_SAF_V_0_2.takeSnap(ImplClass_SAF_V_0_2.java:456)
at framework.utils.Reports.reportStep(Reports.java:47)
at framework.utils.Reports.reportStep(Reports.java:82)
at framework.core.ImplClass_SAF_V_0_2.takeSnap(ImplClass_SAF_V_0_2.java:456)
at framework.utils.Reports.reportStep(Reports.java:47)
at framework.utils.Reports.reportStep(Reports.java:82)
at framework.core.ImplClass_SAF_V_0_2.takeSnap(ImplClass_SAF_V_0_2.java:456)
at framework.utils.Reports.reportStep(Reports.java:47)
at framework.utils.Reports.reportStep(Reports.java:82)
at framework.core.ImplClass_SAF_V_0_2.takeSnap(ImplClass_SAF_V_0_2.java:456)
at framework.utils.Reports.reportStep(Reports.java:47)
at framework.utils.Reports.reportStep(Reports.java:82)
at framework.core.ImplClass_SAF_V_0_2.takeSnap(ImplClass_SAF_V_0_2.java:456)
at framework.utils.Reports.reportStep(Reports.java:47)
at framework.utils.Reports.reportStep(Reports.java:82)
at framework.core.ImplClass_SAF_V_0_2.takeSnap(ImplClass_SAF_V_0_2.java:456)
at framework.utils.Reports.reportStep(Reports.java:47)
at framework.utils.Reports.reportStep(Reports.java:82)
at framework.core.ImplClass_SAF_V_0_2.takeSnap(ImplClass_SAF_V_0_2.java:456)
at framework.utils.Reports.reportStep(Reports.java:47)
at framework.utils.Reports.reportStep(Reports.java:82)
at framework.core.ImplClass_SAF_V_0_2.takeSnap(ImplClass_SAF_V_0_2.java:456)
at framework.utils.Reports.reportStep(Reports.java:47)
at framework.utils.Reports.reportStep(Reports.java:82)
at framework.core.ImplClass_SAF_V_0_2.takeSnap(ImplClass_SAF_V_0_2.java:456)
at framework.utils.Reports.reportStep(Reports.java:47)
at framework.utils.Reports.reportStep(Reports.java:82)
at framework.core.ImplClass_SAF_V_0_2.takeSnap(ImplClass_SAF_V_0_2.java:456)
at framework.utils.Reports.reportStep(Reports.java:47)
at framework.utils.Reports.reportStep(Reports.java:82)
at framework.core.ImplClass_SAF_V_0_2.takeSnap(ImplClass_SAF_V_0_2.java:456)
at framework.utils.Reports.reportStep(Reports.java:47)
at framework.utils.Reports.reportStep(Reports.java:82)
at framework.core.ImplClass_SAF_V_0_2.takeSnap(ImplClass_SAF_V_0_2.java:456)
at framework.utils.Reports.reportStep(Reports.java:47)
at framework.utils.Reports.reportStep(Reports.java:82)
at framework.core.ImplClass_SAF_V_0_2.takeSnap(ImplClass_SAF_V_0_2.java:456)
at framework.utils.Reports.reportStep(Reports.java:47)
at framework.utils.Reports.reportStep(Reports.java:82)
at framework.core.ImplClass_SAF_V_0_2.takeSnap(ImplClass_SAF_V_0_2.java:456)
at framework.utils.Reports.reportStep(Reports.java:47)
at framework.utils.Reports.reportStep(Reports.java:82)
at framework.core.ImplClass_SAF_V_0_2.takeSnap(ImplClass_SAF_V_0_2.java:456)
at framework.utils.Reports.reportStep(Reports.java:47)
at framework.utils.Reports.reportStep(Reports.java:82)
at framework.core.ImplClass_SAF_V_0_2.takeSnap(ImplClass_SAF_V_0_2.java:456)
at framework.utils.Reports.reportStep(Reports.java:47)
at framework.utils.Reports.reportStep(Reports.java:82)
at framework.core.ImplClass_SAF_V_0_2.takeSnap(ImplClass_SAF_V_0_2.java:456)
at framework.utils.Reports.reportStep(Reports.java:47)
at framework.utils.Reports.reportStep(Reports.java:82)
at framework.core.ImplClass_SAF_V_0_2.takeSnap(ImplClass_SAF_V_0_2.java:456)
at framework.utils.Reports.reportStep(Reports.java:47)
at framework.utils.Reports.reportStep(Reports.java:82)
at framework.core.ImplClass_SAF_V_0_2.takeSnap(ImplClass_SAF_V_0_2.java:456)
at framework.utils.Reports.reportStep(Reports.java:47)
at framework.utils.Reports.reportStep(Reports.java:82)
at framework.core.ImplClass_SAF_V_0_2.takeSnap(ImplClass_SAF_V_0_2.java:456)
at framework.utils.Reports.reportStep(Reports.java:47)
at framework.utils.Reports.reportStep(Reports.java:82)
at framework.core.ImplClass_SAF_V_0_2.takeSnap(ImplClass_SAF_V_0_2.java:456)
at framework.utils.Reports.reportStep(Reports.java:47)
at framework.utils.Reports.reportStep(Reports.java:82)
at framework.core.ImplClass_SAF_V_0_2.takeSnap(ImplClass_SAF_V_0_2.java:456)
at framework.utils.Reports.reportStep(Reports.java:47)
at framework.utils.Reports.reportStep(Reports.java:82)
at framework.core.ImplClass_SAF_V_0_2.takeSnap(ImplClass_SAF_V_0_2.java:456)
at framework.utils.Reports.reportStep(Reports.java:47)
at framework.utils.Reports.reportStep(Reports.java:82)
at framework.core.ImplClass_SAF_V_0_2.takeSnap(ImplClass_SAF_V_0_2.java:456)
at framework.utils.Reports.reportStep(Reports.java:47)
at framework.utils.Reports.reportStep(Reports.java:82)
at framework.core.ImplClass_SAF_V_0_2.takeSnap(ImplClass_SAF_V_0_2.java:456)
at framework.utils.Reports.reportStep(Reports.java:47)
at framework.utils.Reports.reportStep(Reports.java:82)
at framework.core.ImplClass_SAF_V_0_2.takeSnap(ImplClass_SAF_V_0_2.java:456)
at framework.utils.Reports.reportStep(Reports.java:47)
at framework.utils.Reports.reportStep(Reports.java:82)
at framework.core.ImplClass_SAF_V_0_2.takeSnap(ImplClass_SAF_V_0_2.java:456)
at framework.utils.Reports.reportStep(Reports.java:47)
at framework.utils.Reports.reportStep(Reports.java:82)
at framework.core.ImplClass_SAF_V_0_2.takeSnap(ImplClass_SAF_V_0_2.java:456)
at framework.utils.Reports.reportStep(Reports.java:47)
at framework.utils.Reports.reportStep(Reports.java:82)
at framework.core.ImplClass_SAF_V_0_2.takeSnap(ImplClass_SAF_V_0_2.java:456)
at framework.utils.Reports.reportStep(Reports.java:47)
at framework.utils.Reports.reportStep(Reports.java:82)
at framework.core.ImplClass_SAF_V_0_2.takeSnap(ImplClass_SAF_V_0_2.java:456)
at framework.utils.Reports.reportStep(Reports.java:47)
at framework.utils.Reports.reportStep(Reports.java:82)
at framework.core.ImplClass_SAF_V_0_2.takeSnap(ImplClass_SAF_V_0_2.java:456)
at framework.utils.Reports.reportStep(Reports.java:47)
at framework.utils.Reports.reportStep(Reports.java:82)
at framework.core.ImplClass_SAF_V_0_2.takeSnap(ImplClass_SAF_V_0_2.java:456)
at framework.utils.Reports.reportStep(Reports.java:47)
at framework.utils.Reports.reportStep(Reports.java:82)
at framework.core.ImplClass_SAF_V_0_2.takeSnap(ImplClass_SAF_V_0_2.java:456)
at framework.utils.Reports.reportStep(Reports.java:47)
at framework.utils.Reports.reportStep(Reports.java:82)
at framework.core.ImplClass_SAF_V_0_2.takeSnap(ImplClass_SAF_V_0_2.java:456)
at framework.utils.Reports.reportStep(Reports.java:47)
at framework.utils.Reports.reportStep(Reports.java:82)
at framework.core.ImplClass_SAF_V_0_2.takeSnap(ImplClass_SAF_V_0_2.java:456)
at framework.utils.Reports.reportStep(Reports.java:47)
at framework.utils.Reports.reportStep(Reports.java:82)
at framework.core.ImplClass_SAF_V_0_2.takeSnap(ImplClass_SAF_V_0_2.java:456)
at framework.utils.Reports.reportStep(Reports.java:47)
at framework.utils.Reports.reportStep(Reports.java:82)
at framework.core.ImplClass_SAF_V_0_2.takeSnap(ImplClass_SAF_V_0_2.java:456)
at framework.utils.Reports.reportStep(Reports.java:47)
at framework.utils.Reports.reportStep(Reports.java:82)
at framework.core.ImplClass_SAF_V_0_2.takeSnap(ImplClass_SAF_V_0_2.java:456)
at framework.utils.Reports.reportStep(Reports.java:47)
at framework.utils.Reports.reportStep(Reports.java:82)
at framework.core.ImplClass_SAF_V_0_2.takeSnap(ImplClass_SAF_V_0_2.java:456)
at framework.utils.Reports.reportStep(Reports.java:47)
at framework.utils.Reports.reportStep(Reports.java:82)
at framework.core.ImplClass_SAF_V_0_2.takeSnap(ImplClass_SAF_V_0_2.java:456)
at framework.utils.Reports.reportStep(Reports.java:47)
at framework.utils.Reports.reportStep(Reports.java:82)
at framework.core.ImplClass_SAF_V_0_2.takeSnap(ImplClass_SAF_V_0_2.java:456)
at framework.utils.Reports.reportStep(Reports.java:47)
at framework.utils.Reports.reportStep(Reports.java:82)
at framework.core.ImplClass_SAF_V_0_2.takeSnap(ImplClass_SAF_V_0_2.java:456)
at framework.utils.Reports.reportStep(Reports.java:47)
at framework.utils.Reports.reportStep(Reports.java:82)
at framework.core.ImplClass_SAF_V_0_2.takeSnap(ImplClass_SAF_V_0_2.java:456)
at framework.utils.Reports.reportStep(Reports.java:47)
at framework.utils.Reports.reportStep(Reports.java:82)
at framework.core.ImplClass_SAF_V_0_2.takeSnap(ImplClass_SAF_V_0_2.java:456)
at framework.utils.Reports.reportStep(Reports.java:47)
at framework.utils.Reports.reportStep(Reports.java:82)
at framework.core.ImplClass_SAF_V_0_2.takeSnap(ImplClass_SAF_V_0_2.java:456)
at framework.utils.Reports.reportStep(Reports.java:47)
at framework.utils.Reports.reportStep(Reports.java:82)
at framework.core.ImplClass_SAF_V_0_2.takeSnap(ImplClass_SAF_V_0_2.java:456)
at framework.utils.Reports.reportStep(Reports.java:47)
at framework.utils.Reports.reportStep(Reports.java:82)
at framework.core.ImplClass_SAF_V_0_2.takeSnap(ImplClass_SAF_V_0_2.java:456)
at framework.utils.Reports.reportStep(Reports.java:47)
at framework.utils.Reports.reportStep(Reports.java:82)
at framework.core.ImplClass_SAF_V_0_2.takeSnap(ImplClass_SAF_V_0_2.java:456)
at framework.utils.Reports.reportStep(Reports.java:47)
at framework.utils.Reports.reportStep(Reports.java:82)
at framework.core.ImplClass_SAF_V_0_2.takeSnap(ImplClass_SAF_V_0_2.java:456)
at framework.utils.Reports.reportStep(Reports.java:47)
at framework.utils.Reports.reportStep(Reports.java:82)
at framework.core.ImplClass_SAF_V_0_2.takeSnap(ImplClass_SAF_V_0_2.java:456)
at framework.utils.Reports.reportStep(Reports.java:47)
at framework.utils.Reports.reportStep(Reports.java:82)
at framework.core.ImplClass_SAF_V_0_2.takeSnap(ImplClass_SAF_V_0_2.java:456)
at framework.utils.Reports.reportStep(Reports.java:47)
at framework.utils.Reports.reportStep(Reports.java:82)
at framework.core.ImplClass_SAF_V_0_2.takeSnap(ImplClass_SAF_V_0_2.java:456)
at framework.utils.Reports.reportStep(Reports.java:47)
at framework.utils.Reports.reportStep(Reports.java:82)
at framework.core.ImplClass_SAF_V_0_2.takeSnap(ImplClass_SAF_V_0_2.java:456)
at framework.utils.Reports.reportStep(Reports.java:47)
at framework.utils.Reports.reportStep(Reports.java:82)
at framework.core.ImplClass_SAF_V_0_2.takeSnap(ImplClass_SAF_V_0_2.java:456)
at framework.utils.Reports.reportStep(Reports.java:47)
at framework.utils.Reports.reportStep(Reports.java:82)
at framework.core.ImplClass_SAF_V_0_2.takeSnap(ImplClass_SAF_V_0_2.java:456)
at framework.utils.Reports.reportStep(Reports.java:47)
at framework.utils.Reports.reportStep(Reports.java:82)
at framework.core.ImplClass_SAF_V_0_2.takeSnap(ImplClass_SAF_V_0_2.java:456)
at framework.utils.Reports.reportStep(Reports.java:47)
at framework.utils.Reports.reportStep(Reports.java:82)
at framework.core.ImplClass_SAF_V_0_2.takeSnap(ImplClass_SAF_V_0_2.java:456)
at framework.utils.Reports.reportStep(Reports.java:47)
at framework.utils.Reports.reportStep(Reports.java:82)
at framework.core.ImplClass_SAF_V_0_2.takeSnap(ImplClass_SAF_V_0_2.java:456)
at framework.utils.Reports.reportStep(Reports.java:47)
at framework.utils.Reports.reportStep(Reports.java:82)
at framework.core.ImplClass_SAF_V_0_2.takeSnap(ImplClass_SAF_V_0_2.java:456)
at framework.utils.Reports.reportStep(Reports.java:47)
at framework.utils.Reports.reportStep(Reports.java:82)
at framework.core.ImplClass_SAF_V_0_2.takeSnap(ImplClass_SAF_V_0_2.java:456)
at framework.utils.Reports.reportStep(Reports.java:47)
at framework.utils.Reports.reportStep(Reports.java:82)
at framework.core.ImplClass_SAF_V_0_2.takeSnap(ImplClass_SAF_V_0_2.java:456)
at framework.utils.Reports.reportStep(Reports.java:47)
at framework.utils.Reports.reportStep(Reports.java:82)
at framework.core.ImplClass_SAF_V_0_2.takeSnap(ImplClass_SAF_V_0_2.java:456)
at framework.utils.Reports.reportStep(Reports.java:47)
at framework.utils.Reports.reportStep(Reports.java:82)
at framework.core.ImplClass_SAF_V_0_2.takeSnap(ImplClass_SAF_V_0_2.java:456)
at framework.utils.Reports.reportStep(Reports.java:47)
at framework.utils.Reports.reportStep(Reports.java:82)
at framework.core.ImplClass_SAF_V_0_2.takeSnap(ImplClass_SAF_V_0_2.java:456)
at framework.utils.Reports.reportStep(Reports.java:47)
at framework.utils.Reports.reportStep(Reports.java:82)
at framework.core.ImplClass_SAF_V_0_2.takeSnap(ImplClass_SAF_V_0_2.java:456)
at framework.utils.Reports.reportStep(Reports.java:47)
at framework.utils.Reports.reportStep(Reports.java:82)
at framework.core.ImplClass_SAF_V_0_2.takeSnap(ImplClass_SAF_V_0_2.java:456)
at framework.utils.Reports.reportStep(Reports.java:47)
at framework.utils.Reports.reportStep(Reports.java:82)
at framework.core.ImplClass_SAF_V_0_2.takeSnap(ImplClass_SAF_V_0_2.java:456)
at framework.utils.Reports.reportStep(Reports.java:47)
at framework.utils.Reports.reportStep(Reports.java:82)
at framework.core.ImplClass_SAF_V_0_2.takeSnap(ImplClass_SAF_V_0_2.java:456)
at framework.utils.Reports.reportStep(Reports.java:47)
at framework.utils.Reports.reportStep(Reports.java:82)
at framework.core.ImplClass_SAF_V_0_2.takeSnap(ImplClass_SAF_V_0_2.java:456)
at framework.utils.Reports.reportStep(Reports.java:47)
at framework.utils.Reports.reportStep(Reports.java:82)
at framework.core.ImplClass_SAF_V_0_2.takeSnap(ImplClass_SAF_V_0_2.java:456)
at framework.utils.Reports.reportStep(Reports.java:47)
at framework.utils.Reports.reportStep(Reports.java:82)
at framework.core.ImplClass_SAF_V_0_2.takeSnap(ImplClass_SAF_V_0_2.java:456)
at framework.utils.Reports.reportStep(Reports.java:47)
at framework.utils.Reports.reportStep(Reports.java:82)
at framework.core.ImplClass_SAF_V_0_2.takeSnap(ImplClass_SAF_V_0_2.java:456)
at framework.utils.Reports.reportStep(Reports.java:47)
at framework.utils.Reports.reportStep(Reports.java:82)
at framework.core.ImplClass_SAF_V_0_2.takeSnap(ImplClass_SAF_V_0_2.java:456)
at framework.utils.Reports.reportStep(Reports.java:47)
at framework.utils.Reports.reportStep(Reports.java:82)
at framework.core.ImplClass_SAF_V_0_2.takeSnap(ImplClass_SAF_V_0_2.java:456)
at framework.utils.Reports.reportStep(Reports.java:47)
at framework.utils.Reports.reportStep(Reports.java:82)
at framework.core.ImplClass_SAF_V_0_2.takeSnap(ImplClass_SAF_V_0_2.java:456)
at framework.utils.Reports.reportStep(Reports.java:47)
at framework.utils.Reports.reportStep(Reports.java:82)
at framework.core.ImplClass_SAF_V_0_2.takeSnap(ImplClass_SAF_V_0_2.java:456)
at framework.utils.Reports.reportStep(Reports.java:47)
at framework.utils.Reports.reportStep(Reports.java:82)
at framework.core.ImplClass_SAF_V_0_2.takeSnap(ImplClass_SAF_V_0_2.java:456)
at framework.utils.Reports.reportStep(Reports.java:47)
at framework.utils.Reports.reportStep(Reports.java:82)
at framework.core.ImplClass_SAF_V_0_2.takeSnap(ImplClass_SAF_V_0_2.java:456)
at framework.utils.Reports.reportStep(Reports.java:47)
at framework.utils.Reports.reportStep(Reports.java:82)
at framework.core.ImplClass_SAF_V_0_2.takeSnap(ImplClass_SAF_V_0_2.java:456)
at framework.utils.Reports.reportStep(Reports.java:47)
at framework.utils.Reports.reportStep(Reports.java:82)
at framework.core.ImplClass_SAF_V_0_2.takeSnap(ImplClass_SAF_V_0_2.java:456)
at framework.utils.Reports.reportStep(Reports.java:47)
at framework.utils.Reports.reportStep(Reports.java:82)
at framework.core.ImplClass_SAF_V_0_2.takeSnap(ImplClass_SAF_V_0_2.java:456)
at framework.utils.Reports.reportStep(Reports.java:47)
at framework.utils.Reports.reportStep(Reports.java:82)
at framework.core.ImplClass_SAF_V_0_2.takeSnap(ImplClass_SAF_V_0_2.java:456)
at framework.utils.Reports.reportStep(Reports.java:47)
at framework.utils.Reports.reportStep(Reports.java:82)
at framework.core.ImplClass_SAF_V_0_2.takeSnap(ImplClass_SAF_V_0_2.java:456)
at framework.utils.Reports.reportStep(Reports.java:47)
at framework.utils.Reports.reportStep(Reports.java:82)
at framework.core.ImplClass_SAF_V_0_2.takeSnap(ImplClass_SAF_V_0_2.java:456)
at framework.utils.Reports.reportStep(Reports.java:47)
at framework.utils.Reports.reportStep(Reports.java:82)
at framework.core.ImplClass_SAF_V_0_2.takeSnap(ImplClass_SAF_V_0_2.java:456)
at framework.utils.Reports.reportStep(Reports.java:47)
at framework.utils.Reports.reportStep(Reports.java:82)
at framework.core.ImplClass_SAF_V_0_2.takeSnap(ImplClass_SAF_V_0_2.java:456)
at framework.utils.Reports.reportStep(Reports.java:47)
at framework.utils.Reports.reportStep(Reports.java:82)
at framework.core.ImplClass_SAF_V_0_2.takeSnap(ImplClass_SAF_V_0_2.java:456)
at framework.utils.Reports.reportStep(Reports.java:47)
at framework.utils.Reports.reportStep(Reports.java:82)
at framework.core.ImplClass_SAF_V_0_2.takeSnap(ImplClass_SAF_V_0_2.java:456)
at framework.utils.Reports.reportStep(Reports.java:47)
at framework.utils.Reports.reportStep(Reports.java:82)
at framework.core.ImplClass_SAF_V_0_2.takeSnap(ImplClass_SAF_V_0_2.java:456)
at framework.utils.Reports.reportStep(Reports.java:47)
at framework.utils.Reports.reportStep(Reports.java:82)
at framework.core.ImplClass_SAF_V_0_2.takeSnap(ImplClass_SAF_V_0_2.java:456)
at framework.utils.Reports.reportStep(Reports.java:47)
at framework.utils.Reports.reportStep(Reports.java:82)
at framework.core.ImplClass_SAF_V_0_2.takeSnap(ImplClass_SAF_V_0_2.java:456)
at framework.utils.Reports.reportStep(Reports.java:47)
at framework.utils.Reports.reportStep(Reports.java:82)
at framework.core.ImplClass_SAF_V_0_2.takeSnap(ImplClass_SAF_V_0_2.java:456)
at framework.utils.Reports.reportStep(Reports.java:47)
at framework.utils.Reports.reportStep(Reports.java:82)
at framework.core.ImplClass_SAF_V_0_2.takeSnap(ImplClass_SAF_V_0_2.java:456)
at framework.utils.Reports.reportStep(Reports.java:47)
at framework.utils.Reports.reportStep(Reports.java:82)
at framework.core.ImplClass_SAF_V_0_2.takeSnap(ImplClass_SAF_V_0_2.java:456)
at framework.utils.Reports.reportStep(Reports.java:47)
at framework.utils.Reports.reportStep(Reports.java:82)
at framework.core.ImplClass_SAF_V_0_2.takeSnap(ImplClass_SAF_V_0_2.java:456)
at framework.utils.Reports.reportStep(Reports.java:47)
at framework.utils.Reports.reportStep(Reports.java:82)
at framework.core.ImplClass_SAF_V_0_2.takeSnap(ImplClass_SAF_V_0_2.java:456)
at framework.utils.Reports.reportStep(Reports.java:47)
at framework.utils.Reports.reportStep(Reports.java:82)
at framework.core.ImplClass_SAF_V_0_2.takeSnap(ImplClass_SAF_V_0_2.java:456)
at framework.utils.Reports.reportStep(Reports.java:47)
at framework.utils.Reports.reportStep(Reports.java:82)
at framework.core.ImplClass_SAF_V_0_2.takeSnap(ImplClass_SAF_V_0_2.java:456)
at framework.utils.Reports.reportStep(Reports.java:47)
at framework.utils.Reports.reportStep(Reports.java:82)
at framework.core.ImplClass_SAF_V_0_2.takeSnap(ImplClass_SAF_V_0_2.java:456)
at framework.utils.Reports.reportStep(Reports.java:47)
at framework.utils.Reports.reportStep(Reports.java:82)
at framework.core.ImplClass_SAF_V_0_2.takeSnap(ImplClass_SAF_V_0_2.java:456)
at framework.utils.Reports.reportStep(Reports.java:47)
at framework.utils.Reports.reportStep(Reports.java:82)
at framework.core.ImplClass_SAF_V_0_2.takeSnap(ImplClass_SAF_V_0_2.java:456)
at framework.utils.Reports.reportStep(Reports.java:47)
at framework.utils.Reports.reportStep(Reports.java:82)
at framework.core.ImplClass_SAF_V_0_2.takeSnap(ImplClass_SAF_V_0_2.java:456)
at framework.utils.Reports.reportStep(Reports.java:47)
at framework.utils.Reports.reportStep(Reports.java:82)
at framework.core.ImplClass_SAF_V_0_2.takeSnap(ImplClass_SAF_V_0_2.java:456)
at framework.utils.Reports.reportStep(Reports.java:47)
at framework.utils.Reports.reportStep(Reports.java:82)
at framework.core.ImplClass_SAF_V_0_2.takeSnap(ImplClass_SAF_V_0_2.java:456)
at framework.utils.Reports.reportStep(Reports.java:47)
at framework.utils.Reports.reportStep(Reports.java:82)
at framework.core.ImplClass_SAF_V_0_2.takeSnap(ImplClass_SAF_V_0_2.java:456)
at framework.utils.Reports.reportStep(Reports.java:47)
at framework.utils.Reports.reportStep(Reports.java:82)
at framework.core.ImplClass_SAF_V_0_2.takeSnap(ImplClass_SAF_V_0_2.java:456)
at framework.utils.Reports.reportStep(Reports.java:47)
at framework.utils.Reports.reportStep(Reports.java:82)
at framework.core.ImplClass_SAF_V_0_2.takeSnap(ImplClass_SAF_V_0_2.java:456)
at framework.utils.Reports.reportStep(Reports.java:47)
at framework.utils.Reports.reportStep(Reports.java:82)
at framework.core.ImplClass_SAF_V_0_2.takeSnap(ImplClass_SAF_V_0_2.java:456)
at framework.utils.Reports.reportStep(Reports.java:47)
at framework.utils.Reports.reportStep(Reports.java:82)
at framework.core.ImplClass_SAF_V_0_2.takeSnap(ImplClass_SAF_V_0_2.java:456)
at framework.utils.Reports.reportStep(Reports.java:47)
at framework.utils.Reports.reportStep(Reports.java:82)
at framework.core.ImplClass_SAF_V_0_2.takeSnap(ImplClass_SAF_V_0_2.java:456)
at framework.utils.Reports.reportStep(Reports.java:47)
at framework.utils.Reports.reportStep(Reports.java:82)
at framework.core.ImplClass_SAF_V_0_2.takeSnap(ImplClass_SAF_V_0_2.java:456)
at framework.utils.Reports.reportStep(Reports.java:47)
at framework.utils.Reports.reportStep(Reports.java:82)
at framework.core.ImplClass_SAF_V_0_2.takeSnap(ImplClass_SAF_V_0_2.java:456)
at framework.utils.Reports.reportStep(Reports.java:47)
at framework.utils.Reports.reportStep(Reports.java:82)
at framework.core.ImplClass_SAF_V_0_2.takeSnap(ImplClass_SAF_V_0_2.java:456)
at framework.utils.Reports.reportStep(Reports.java:47)
at framework.utils.Reports.reportStep(Reports.java:82)
at framework.core.ImplClass_SAF_V_0_2.takeSnap(ImplClass_SAF_V_0_2.java:456)
at framework.utils.Reports.reportStep(Reports.java:47)
at framework.utils.Reports.reportStep(Reports.java:82)
at framework.core.ImplClass_SAF_V_0_2.takeSnap(ImplClass_SAF_V_0_2.java:456)
at framework.utils.Reports.reportStep(Reports.java:47)
at framework.utils.Reports.reportStep(Reports.java:82)
at framework.core.ImplClass_SAF_V_0_2.takeSnap(ImplClass_SAF_V_0_2.java:456)
at framework.utils.Reports.reportStep(Reports.java:47)
at framework.utils.Reports.reportStep(Reports.java:82)
at framework.core.ImplClass_SAF_V_0_2.takeSnap(ImplClass_SAF_V_0_2.java:456)
at framework.utils.Reports.reportStep(Reports.java:47)
at framework.utils.Reports.reportStep(Reports.java:82)
at framework.core.ImplClass_SAF_V_0_2.takeSnap(ImplClass_SAF_V_0_2.java:456)
at framework.utils.Reports.reportStep(Reports.java:47)
at framework.utils.Reports.reportStep(Reports.java:82)
at framework.core.ImplClass_SAF_V_0_2.takeSnap(ImplClass_SAF_V_0_2.java:456)
at framework.utils.Reports.reportStep(Reports.java:47)
at framework.utils.Reports.reportStep(Reports.java:82)
at framework.core.ImplClass_SAF_V_0_2.takeSnap(ImplClass_SAF_V_0_2.java:456)
at framework.utils.Reports.reportStep(Reports.java:47)
at framework.utils.Reports.reportStep(Reports.java:82)
at framework.core.ImplClass_SAF_V_0_2.takeSnap(ImplClass_SAF_V_0_2.java:456)
at framework.utils.Reports.reportStep(Reports.java:47)
at framework.utils.Reports.reportStep(Reports.java:82)
at framework.core.ImplClass_SAF_V_0_2.takeSnap(ImplClass_SAF_V_0_2.java:456)
at framework.utils.Reports.reportStep(Reports.java:47)
at framework.utils.Reports.reportStep(Reports.java:82)
at framework.core.ImplClass_SAF_V_0_2.takeSnap(ImplClass_SAF_V_0_2.java:456)
at framework.utils.Reports.reportStep(Reports.java:47)
at framework.utils.Reports.reportStep(Reports.java:82)
at framework.core.ImplClass_SAF_V_0_2.takeSnap(ImplClass_SAF_V_0_2.java:456)
at framework.utils.Reports.reportStep(Reports.java:47)
at framework.utils.Reports.reportStep(Reports.java:82)
at framework.core.ImplClass_SAF_V_0_2.takeSnap(ImplClass_SAF_V_0_2.java:456)
at framework.utils.Reports.reportStep(Reports.java:47)
at framework.utils.Reports.reportStep(Reports.java:82)
at framework.core.ImplClass_SAF_V_0_2.takeSnap(ImplClass_SAF_V_0_2.java:456)
at framework.utils.Reports.reportStep(Reports.java:47)
at framework.utils.Reports.reportStep(Reports.java:82)
at framework.core.ImplClass_SAF_V_0_2.takeSnap(ImplClass_SAF_V_0_2.java:456)
at framework.utils.Reports.reportStep(Reports.java:47)
at framework.utils.Reports.reportStep(Reports.java:82)
at framework.core.ImplClass_SAF_V_0_2.takeSnap(ImplClass_SAF_V_0_2.java:456)
at framework.utils.Reports.reportStep(Reports.java:47)
at framework.utils.Reports.reportStep(Reports.java:82)
at framework.core.ImplClass_SAF_V_0_2.takeSnap(ImplClass_SAF_V_0_2.java:456)
at framework.utils.Reports.reportStep(Reports.java:47)
at framework.utils.Reports.reportStep(Reports.java:82)
at framework.core.ImplClass_SAF_V_0_2.takeSnap(ImplClass_SAF_V_0_2.java:456)
at framework.utils.Reports.reportStep(Reports.java:47)
at framework.utils.Reports.reportStep(Reports.java:82)
at framework.core.ImplClass_SAF_V_0_2.takeSnap(ImplClass_SAF_V_0_2.java:456)
at framework.utils.Reports.reportStep(Reports.java:47)
at framework.utils.Reports.reportStep(Reports.java:82)
at framework.core.ImplClass_SAF_V_0_2.takeSnap(ImplClass_SAF_V_0_2.java:456)
at framework.utils.Reports.reportStep(Reports.java:47)
at framework.utils.Reports.reportStep(Reports.java:82)
at framework.core.ImplClass_SAF_V_0_2.takeSnap(ImplClass_SAF_V_0_2.java:456)
at framework.utils.Reports.reportStep(Reports.java:47)
at framework.utils.Reports.reportStep(Reports.java:82)
at framework.core.ImplClass_SAF_V_0_2.takeSnap(ImplClass_SAF_V_0_2.java:456)
at framework.utils.Reports.reportStep(Reports.java:47)
at framework.utils.Reports.reportStep(Reports.java:82)
at framework.core.ImplClass_SAF_V_0_2.takeSnap(ImplClass_SAF_V_0_2.java:456)
at framework.utils.Reports.reportStep(Reports.java:47)
at framework.utils.Reports.reportStep(Reports.java:82)
at framework.core.ImplClass_SAF_V_0_2.takeSnap(ImplClass_SAF_V_0_2.java:456)
at framework.utils.Reports.reportStep(Reports.java:47)
at framework.utils.Reports.reportStep(Reports.java:82)
at framework.core.ImplClass_SAF_V_0_2.takeSnap(ImplClass_SAF_V_0_2.java:456)
at framework.utils.Reports.reportStep(Reports.java:47)
at framework.utils.Reports.reportStep(Reports.java:82)
at framework.core.ImplClass_SAF_V_0_2.takeSnap(ImplClass_SAF_V_0_2.java:456)
at framework.utils.Reports.reportStep(Reports.java:47)
at framework.utils.Reports.reportStep(Reports.java:82)
at framework.core.ImplClass_SAF_V_0_2.takeSnap(ImplClass_SAF_V_0_2.java:456)
at framework.utils.Reports.reportStep(Reports.java:47)
at framework.utils.Reports.reportStep(Reports.java:82)
at framework.core.ImplClass_SAF_V_0_2.takeSnap(ImplClass_SAF_V_0_2.java:456)
at framework.utils.Reports.reportStep(Reports.java:47)
at framework.utils.Reports.reportStep(Reports.java:82)
at framework.core.ImplClass_SAF_V_0_2.takeSnap(ImplClass_SAF_V_0_2.java:456)
at framework.utils.Reports.reportStep(Reports.java:47)
at framework.utils.Reports.reportStep(Reports.java:82)
at framework.core.ImplClass_SAF_V_0_2.takeSnap(ImplClass_SAF_V_0_2.java:456)
at framework.utils.Reports.reportStep(Reports.java:47)
at framework.utils.Reports.reportStep(Reports.java:82)
at framework.core.ImplClass_SAF_V_0_2.takeSnap(ImplClass_SAF_V_0_2.java:456)
at framework.utils.Reports.reportStep(Reports.java:47)
at framework.utils.Reports.reportStep(Reports.java:82)
at framework.core.ImplClass_SAF_V_0_2.takeSnap(ImplClass_SAF_V_0_2.java:456)
at framework.utils.Reports.reportStep(Reports.java:47)
at framework.utils.Reports.reportStep(Reports.java:82)
at framework.core.ImplClass_SAF_V_0_2.takeSnap(ImplClass_SAF_V_0_2.java:456)
at framework.utils.Reports.reportStep(Reports.java:47)
at framework.utils.Reports.reportStep(Reports.java:82)
at framework.core.ImplClass_SAF_V_0_2.takeSnap(ImplClass_SAF_V_0_2.java:456)
at framework.utils.Reports.reportStep(Reports.java:47)
at framework.utils.Reports.reportStep(Reports.java:82)
at framework.core.ImplClass_SAF_V_0_2.takeSnap(ImplClass_SAF_V_0_2.java:456)
at framework.utils.Reports.reportStep(Reports.java:47)
at framework.utils.Reports.reportStep(Reports.java:82)
at framework.core.ImplClass_SAF_V_0_2.takeSnap(ImplClass_SAF_V_0_2.java:456)
at framework.utils.Reports.reportStep(Reports.java:47)
at framework.utils.Reports.reportStep(Reports.java:82)
at framework.core.ImplClass_SAF_V_0_2.takeSnap(ImplClass_SAF_V_0_2.java:456)
at framework.utils.Reports.reportStep(Reports.java:47)
at framework.utils.Reports.reportStep(Reports.java:82)
at framework.core.ImplClass_SAF_V_0_2.takeSnap(ImplClass_SAF_V_0_2.java:456)
at framework.utils.Reports.reportStep(Reports.java:47)
at framework.utils.Reports.reportStep(Reports.java:82)
at framework.core.ImplClass_SAF_V_0_2.takeSnap(ImplClass_SAF_V_0_2.java:456)
at framework.utils.Reports.reportStep(Reports.java:47)
at framework.utils.Reports.reportStep(Reports.java:82)
at framework.core.ImplClass_SAF_V_0_2.takeSnap(ImplClass_SAF_V_0_2.java:456)
at framework.utils.Reports.reportStep(Reports.java:47)
at framework.utils.Reports.reportStep(Reports.java:82)
at framework.core.ImplClass_SAF_V_0_2.takeSnap(ImplClass_SAF_V_0_2.java:456)
at framework.utils.Reports.reportStep(Reports.java:47)
at framework.utils.Reports.reportStep(Reports.java:82)
at framework.core.ImplClass_SAF_V_0_2.takeSnap(ImplClass_SAF_V_0_2.java:456)
at framework.utils.Reports.reportStep(Reports.java:47)
at framework.utils.Reports.reportStep(Reports.java:82)
at framework.core.ImplClass_SAF_V_0_2.takeSnap(ImplClass_SAF_V_0_2.java:456)
at framework.utils.Reports.reportStep(Reports.java:47)
at framework.utils.Reports.reportStep(Reports.java:82)
at framework.core.ImplClass_SAF_V_0_2.takeSnap(ImplClass_SAF_V_0_2.java:456)
at framework.utils.Reports.reportStep(Reports.java:47)
at framework.utils.Reports.reportStep(Reports.java:82)
at framework.core.ImplClass_SAF_V_0_2.takeSnap(ImplClass_SAF_V_0_2.java:456)
at framework.utils.Reports.reportStep(Reports.java:47)
at framework.utils.Reports.reportStep(Reports.java:82)
at framework.core.ImplClass_SAF_V_0_2.takeSnap(ImplClass_SAF_V_0_2.java:456)
at framework.utils.Reports.reportStep(Reports.java:47)
at framework.utils.Reports.reportStep(Reports.java:82)
at framework.core.ImplClass_SAF_V_0_2.takeSnap(ImplClass_SAF_V_0_2.java:456)
at framework.utils.Reports.reportStep(Reports.java:47)
at framework.utils.Reports.reportStep(Reports.java:82)
at framework.core.ImplClass_SAF_V_0_2.takeSnap(ImplClass_SAF_V_0_2.java:456)
at framework.utils.Reports.reportStep(Reports.java:47)
at framework.utils.Reports.reportStep(Reports.java:82)
at framework.core.ImplClass_SAF_V_0_2.takeSnap(ImplClass_SAF_V_0_2.java:456)
at framework.utils.Reports.reportStep(Reports.java:47)
at framework.utils.Reports.reportStep(Reports.java:82)
at framework.core.ImplClass_SAF_V_0_2.takeSnap(ImplClass_SAF_V_0_2.java:456)
at framework.utils.Reports.reportStep(Reports.java:47)
at framework.utils.Reports.reportStep(Reports.java:82)
at framework.core.ImplClass_SAF_V_0_2.takeSnap(ImplClass_SAF_V_0_2.java:456)
at framework.utils.Reports.reportStep(Reports.java:47)
at framework.utils.Reports.reportStep(Reports.java:82)
at framework.core.ImplClass_SAF_V_0_2.takeSnap(ImplClass_SAF_V_0_2.java:456)
at framework.utils.Reports.reportStep(Reports.java:47)
at framework.utils.Reports.reportStep(Reports.java:82)
at framework.core.ImplClass_SAF_V_0_2.takeSnap(ImplClass_SAF_V_0_2.java:456)
at framework.utils.Reports.reportStep(Reports.java:47)
at framework.utils.Reports.reportStep(Reports.java:82)
at framework.core.ImplClass_SAF_V_0_2.takeSnap(ImplClass_SAF_V_0_2.java:456)
at framework.utils.Reports.reportStep(Reports.java:47)
at framework.utils.Reports.reportStep(Reports.java:82)
at framework.core.ImplClass_SAF_V_0_2.takeSnap(ImplClass_SAF_V_0_2.java:456)
at framework.utils.Reports.reportStep(Reports.java:47)
at framework.utils.Reports.reportStep(Reports.java:82)
at framework.core.ImplClass_SAF_V_0_2.takeSnap(ImplClass_SAF_V_0_2.java:456)
at framework.utils.Reports.reportStep(Reports.java:47)
at framework.utils.Reports.reportStep(Reports.java:82)
at framework.core.ImplClass_SAF_V_0_2.takeSnap(ImplClass_SAF_V_0_2.java:456)
at framework.utils.Reports.reportStep(Reports.java:47)
at framework.utils.Reports.reportStep(Reports.java:82)
at framework.core.ImplClass_SAF_V_0_2.takeSnap(ImplClass_SAF_V_0_2.java:456)
at framework.utils.Reports.reportStep(Reports.java:47)
at framework.utils.Reports.reportStep(Reports.java:82)
at framework.core.ImplClass_SAF_V_0_2.takeSnap(ImplClass_SAF_V_0_2.java:456)
at framework.utils.Reports.reportStep(Reports.java:47)
at framework.utils.Reports.reportStep(Reports.java:82)
at framework.core.ImplClass_SAF_V_0_2.takeSnap(ImplClass_SAF_V_0_2.java:456)
at framework.utils.Reports.reportStep(Reports.java:47)
at framework.utils.Reports.reportStep(Reports.java:82)
at framework.core.ImplClass_SAF_V_0_2.takeSnap(ImplClass_SAF_V_0_2.java:456)
at framework.utils.Reports.reportStep(Reports.java:47)
at framework.utils.Reports.reportStep(Reports.java:82)
at framework.core.ImplClass_SAF_V_0_2.takeSnap(ImplClass_SAF_V_0_2.java:456)
at framework.utils.Reports.reportStep(Reports.java:47)
at framework.utils.Reports.reportStep(Reports.java:82)
at framework.core.ImplClass_SAF_V_0_2.takeSnap(ImplClass_SAF_V_0_2.java:456)
at framework.utils.Reports.reportStep(Reports.java:47)
at framework.utils.Reports.reportStep(Reports.java:82)
at framework.core.ImplClass_SAF_V_0_2.takeSnap(ImplClass_SAF_V_0_2.java:456)
at framework.utils.Reports.reportStep(Reports.java:47)
at framework.utils.Reports.reportStep(Reports.java:82)
at framework.core.ImplClass_SAF_V_0_2.takeSnap(ImplClass_SAF_V_0_2.java:456)
at framework.utils.Reports.reportStep(Reports.java:47)
at framework.utils.Reports.reportStep(Reports.java:82)
at framework.core.ImplClass_SAF_V_0_2.takeSnap(ImplClass_SAF_V_0_2.java:456)
at framework.utils.Reports.reportStep(Reports.java:47)
at framework.utils.Reports.reportStep(Reports.java:82)
at framework.core.ImplClass_SAF_V_0_2.takeSnap(ImplClass_SAF_V_0_2.java:456)
at framework.utils.Reports.reportStep(Reports.java:47)
at framework.utils.Reports.reportStep(Reports.java:82)
at framework.core.ImplClass_SAF_V_0_2.takeSnap(ImplClass_SAF_V_0_2.java:456)
at framework.utils.Reports.reportStep(Reports.java:47)
at framework.utils.Reports.reportStep(Reports.java:82)
at framework.core.ImplClass_SAF_V_0_2.takeSnap(ImplClass_SAF_V_0_2.java:456)
at framework.utils.Reports.reportStep(Reports.java:47)
at framework.utils.Reports.reportStep(Reports.java:82)
at framework.core.ImplClass_SAF_V_0_2.takeSnap(ImplClass_SAF_V_0_2.java:456)
at framework.utils.Reports.reportStep(Reports.java:47)
at framework.utils.Reports.reportStep(Reports.java:82)
at framework.core.ImplClass_SAF_V_0_2.takeSnap(ImplClass_SAF_V_0_2.java:456)
at framework.utils.Reports.reportStep(Reports.java:47)
at framework.utils.Reports.reportStep(Reports.java:82)
at framework.core.ImplClass_SAF_V_0_2.takeSnap(ImplClass_SAF_V_0_2.java:456)
at framework.utils.Reports.reportStep(Reports.java:47)
at framework.utils.Reports.reportStep(Reports.java:82)
at framework.core.ImplClass_SAF_V_0_2.takeSnap(ImplClass_SAF_V_0_2.java:456)
at framework.utils.Reports.reportStep(Reports.java:47)
at framework.utils.Reports.reportStep(Reports.java:82)
at framework.core.ImplClass_SAF_V_0_2.takeSnap(ImplClass_SAF_V_0_2.java:456)
at framework.utils.Reports.reportStep(Reports.java:47)
at framework.utils.Reports.reportStep(Reports.java:82)
at framework.core.ImplClass_SAF_V_0_2.takeSnap(ImplClass_SAF_V_0_2.java:456)
at framework.utils.Reports.reportStep(Reports.java:47)
at framework.utils.Reports.reportStep(Reports.java:82)
at framework.core.ImplClass_SAF_V_0_2.takeSnap(ImplClass_SAF_V_0_2.java:456)
at framework.utils.Reports.reportStep(Reports.java:47)
at framework.utils.Reports.reportStep(Reports.java:82)
at framework.core.ImplClass_SAF_V_0_2.takeSnap(ImplClass_SAF_V_0_2.java:456)
at framework.utils.Reports.reportStep(Reports.java:47)
at framework.utils.Reports.reportStep(Reports.java:82)
at framework.core.ImplClass_SAF_V_0_2.takeSnap(ImplClass_SAF_V_0_2.java:456)
at framework.utils.Reports.reportStep(Reports.java:47)
at framework.utils.Reports.reportStep(Reports.java:82)
at framework.core.ImplClass_SAF_V_0_2.takeSnap(ImplClass_SAF_V_0_2.java:456)
]]>
    </failure>
  </testcase> <!-- createGuestOrder -->
</testsuite> <!-- TC-7: FR - PWS - eShop -->
