<?xml version="1.0" encoding="UTF-8"?>
<!-- Generated by org.testng.reporters.JUnitXMLReporter -->
<testsuite hostname="Shashwat" ignored="0" name="TC-8: DE- DE- CWS - eShop" tests="3" failures="0" timestamp="2021-10-04T19:50:00 IST" time="342.708" errors="0">
  <testcase name="createGuestOrder" time="225.347" classname="framework.test.GuestOrder_PartyLite_AT_Smoke_TC11">
    <skipped/>
  </testcase> <!-- createGuestOrder -->
  <testcase name="createGuestOrder" time="272.74" classname="framework.test.GuestOrder_PartyLite_FR_PWS_Smoke_TC7">
    <skipped/>
  </testcase> <!-- createGuestOrder -->
  <testcase name="loggedInCustomerOrder" time="323.766" classname="framework.test.LoggedInCustomerOrder_PartyLite_Smoke_TC8"/>
</testsuite> <!-- TC-8: DE- DE- CWS - eShop -->
