<?xml version="1.0" encoding="UTF-8"?>
<!-- Generated by org.testng.reporters.JUnitXMLReporter -->
<testsuite ignored="0" hostname="DESKTOP-6AFPICQ" failures="2" tests="2" name="EShop_US" time="23.529" errors="0" timestamp="2021-06-22T16:06:32 IST">
  <testcase classname="framework.test.OnlineEnrollment_US_PartyLite" name="createGuestOrder" time="0.61">
    <failure type="java.lang.StackOverflowError">
      <![CDATA[java.lang.StackOverflowError
at framework.core.ImplClass_SAF_V_0_2.takeSnap(ImplClass_SAF_V_0_2.java:446)
at framework.utils.Reports.reportStep(Reports.java:47)
at framework.utils.Reports.reportStep(Reports.java:82)
at framework.core.ImplClass_SAF_V_0_2.takeSnap(ImplClass_SAF_V_0_2.java:456)
at framework.utils.Reports.reportStep(Reports.java:47)
at framework.utils.Reports.reportStep(Reports.java:82)
at framework.core.ImplClass_SAF_V_0_2.takeSnap(ImplClass_SAF_V_0_2.java:456)
at framework.utils.Reports.reportStep(Reports.java:47)
at framework.utils.Reports.reportStep(Reports.java:82)
at framework.core.ImplClass_SAF_V_0_2.takeSnap(ImplClass_SAF_V_0_2.java:456)
at framework.utils.Reports.reportStep(Reports.java:47)
at framework.utils.Reports.reportStep(Reports.java:82)
at framework.core.ImplClass_SAF_V_0_2.takeSnap(ImplClass_SAF_V_0_2.java:456)
at framework.utils.Reports.reportStep(Reports.java:47)
at framework.utils.Reports.reportStep(Reports.java:82)
at framework.core.ImplClass_SAF_V_0_2.takeSnap(ImplClass_SAF_V_0_2.java:456)
at framework.utils.Reports.reportStep(Reports.java:47)
at framework.utils.Reports.reportStep(Reports.java:82)
at framework.core.ImplClass_SAF_V_0_2.takeSnap(ImplClass_SAF_V_0_2.java:456)
at framework.utils.Reports.reportStep(Reports.java:47)
at framework.utils.Reports.reportStep(Reports.java:82)
at framework.core.ImplClass_SAF_V_0_2.takeSnap(ImplClass_SAF_V_0_2.java:456)
at framework.utils.Reports.reportStep(Reports.java:47)
at framework.utils.Reports.reportStep(Reports.java:82)
at framework.core.ImplClass_SAF_V_0_2.takeSnap(ImplClass_SAF_V_0_2.java:456)
at framework.utils.Reports.reportStep(Reports.java:47)
at framework.utils.Reports.reportStep(Reports.java:82)
at framework.core.ImplClass_SAF_V_0_2.takeSnap(ImplClass_SAF_V_0_2.java:456)
at framework.utils.Reports.reportStep(Reports.java:47)
at framework.utils.Reports.reportStep(Reports.java:82)
at framework.core.ImplClass_SAF_V_0_2.takeSnap(ImplClass_SAF_V_0_2.java:456)
at framework.utils.Reports.reportStep(Reports.java:47)
at framework.utils.Reports.reportStep(Reports.java:82)
at framework.core.ImplClass_SAF_V_0_2.takeSnap(ImplClass_SAF_V_0_2.java:456)
at framework.utils.Reports.reportStep(Reports.java:47)
at framework.utils.Reports.reportStep(Reports.java:82)
at framework.core.ImplClass_SAF_V_0_2.takeSnap(ImplClass_SAF_V_0_2.java:456)
at framework.utils.Reports.reportStep(Reports.java:47)
at framework.utils.Reports.reportStep(Reports.java:82)
at framework.core.ImplClass_SAF_V_0_2.takeSnap(ImplClass_SAF_V_0_2.java:456)
at framework.utils.Reports.reportStep(Reports.java:47)
at framework.utils.Reports.reportStep(Reports.java:82)
at framework.core.ImplClass_SAF_V_0_2.takeSnap(ImplClass_SAF_V_0_2.java:456)
at framework.utils.Reports.reportStep(Reports.java:47)
at framework.utils.Reports.reportStep(Reports.java:82)
at framework.core.ImplClass_SAF_V_0_2.takeSnap(ImplClass_SAF_V_0_2.java:456)
at framework.utils.Reports.reportStep(Reports.java:47)
at framework.utils.Reports.reportStep(Reports.java:82)
at framework.core.ImplClass_SAF_V_0_2.takeSnap(ImplClass_SAF_V_0_2.java:456)
at framework.utils.Reports.reportStep(Reports.java:47)
at framework.utils.Reports.reportStep(Reports.java:82)
at framework.core.ImplClass_SAF_V_0_2.takeSnap(ImplClass_SAF_V_0_2.java:456)
at framework.utils.Reports.reportStep(Reports.java:47)
at framework.utils.Reports.reportStep(Reports.java:82)
at framework.core.ImplClass_SAF_V_0_2.takeSnap(ImplClass_SAF_V_0_2.java:456)
at framework.utils.Reports.reportStep(Reports.java:47)
at framework.utils.Reports.reportStep(Reports.java:82)
at framework.core.ImplClass_SAF_V_0_2.takeSnap(ImplClass_SAF_V_0_2.java:456)
at framework.utils.Reports.reportStep(Reports.java:47)
at framework.utils.Reports.reportStep(Reports.java:82)
at framework.core.ImplClass_SAF_V_0_2.takeSnap(ImplClass_SAF_V_0_2.java:456)
at framework.utils.Reports.reportStep(Reports.java:47)
at framework.utils.Reports.reportStep(Reports.java:82)
at framework.core.ImplClass_SAF_V_0_2.takeSnap(ImplClass_SAF_V_0_2.java:456)
at framework.utils.Reports.reportStep(Reports.java:47)
at framework.utils.Reports.reportStep(Reports.java:82)
at framework.core.ImplClass_SAF_V_0_2.takeSnap(ImplClass_SAF_V_0_2.java:456)
at framework.utils.Reports.reportStep(Reports.java:47)
at framework.utils.Reports.reportStep(Reports.java:82)
at framework.core.ImplClass_SAF_V_0_2.takeSnap(ImplClass_SAF_V_0_2.java:456)
at framework.utils.Reports.reportStep(Reports.java:47)
at framework.utils.Reports.reportStep(Reports.java:82)
at framework.core.ImplClass_SAF_V_0_2.takeSnap(ImplClass_SAF_V_0_2.java:456)
at framework.utils.Reports.reportStep(Reports.java:47)
at framework.utils.Reports.reportStep(Reports.java:82)
at framework.core.ImplClass_SAF_V_0_2.takeSnap(ImplClass_SAF_V_0_2.java:456)
at framework.utils.Reports.reportStep(Reports.java:47)
at framework.utils.Reports.reportStep(Reports.java:82)
at framework.core.ImplClass_SAF_V_0_2.takeSnap(ImplClass_SAF_V_0_2.java:456)
at framework.utils.Reports.reportStep(Reports.java:47)
at framework.utils.Reports.reportStep(Reports.java:82)
at framework.core.ImplClass_SAF_V_0_2.takeSnap(ImplClass_SAF_V_0_2.java:456)
at framework.utils.Reports.reportStep(Reports.java:47)
at framework.utils.Reports.reportStep(Reports.java:82)
at framework.core.ImplClass_SAF_V_0_2.takeSnap(ImplClass_SAF_V_0_2.java:456)
at framework.utils.Reports.reportStep(Reports.java:47)
at framework.utils.Reports.reportStep(Reports.java:82)
at framework.core.ImplClass_SAF_V_0_2.takeSnap(ImplClass_SAF_V_0_2.java:456)
at framework.utils.Reports.reportStep(Reports.java:47)
at framework.utils.Reports.reportStep(Reports.java:82)
at framework.core.ImplClass_SAF_V_0_2.takeSnap(ImplClass_SAF_V_0_2.java:456)
at framework.utils.Reports.reportStep(Reports.java:47)
at framework.utils.Reports.reportStep(Reports.java:82)
at framework.core.ImplClass_SAF_V_0_2.takeSnap(ImplClass_SAF_V_0_2.java:456)
at framework.utils.Reports.reportStep(Reports.java:47)
at framework.utils.Reports.reportStep(Reports.java:82)
at framework.core.ImplClass_SAF_V_0_2.takeSnap(ImplClass_SAF_V_0_2.java:456)
at framework.utils.Reports.reportStep(Reports.java:47)
at framework.utils.Reports.reportStep(Reports.java:82)
at framework.core.ImplClass_SAF_V_0_2.takeSnap(ImplClass_SAF_V_0_2.java:456)
at framework.utils.Reports.reportStep(Reports.java:47)
at framework.utils.Reports.reportStep(Reports.java:82)
at framework.core.ImplClass_SAF_V_0_2.takeSnap(ImplClass_SAF_V_0_2.java:456)
at framework.utils.Reports.reportStep(Reports.java:47)
at framework.utils.Reports.reportStep(Reports.java:82)
at framework.core.ImplClass_SAF_V_0_2.takeSnap(ImplClass_SAF_V_0_2.java:456)
at framework.utils.Reports.reportStep(Reports.java:47)
at framework.utils.Reports.reportStep(Reports.java:82)
at framework.core.ImplClass_SAF_V_0_2.takeSnap(ImplClass_SAF_V_0_2.java:456)
at framework.utils.Reports.reportStep(Reports.java:47)
at framework.utils.Reports.reportStep(Reports.java:82)
at framework.core.ImplClass_SAF_V_0_2.takeSnap(ImplClass_SAF_V_0_2.java:456)
at framework.utils.Reports.reportStep(Reports.java:47)
at framework.utils.Reports.reportStep(Reports.java:82)
at framework.core.ImplClass_SAF_V_0_2.takeSnap(ImplClass_SAF_V_0_2.java:456)
at framework.utils.Reports.reportStep(Reports.java:47)
at framework.utils.Reports.reportStep(Reports.java:82)
at framework.core.ImplClass_SAF_V_0_2.takeSnap(ImplClass_SAF_V_0_2.java:456)
at framework.utils.Reports.reportStep(Reports.java:47)
at framework.utils.Reports.reportStep(Reports.java:82)
at framework.core.ImplClass_SAF_V_0_2.takeSnap(ImplClass_SAF_V_0_2.java:456)
at framework.utils.Reports.reportStep(Reports.java:47)
at framework.utils.Reports.reportStep(Reports.java:82)
at framework.core.ImplClass_SAF_V_0_2.takeSnap(ImplClass_SAF_V_0_2.java:456)
at framework.utils.Reports.reportStep(Reports.java:47)
at framework.utils.Reports.reportStep(Reports.java:82)
at framework.core.ImplClass_SAF_V_0_2.takeSnap(ImplClass_SAF_V_0_2.java:456)
at framework.utils.Reports.reportStep(Reports.java:47)
at framework.utils.Reports.reportStep(Reports.java:82)
at framework.core.ImplClass_SAF_V_0_2.takeSnap(ImplClass_SAF_V_0_2.java:456)
at framework.utils.Reports.reportStep(Reports.java:47)
at framework.utils.Reports.reportStep(Reports.java:82)
at framework.core.ImplClass_SAF_V_0_2.takeSnap(ImplClass_SAF_V_0_2.java:456)
at framework.utils.Reports.reportStep(Reports.java:47)
at framework.utils.Reports.reportStep(Reports.java:82)
at framework.core.ImplClass_SAF_V_0_2.takeSnap(ImplClass_SAF_V_0_2.java:456)
at framework.utils.Reports.reportStep(Reports.java:47)
at framework.utils.Reports.reportStep(Reports.java:82)
at framework.core.ImplClass_SAF_V_0_2.takeSnap(ImplClass_SAF_V_0_2.java:456)
at framework.utils.Reports.reportStep(Reports.java:47)
at framework.utils.Reports.reportStep(Reports.java:82)
at framework.core.ImplClass_SAF_V_0_2.takeSnap(ImplClass_SAF_V_0_2.java:456)
at framework.utils.Reports.reportStep(Reports.java:47)
at framework.utils.Reports.reportStep(Reports.java:82)
at framework.core.ImplClass_SAF_V_0_2.takeSnap(ImplClass_SAF_V_0_2.java:456)
at framework.utils.Reports.reportStep(Reports.java:47)
at framework.utils.Reports.reportStep(Reports.java:82)
at framework.core.ImplClass_SAF_V_0_2.takeSnap(ImplClass_SAF_V_0_2.java:456)
at framework.utils.Reports.reportStep(Reports.java:47)
at framework.utils.Reports.reportStep(Reports.java:82)
at framework.core.ImplClass_SAF_V_0_2.takeSnap(ImplClass_SAF_V_0_2.java:456)
at framework.utils.Reports.reportStep(Reports.java:47)
at framework.utils.Reports.reportStep(Reports.java:82)
at framework.core.ImplClass_SAF_V_0_2.takeSnap(ImplClass_SAF_V_0_2.java:456)
at framework.utils.Reports.reportStep(Reports.java:47)
at framework.utils.Reports.reportStep(Reports.java:82)
at framework.core.ImplClass_SAF_V_0_2.takeSnap(ImplClass_SAF_V_0_2.java:456)
at framework.utils.Reports.reportStep(Reports.java:47)
at framework.utils.Reports.reportStep(Reports.java:82)
at framework.core.ImplClass_SAF_V_0_2.takeSnap(ImplClass_SAF_V_0_2.java:456)
at framework.utils.Reports.reportStep(Reports.java:47)
at framework.utils.Reports.reportStep(Reports.java:82)
at framework.core.ImplClass_SAF_V_0_2.takeSnap(ImplClass_SAF_V_0_2.java:456)
at framework.utils.Reports.reportStep(Reports.java:47)
at framework.utils.Reports.reportStep(Reports.java:82)
at framework.core.ImplClass_SAF_V_0_2.takeSnap(ImplClass_SAF_V_0_2.java:456)
at framework.utils.Reports.reportStep(Reports.java:47)
at framework.utils.Reports.reportStep(Reports.java:82)
at framework.core.ImplClass_SAF_V_0_2.takeSnap(ImplClass_SAF_V_0_2.java:456)
at framework.utils.Reports.reportStep(Reports.java:47)
at framework.utils.Reports.reportStep(Reports.java:82)
at framework.core.ImplClass_SAF_V_0_2.takeSnap(ImplClass_SAF_V_0_2.java:456)
at framework.utils.Reports.reportStep(Reports.java:47)
at framework.utils.Reports.reportStep(Reports.java:82)
at framework.core.ImplClass_SAF_V_0_2.takeSnap(ImplClass_SAF_V_0_2.java:456)
at framework.utils.Reports.reportStep(Reports.java:47)
at framework.utils.Reports.reportStep(Reports.java:82)
at framework.core.ImplClass_SAF_V_0_2.takeSnap(ImplClass_SAF_V_0_2.java:456)
at framework.utils.Reports.reportStep(Reports.java:47)
at framework.utils.Reports.reportStep(Reports.java:82)
at framework.core.ImplClass_SAF_V_0_2.takeSnap(ImplClass_SAF_V_0_2.java:456)
at framework.utils.Reports.reportStep(Reports.java:47)
at framework.utils.Reports.reportStep(Reports.java:82)
at framework.core.ImplClass_SAF_V_0_2.takeSnap(ImplClass_SAF_V_0_2.java:456)
at framework.utils.Reports.reportStep(Reports.java:47)
at framework.utils.Reports.reportStep(Reports.java:82)
at framework.core.ImplClass_SAF_V_0_2.takeSnap(ImplClass_SAF_V_0_2.java:456)
at framework.utils.Reports.reportStep(Reports.java:47)
at framework.utils.Reports.reportStep(Reports.java:82)
at framework.core.ImplClass_SAF_V_0_2.takeSnap(ImplClass_SAF_V_0_2.java:456)
at framework.utils.Reports.reportStep(Reports.java:47)
at framework.utils.Reports.reportStep(Reports.java:82)
at framework.core.ImplClass_SAF_V_0_2.takeSnap(ImplClass_SAF_V_0_2.java:456)
at framework.utils.Reports.reportStep(Reports.java:47)
at framework.utils.Reports.reportStep(Reports.java:82)
at framework.core.ImplClass_SAF_V_0_2.takeSnap(ImplClass_SAF_V_0_2.java:456)
at framework.utils.Reports.reportStep(Reports.java:47)
at framework.utils.Reports.reportStep(Reports.java:82)
at framework.core.ImplClass_SAF_V_0_2.takeSnap(ImplClass_SAF_V_0_2.java:456)
at framework.utils.Reports.reportStep(Reports.java:47)
at framework.utils.Reports.reportStep(Reports.java:82)
at framework.core.ImplClass_SAF_V_0_2.takeSnap(ImplClass_SAF_V_0_2.java:456)
at framework.utils.Reports.reportStep(Reports.java:47)
at framework.utils.Reports.reportStep(Reports.java:82)
at framework.core.ImplClass_SAF_V_0_2.takeSnap(ImplClass_SAF_V_0_2.java:456)
at framework.utils.Reports.reportStep(Reports.java:47)
at framework.utils.Reports.reportStep(Reports.java:82)
at framework.core.ImplClass_SAF_V_0_2.takeSnap(ImplClass_SAF_V_0_2.java:456)
at framework.utils.Reports.reportStep(Reports.java:47)
at framework.utils.Reports.reportStep(Reports.java:82)
at framework.core.ImplClass_SAF_V_0_2.takeSnap(ImplClass_SAF_V_0_2.java:456)
at framework.utils.Reports.reportStep(Reports.java:47)
at framework.utils.Reports.reportStep(Reports.java:82)
at framework.core.ImplClass_SAF_V_0_2.takeSnap(ImplClass_SAF_V_0_2.java:456)
at framework.utils.Reports.reportStep(Reports.java:47)
at framework.utils.Reports.reportStep(Reports.java:82)
at framework.core.ImplClass_SAF_V_0_2.takeSnap(ImplClass_SAF_V_0_2.java:456)
at framework.utils.Reports.reportStep(Reports.java:47)
at framework.utils.Reports.reportStep(Reports.java:82)
at framework.core.ImplClass_SAF_V_0_2.takeSnap(ImplClass_SAF_V_0_2.java:456)
at framework.utils.Reports.reportStep(Reports.java:47)
at framework.utils.Reports.reportStep(Reports.java:82)
at framework.core.ImplClass_SAF_V_0_2.takeSnap(ImplClass_SAF_V_0_2.java:456)
at framework.utils.Reports.reportStep(Reports.java:47)
at framework.utils.Reports.reportStep(Reports.java:82)
at framework.core.ImplClass_SAF_V_0_2.takeSnap(ImplClass_SAF_V_0_2.java:456)
at framework.utils.Reports.reportStep(Reports.java:47)
at framework.utils.Reports.reportStep(Reports.java:82)
at framework.core.ImplClass_SAF_V_0_2.takeSnap(ImplClass_SAF_V_0_2.java:456)
at framework.utils.Reports.reportStep(Reports.java:47)
at framework.utils.Reports.reportStep(Reports.java:82)
at framework.core.ImplClass_SAF_V_0_2.takeSnap(ImplClass_SAF_V_0_2.java:456)
at framework.utils.Reports.reportStep(Reports.java:47)
at framework.utils.Reports.reportStep(Reports.java:82)
at framework.core.ImplClass_SAF_V_0_2.takeSnap(ImplClass_SAF_V_0_2.java:456)
at framework.utils.Reports.reportStep(Reports.java:47)
at framework.utils.Reports.reportStep(Reports.java:82)
at framework.core.ImplClass_SAF_V_0_2.takeSnap(ImplClass_SAF_V_0_2.java:456)
at framework.utils.Reports.reportStep(Reports.java:47)
at framework.utils.Reports.reportStep(Reports.java:82)
at framework.core.ImplClass_SAF_V_0_2.takeSnap(ImplClass_SAF_V_0_2.java:456)
at framework.utils.Reports.reportStep(Reports.java:47)
at framework.utils.Reports.reportStep(Reports.java:82)
at framework.core.ImplClass_SAF_V_0_2.takeSnap(ImplClass_SAF_V_0_2.java:456)
at framework.utils.Reports.reportStep(Reports.java:47)
at framework.utils.Reports.reportStep(Reports.java:82)
at framework.core.ImplClass_SAF_V_0_2.takeSnap(ImplClass_SAF_V_0_2.java:456)
at framework.utils.Reports.reportStep(Reports.java:47)
at framework.utils.Reports.reportStep(Reports.java:82)
at framework.core.ImplClass_SAF_V_0_2.takeSnap(ImplClass_SAF_V_0_2.java:456)
at framework.utils.Reports.reportStep(Reports.java:47)
at framework.utils.Reports.reportStep(Reports.java:82)
at framework.core.ImplClass_SAF_V_0_2.takeSnap(ImplClass_SAF_V_0_2.java:456)
at framework.utils.Reports.reportStep(Reports.java:47)
at framework.utils.Reports.reportStep(Reports.java:82)
at framework.core.ImplClass_SAF_V_0_2.takeSnap(ImplClass_SAF_V_0_2.java:456)
at framework.utils.Reports.reportStep(Reports.java:47)
at framework.utils.Reports.reportStep(Reports.java:82)
at framework.core.ImplClass_SAF_V_0_2.takeSnap(ImplClass_SAF_V_0_2.java:456)
at framework.utils.Reports.reportStep(Reports.java:47)
at framework.utils.Reports.reportStep(Reports.java:82)
at framework.core.ImplClass_SAF_V_0_2.takeSnap(ImplClass_SAF_V_0_2.java:456)
at framework.utils.Reports.reportStep(Reports.java:47)
at framework.utils.Reports.reportStep(Reports.java:82)
at framework.core.ImplClass_SAF_V_0_2.takeSnap(ImplClass_SAF_V_0_2.java:456)
at framework.utils.Reports.reportStep(Reports.java:47)
at framework.utils.Reports.reportStep(Reports.java:82)
at framework.core.ImplClass_SAF_V_0_2.takeSnap(ImplClass_SAF_V_0_2.java:456)
at framework.utils.Reports.reportStep(Reports.java:47)
at framework.utils.Reports.reportStep(Reports.java:82)
at framework.core.ImplClass_SAF_V_0_2.takeSnap(ImplClass_SAF_V_0_2.java:456)
at framework.utils.Reports.reportStep(Reports.java:47)
at framework.utils.Reports.reportStep(Reports.java:82)
at framework.core.ImplClass_SAF_V_0_2.takeSnap(ImplClass_SAF_V_0_2.java:456)
at framework.utils.Reports.reportStep(Reports.java:47)
at framework.utils.Reports.reportStep(Reports.java:82)
at framework.core.ImplClass_SAF_V_0_2.takeSnap(ImplClass_SAF_V_0_2.java:456)
at framework.utils.Reports.reportStep(Reports.java:47)
at framework.utils.Reports.reportStep(Reports.java:82)
at framework.core.ImplClass_SAF_V_0_2.takeSnap(ImplClass_SAF_V_0_2.java:456)
at framework.utils.Reports.reportStep(Reports.java:47)
at framework.utils.Reports.reportStep(Reports.java:82)
at framework.core.ImplClass_SAF_V_0_2.takeSnap(ImplClass_SAF_V_0_2.java:456)
at framework.utils.Reports.reportStep(Reports.java:47)
at framework.utils.Reports.reportStep(Reports.java:82)
at framework.core.ImplClass_SAF_V_0_2.takeSnap(ImplClass_SAF_V_0_2.java:456)
at framework.utils.Reports.reportStep(Reports.java:47)
at framework.utils.Reports.reportStep(Reports.java:82)
at framework.core.ImplClass_SAF_V_0_2.takeSnap(ImplClass_SAF_V_0_2.java:456)
at framework.utils.Reports.reportStep(Reports.java:47)
at framework.utils.Reports.reportStep(Reports.java:82)
at framework.core.ImplClass_SAF_V_0_2.takeSnap(ImplClass_SAF_V_0_2.java:456)
at framework.utils.Reports.reportStep(Reports.java:47)
at framework.utils.Reports.reportStep(Reports.java:82)
at framework.core.ImplClass_SAF_V_0_2.takeSnap(ImplClass_SAF_V_0_2.java:456)
at framework.utils.Reports.reportStep(Reports.java:47)
at framework.utils.Reports.reportStep(Reports.java:82)
at framework.core.ImplClass_SAF_V_0_2.takeSnap(ImplClass_SAF_V_0_2.java:456)
at framework.utils.Reports.reportStep(Reports.java:47)
at framework.utils.Reports.reportStep(Reports.java:82)
at framework.core.ImplClass_SAF_V_0_2.takeSnap(ImplClass_SAF_V_0_2.java:456)
at framework.utils.Reports.reportStep(Reports.java:47)
at framework.utils.Reports.reportStep(Reports.java:82)
at framework.core.ImplClass_SAF_V_0_2.takeSnap(ImplClass_SAF_V_0_2.java:456)
at framework.utils.Reports.reportStep(Reports.java:47)
at framework.utils.Reports.reportStep(Reports.java:82)
at framework.core.ImplClass_SAF_V_0_2.takeSnap(ImplClass_SAF_V_0_2.java:456)
at framework.utils.Reports.reportStep(Reports.java:47)
at framework.utils.Reports.reportStep(Reports.java:82)
at framework.core.ImplClass_SAF_V_0_2.takeSnap(ImplClass_SAF_V_0_2.java:456)
at framework.utils.Reports.reportStep(Reports.java:47)
at framework.utils.Reports.reportStep(Reports.java:82)
at framework.core.ImplClass_SAF_V_0_2.takeSnap(ImplClass_SAF_V_0_2.java:456)
at framework.utils.Reports.reportStep(Reports.java:47)
at framework.utils.Reports.reportStep(Reports.java:82)
at framework.core.ImplClass_SAF_V_0_2.takeSnap(ImplClass_SAF_V_0_2.java:456)
at framework.utils.Reports.reportStep(Reports.java:47)
at framework.utils.Reports.reportStep(Reports.java:82)
at framework.core.ImplClass_SAF_V_0_2.takeSnap(ImplClass_SAF_V_0_2.java:456)
at framework.utils.Reports.reportStep(Reports.java:47)
at framework.utils.Reports.reportStep(Reports.java:82)
at framework.core.ImplClass_SAF_V_0_2.takeSnap(ImplClass_SAF_V_0_2.java:456)
at framework.utils.Reports.reportStep(Reports.java:47)
at framework.utils.Reports.reportStep(Reports.java:82)
at framework.core.ImplClass_SAF_V_0_2.takeSnap(ImplClass_SAF_V_0_2.java:456)
at framework.utils.Reports.reportStep(Reports.java:47)
at framework.utils.Reports.reportStep(Reports.java:82)
at framework.core.ImplClass_SAF_V_0_2.takeSnap(ImplClass_SAF_V_0_2.java:456)
at framework.utils.Reports.reportStep(Reports.java:47)
at framework.utils.Reports.reportStep(Reports.java:82)
at framework.core.ImplClass_SAF_V_0_2.takeSnap(ImplClass_SAF_V_0_2.java:456)
at framework.utils.Reports.reportStep(Reports.java:47)
at framework.utils.Reports.reportStep(Reports.java:82)
at framework.core.ImplClass_SAF_V_0_2.takeSnap(ImplClass_SAF_V_0_2.java:456)
at framework.utils.Reports.reportStep(Reports.java:47)
at framework.utils.Reports.reportStep(Reports.java:82)
at framework.core.ImplClass_SAF_V_0_2.takeSnap(ImplClass_SAF_V_0_2.java:456)
at framework.utils.Reports.reportStep(Reports.java:47)
at framework.utils.Reports.reportStep(Reports.java:82)
at framework.core.ImplClass_SAF_V_0_2.takeSnap(ImplClass_SAF_V_0_2.java:456)
at framework.utils.Reports.reportStep(Reports.java:47)
at framework.utils.Reports.reportStep(Reports.java:82)
at framework.core.ImplClass_SAF_V_0_2.takeSnap(ImplClass_SAF_V_0_2.java:456)
at framework.utils.Reports.reportStep(Reports.java:47)
at framework.utils.Reports.reportStep(Reports.java:82)
at framework.core.ImplClass_SAF_V_0_2.takeSnap(ImplClass_SAF_V_0_2.java:456)
at framework.utils.Reports.reportStep(Reports.java:47)
at framework.utils.Reports.reportStep(Reports.java:82)
at framework.core.ImplClass_SAF_V_0_2.takeSnap(ImplClass_SAF_V_0_2.java:456)
at framework.utils.Reports.reportStep(Reports.java:47)
at framework.utils.Reports.reportStep(Reports.java:82)
at framework.core.ImplClass_SAF_V_0_2.takeSnap(ImplClass_SAF_V_0_2.java:456)
at framework.utils.Reports.reportStep(Reports.java:47)
at framework.utils.Reports.reportStep(Reports.java:82)
at framework.core.ImplClass_SAF_V_0_2.takeSnap(ImplClass_SAF_V_0_2.java:456)
at framework.utils.Reports.reportStep(Reports.java:47)
at framework.utils.Reports.reportStep(Reports.java:82)
at framework.core.ImplClass_SAF_V_0_2.takeSnap(ImplClass_SAF_V_0_2.java:456)
at framework.utils.Reports.reportStep(Reports.java:47)
at framework.utils.Reports.reportStep(Reports.java:82)
at framework.core.ImplClass_SAF_V_0_2.takeSnap(ImplClass_SAF_V_0_2.java:456)
at framework.utils.Reports.reportStep(Reports.java:47)
at framework.utils.Reports.reportStep(Reports.java:82)
at framework.core.ImplClass_SAF_V_0_2.takeSnap(ImplClass_SAF_V_0_2.java:456)
at framework.utils.Reports.reportStep(Reports.java:47)
at framework.utils.Reports.reportStep(Reports.java:82)
at framework.core.ImplClass_SAF_V_0_2.takeSnap(ImplClass_SAF_V_0_2.java:456)
at framework.utils.Reports.reportStep(Reports.java:47)
at framework.utils.Reports.reportStep(Reports.java:82)
at framework.core.ImplClass_SAF_V_0_2.takeSnap(ImplClass_SAF_V_0_2.java:456)
at framework.utils.Reports.reportStep(Reports.java:47)
at framework.utils.Reports.reportStep(Reports.java:82)
at framework.core.ImplClass_SAF_V_0_2.takeSnap(ImplClass_SAF_V_0_2.java:456)
at framework.utils.Reports.reportStep(Reports.java:47)
at framework.utils.Reports.reportStep(Reports.java:82)
at framework.core.ImplClass_SAF_V_0_2.takeSnap(ImplClass_SAF_V_0_2.java:456)
at framework.utils.Reports.reportStep(Reports.java:47)
at framework.utils.Reports.reportStep(Reports.java:82)
at framework.core.ImplClass_SAF_V_0_2.takeSnap(ImplClass_SAF_V_0_2.java:456)
at framework.utils.Reports.reportStep(Reports.java:47)
at framework.utils.Reports.reportStep(Reports.java:82)
at framework.core.ImplClass_SAF_V_0_2.takeSnap(ImplClass_SAF_V_0_2.java:456)
at framework.utils.Reports.reportStep(Reports.java:47)
at framework.utils.Reports.reportStep(Reports.java:82)
at framework.core.ImplClass_SAF_V_0_2.takeSnap(ImplClass_SAF_V_0_2.java:456)
at framework.utils.Reports.reportStep(Reports.java:47)
at framework.utils.Reports.reportStep(Reports.java:82)
at framework.core.ImplClass_SAF_V_0_2.takeSnap(ImplClass_SAF_V_0_2.java:456)
at framework.utils.Reports.reportStep(Reports.java:47)
at framework.utils.Reports.reportStep(Reports.java:82)
at framework.core.ImplClass_SAF_V_0_2.takeSnap(ImplClass_SAF_V_0_2.java:456)
at framework.utils.Reports.reportStep(Reports.java:47)
at framework.utils.Reports.reportStep(Reports.java:82)
at framework.core.ImplClass_SAF_V_0_2.takeSnap(ImplClass_SAF_V_0_2.java:456)
at framework.utils.Reports.reportStep(Reports.java:47)
at framework.utils.Reports.reportStep(Reports.java:82)
at framework.core.ImplClass_SAF_V_0_2.takeSnap(ImplClass_SAF_V_0_2.java:456)
at framework.utils.Reports.reportStep(Reports.java:47)
at framework.utils.Reports.reportStep(Reports.java:82)
at framework.core.ImplClass_SAF_V_0_2.takeSnap(ImplClass_SAF_V_0_2.java:456)
at framework.utils.Reports.reportStep(Reports.java:47)
at framework.utils.Reports.reportStep(Reports.java:82)
at framework.core.ImplClass_SAF_V_0_2.takeSnap(ImplClass_SAF_V_0_2.java:456)
at framework.utils.Reports.reportStep(Reports.java:47)
at framework.utils.Reports.reportStep(Reports.java:82)
at framework.core.ImplClass_SAF_V_0_2.takeSnap(ImplClass_SAF_V_0_2.java:456)
at framework.utils.Reports.reportStep(Reports.java:47)
at framework.utils.Reports.reportStep(Reports.java:82)
at framework.core.ImplClass_SAF_V_0_2.takeSnap(ImplClass_SAF_V_0_2.java:456)
at framework.utils.Reports.reportStep(Reports.java:47)
at framework.utils.Reports.reportStep(Reports.java:82)
at framework.core.ImplClass_SAF_V_0_2.takeSnap(ImplClass_SAF_V_0_2.java:456)
at framework.utils.Reports.reportStep(Reports.java:47)
at framework.utils.Reports.reportStep(Reports.java:82)
at framework.core.ImplClass_SAF_V_0_2.takeSnap(ImplClass_SAF_V_0_2.java:456)
at framework.utils.Reports.reportStep(Reports.java:47)
at framework.utils.Reports.reportStep(Reports.java:82)
at framework.core.ImplClass_SAF_V_0_2.takeSnap(ImplClass_SAF_V_0_2.java:456)
at framework.utils.Reports.reportStep(Reports.java:47)
at framework.utils.Reports.reportStep(Reports.java:82)
at framework.core.ImplClass_SAF_V_0_2.takeSnap(ImplClass_SAF_V_0_2.java:456)
at framework.utils.Reports.reportStep(Reports.java:47)
at framework.utils.Reports.reportStep(Reports.java:82)
at framework.core.ImplClass_SAF_V_0_2.takeSnap(ImplClass_SAF_V_0_2.java:456)
at framework.utils.Reports.reportStep(Reports.java:47)
at framework.utils.Reports.reportStep(Reports.java:82)
at framework.core.ImplClass_SAF_V_0_2.takeSnap(ImplClass_SAF_V_0_2.java:456)
at framework.utils.Reports.reportStep(Reports.java:47)
at framework.utils.Reports.reportStep(Reports.java:82)
at framework.core.ImplClass_SAF_V_0_2.takeSnap(ImplClass_SAF_V_0_2.java:456)
at framework.utils.Reports.reportStep(Reports.java:47)
at framework.utils.Reports.reportStep(Reports.java:82)
at framework.core.ImplClass_SAF_V_0_2.takeSnap(ImplClass_SAF_V_0_2.java:456)
at framework.utils.Reports.reportStep(Reports.java:47)
at framework.utils.Reports.reportStep(Reports.java:82)
at framework.core.ImplClass_SAF_V_0_2.takeSnap(ImplClass_SAF_V_0_2.java:456)
at framework.utils.Reports.reportStep(Reports.java:47)
at framework.utils.Reports.reportStep(Reports.java:82)
at framework.core.ImplClass_SAF_V_0_2.takeSnap(ImplClass_SAF_V_0_2.java:456)
at framework.utils.Reports.reportStep(Reports.java:47)
at framework.utils.Reports.reportStep(Reports.java:82)
at framework.core.ImplClass_SAF_V_0_2.takeSnap(ImplClass_SAF_V_0_2.java:456)
at framework.utils.Reports.reportStep(Reports.java:47)
at framework.utils.Reports.reportStep(Reports.java:82)
at framework.core.ImplClass_SAF_V_0_2.takeSnap(ImplClass_SAF_V_0_2.java:456)
at framework.utils.Reports.reportStep(Reports.java:47)
at framework.utils.Reports.reportStep(Reports.java:82)
at framework.core.ImplClass_SAF_V_0_2.takeSnap(ImplClass_SAF_V_0_2.java:456)
at framework.utils.Reports.reportStep(Reports.java:47)
at framework.utils.Reports.reportStep(Reports.java:82)
at framework.core.ImplClass_SAF_V_0_2.takeSnap(ImplClass_SAF_V_0_2.java:456)
at framework.utils.Reports.reportStep(Reports.java:47)
at framework.utils.Reports.reportStep(Reports.java:82)
at framework.core.ImplClass_SAF_V_0_2.takeSnap(ImplClass_SAF_V_0_2.java:456)
at framework.utils.Reports.reportStep(Reports.java:47)
at framework.utils.Reports.reportStep(Reports.java:82)
at framework.core.ImplClass_SAF_V_0_2.takeSnap(ImplClass_SAF_V_0_2.java:456)
at framework.utils.Reports.reportStep(Reports.java:47)
at framework.utils.Reports.reportStep(Reports.java:82)
at framework.core.ImplClass_SAF_V_0_2.takeSnap(ImplClass_SAF_V_0_2.java:456)
at framework.utils.Reports.reportStep(Reports.java:47)
at framework.utils.Reports.reportStep(Reports.java:82)
at framework.core.ImplClass_SAF_V_0_2.takeSnap(ImplClass_SAF_V_0_2.java:456)
at framework.utils.Reports.reportStep(Reports.java:47)
at framework.utils.Reports.reportStep(Reports.java:82)
at framework.core.ImplClass_SAF_V_0_2.takeSnap(ImplClass_SAF_V_0_2.java:456)
at framework.utils.Reports.reportStep(Reports.java:47)
at framework.utils.Reports.reportStep(Reports.java:82)
at framework.core.ImplClass_SAF_V_0_2.takeSnap(ImplClass_SAF_V_0_2.java:456)
at framework.utils.Reports.reportStep(Reports.java:47)
at framework.utils.Reports.reportStep(Reports.java:82)
at framework.core.ImplClass_SAF_V_0_2.takeSnap(ImplClass_SAF_V_0_2.java:456)
at framework.utils.Reports.reportStep(Reports.java:47)
at framework.utils.Reports.reportStep(Reports.java:82)
at framework.core.ImplClass_SAF_V_0_2.takeSnap(ImplClass_SAF_V_0_2.java:456)
at framework.utils.Reports.reportStep(Reports.java:47)
at framework.utils.Reports.reportStep(Reports.java:82)
at framework.core.ImplClass_SAF_V_0_2.takeSnap(ImplClass_SAF_V_0_2.java:456)
at framework.utils.Reports.reportStep(Reports.java:47)
at framework.utils.Reports.reportStep(Reports.java:82)
at framework.core.ImplClass_SAF_V_0_2.takeSnap(ImplClass_SAF_V_0_2.java:456)
at framework.utils.Reports.reportStep(Reports.java:47)
at framework.utils.Reports.reportStep(Reports.java:82)
at framework.core.ImplClass_SAF_V_0_2.takeSnap(ImplClass_SAF_V_0_2.java:456)
at framework.utils.Reports.reportStep(Reports.java:47)
at framework.utils.Reports.reportStep(Reports.java:82)
at framework.core.ImplClass_SAF_V_0_2.takeSnap(ImplClass_SAF_V_0_2.java:456)
at framework.utils.Reports.reportStep(Reports.java:47)
at framework.utils.Reports.reportStep(Reports.java:82)
at framework.core.ImplClass_SAF_V_0_2.takeSnap(ImplClass_SAF_V_0_2.java:456)
at framework.utils.Reports.reportStep(Reports.java:47)
at framework.utils.Reports.reportStep(Reports.java:82)
at framework.core.ImplClass_SAF_V_0_2.takeSnap(ImplClass_SAF_V_0_2.java:456)
at framework.utils.Reports.reportStep(Reports.java:47)
at framework.utils.Reports.reportStep(Reports.java:82)
at framework.core.ImplClass_SAF_V_0_2.takeSnap(ImplClass_SAF_V_0_2.java:456)
at framework.utils.Reports.reportStep(Reports.java:47)
at framework.utils.Reports.reportStep(Reports.java:82)
at framework.core.ImplClass_SAF_V_0_2.takeSnap(ImplClass_SAF_V_0_2.java:456)
at framework.utils.Reports.reportStep(Reports.java:47)
at framework.utils.Reports.reportStep(Reports.java:82)
at framework.core.ImplClass_SAF_V_0_2.takeSnap(ImplClass_SAF_V_0_2.java:456)
at framework.utils.Reports.reportStep(Reports.java:47)
at framework.utils.Reports.reportStep(Reports.java:82)
at framework.core.ImplClass_SAF_V_0_2.takeSnap(ImplClass_SAF_V_0_2.java:456)
at framework.utils.Reports.reportStep(Reports.java:47)
at framework.utils.Reports.reportStep(Reports.java:82)
at framework.core.ImplClass_SAF_V_0_2.takeSnap(ImplClass_SAF_V_0_2.java:456)
at framework.utils.Reports.reportStep(Reports.java:47)
at framework.utils.Reports.reportStep(Reports.java:82)
at framework.core.ImplClass_SAF_V_0_2.takeSnap(ImplClass_SAF_V_0_2.java:456)
at framework.utils.Reports.reportStep(Reports.java:47)
at framework.utils.Reports.reportStep(Reports.java:82)
at framework.core.ImplClass_SAF_V_0_2.takeSnap(ImplClass_SAF_V_0_2.java:456)
at framework.utils.Reports.reportStep(Reports.java:47)
at framework.utils.Reports.reportStep(Reports.java:82)
at framework.core.ImplClass_SAF_V_0_2.takeSnap(ImplClass_SAF_V_0_2.java:456)
at framework.utils.Reports.reportStep(Reports.java:47)
at framework.utils.Reports.reportStep(Reports.java:82)
at framework.core.ImplClass_SAF_V_0_2.takeSnap(ImplClass_SAF_V_0_2.java:456)
at framework.utils.Reports.reportStep(Reports.java:47)
at framework.utils.Reports.reportStep(Reports.java:82)
at framework.core.ImplClass_SAF_V_0_2.takeSnap(ImplClass_SAF_V_0_2.java:456)
at framework.utils.Reports.reportStep(Reports.java:47)
at framework.utils.Reports.reportStep(Reports.java:82)
at framework.core.ImplClass_SAF_V_0_2.takeSnap(ImplClass_SAF_V_0_2.java:456)
at framework.utils.Reports.reportStep(Reports.java:47)
at framework.utils.Reports.reportStep(Reports.java:82)
at framework.core.ImplClass_SAF_V_0_2.takeSnap(ImplClass_SAF_V_0_2.java:456)
at framework.utils.Reports.reportStep(Reports.java:47)
at framework.utils.Reports.reportStep(Reports.java:82)
at framework.core.ImplClass_SAF_V_0_2.takeSnap(ImplClass_SAF_V_0_2.java:456)
at framework.utils.Reports.reportStep(Reports.java:47)
at framework.utils.Reports.reportStep(Reports.java:82)
at framework.core.ImplClass_SAF_V_0_2.takeSnap(ImplClass_SAF_V_0_2.java:456)
at framework.utils.Reports.reportStep(Reports.java:47)
at framework.utils.Reports.reportStep(Reports.java:82)
at framework.core.ImplClass_SAF_V_0_2.takeSnap(ImplClass_SAF_V_0_2.java:456)
at framework.utils.Reports.reportStep(Reports.java:47)
at framework.utils.Reports.reportStep(Reports.java:82)
at framework.core.ImplClass_SAF_V_0_2.takeSnap(ImplClass_SAF_V_0_2.java:456)
at framework.utils.Reports.reportStep(Reports.java:47)
at framework.utils.Reports.reportStep(Reports.java:82)
at framework.core.ImplClass_SAF_V_0_2.takeSnap(ImplClass_SAF_V_0_2.java:456)
at framework.utils.Reports.reportStep(Reports.java:47)
at framework.utils.Reports.reportStep(Reports.java:82)
at framework.core.ImplClass_SAF_V_0_2.takeSnap(ImplClass_SAF_V_0_2.java:456)
at framework.utils.Reports.reportStep(Reports.java:47)
at framework.utils.Reports.reportStep(Reports.java:82)
at framework.core.ImplClass_SAF_V_0_2.takeSnap(ImplClass_SAF_V_0_2.java:456)
at framework.utils.Reports.reportStep(Reports.java:47)
at framework.utils.Reports.reportStep(Reports.java:82)
at framework.core.ImplClass_SAF_V_0_2.takeSnap(ImplClass_SAF_V_0_2.java:456)
at framework.utils.Reports.reportStep(Reports.java:47)
at framework.utils.Reports.reportStep(Reports.java:82)
at framework.core.ImplClass_SAF_V_0_2.takeSnap(ImplClass_SAF_V_0_2.java:456)
at framework.utils.Reports.reportStep(Reports.java:47)
at framework.utils.Reports.reportStep(Reports.java:82)
at framework.core.ImplClass_SAF_V_0_2.takeSnap(ImplClass_SAF_V_0_2.java:456)
at framework.utils.Reports.reportStep(Reports.java:47)
at framework.utils.Reports.reportStep(Reports.java:82)
at framework.core.ImplClass_SAF_V_0_2.takeSnap(ImplClass_SAF_V_0_2.java:456)
at framework.utils.Reports.reportStep(Reports.java:47)
at framework.utils.Reports.reportStep(Reports.java:82)
at framework.core.ImplClass_SAF_V_0_2.takeSnap(ImplClass_SAF_V_0_2.java:456)
at framework.utils.Reports.reportStep(Reports.java:47)
at framework.utils.Reports.reportStep(Reports.java:82)
at framework.core.ImplClass_SAF_V_0_2.takeSnap(ImplClass_SAF_V_0_2.java:456)
at framework.utils.Reports.reportStep(Reports.java:47)
at framework.utils.Reports.reportStep(Reports.java:82)
at framework.core.ImplClass_SAF_V_0_2.takeSnap(ImplClass_SAF_V_0_2.java:456)
at framework.utils.Reports.reportStep(Reports.java:47)
at framework.utils.Reports.reportStep(Reports.java:82)
at framework.core.ImplClass_SAF_V_0_2.takeSnap(ImplClass_SAF_V_0_2.java:456)
at framework.utils.Reports.reportStep(Reports.java:47)
at framework.utils.Reports.reportStep(Reports.java:82)
at framework.core.ImplClass_SAF_V_0_2.takeSnap(ImplClass_SAF_V_0_2.java:456)
at framework.utils.Reports.reportStep(Reports.java:47)
at framework.utils.Reports.reportStep(Reports.java:82)
at framework.core.ImplClass_SAF_V_0_2.takeSnap(ImplClass_SAF_V_0_2.java:456)
at framework.utils.Reports.reportStep(Reports.java:47)
at framework.utils.Reports.reportStep(Reports.java:82)
at framework.core.ImplClass_SAF_V_0_2.takeSnap(ImplClass_SAF_V_0_2.java:456)
at framework.utils.Reports.reportStep(Reports.java:47)
at framework.utils.Reports.reportStep(Reports.java:82)
at framework.core.ImplClass_SAF_V_0_2.takeSnap(ImplClass_SAF_V_0_2.java:456)
at framework.utils.Reports.reportStep(Reports.java:47)
at framework.utils.Reports.reportStep(Reports.java:82)
at framework.core.ImplClass_SAF_V_0_2.takeSnap(ImplClass_SAF_V_0_2.java:456)
at framework.utils.Reports.reportStep(Reports.java:47)
at framework.utils.Reports.reportStep(Reports.java:82)
at framework.core.ImplClass_SAF_V_0_2.takeSnap(ImplClass_SAF_V_0_2.java:456)
at framework.utils.Reports.reportStep(Reports.java:47)
at framework.utils.Reports.reportStep(Reports.java:82)
at framework.core.ImplClass_SAF_V_0_2.takeSnap(ImplClass_SAF_V_0_2.java:456)
at framework.utils.Reports.reportStep(Reports.java:47)
at framework.utils.Reports.reportStep(Reports.java:82)
at framework.core.ImplClass_SAF_V_0_2.takeSnap(ImplClass_SAF_V_0_2.java:456)
at framework.utils.Reports.reportStep(Reports.java:47)
at framework.utils.Reports.reportStep(Reports.java:82)
at framework.core.ImplClass_SAF_V_0_2.takeSnap(ImplClass_SAF_V_0_2.java:456)
at framework.utils.Reports.reportStep(Reports.java:47)
at framework.utils.Reports.reportStep(Reports.java:82)
at framework.core.ImplClass_SAF_V_0_2.takeSnap(ImplClass_SAF_V_0_2.java:456)
at framework.utils.Reports.reportStep(Reports.java:47)
at framework.utils.Reports.reportStep(Reports.java:82)
at framework.core.ImplClass_SAF_V_0_2.takeSnap(ImplClass_SAF_V_0_2.java:456)
at framework.utils.Reports.reportStep(Reports.java:47)
at framework.utils.Reports.reportStep(Reports.java:82)
at framework.core.ImplClass_SAF_V_0_2.takeSnap(ImplClass_SAF_V_0_2.java:456)
at framework.utils.Reports.reportStep(Reports.java:47)
at framework.utils.Reports.reportStep(Reports.java:82)
at framework.core.ImplClass_SAF_V_0_2.takeSnap(ImplClass_SAF_V_0_2.java:456)
at framework.utils.Reports.reportStep(Reports.java:47)
at framework.utils.Reports.reportStep(Reports.java:82)
at framework.core.ImplClass_SAF_V_0_2.takeSnap(ImplClass_SAF_V_0_2.java:456)
at framework.utils.Reports.reportStep(Reports.java:47)
at framework.utils.Reports.reportStep(Reports.java:82)
at framework.core.ImplClass_SAF_V_0_2.takeSnap(ImplClass_SAF_V_0_2.java:456)
at framework.utils.Reports.reportStep(Reports.java:47)
at framework.utils.Reports.reportStep(Reports.java:82)
at framework.core.ImplClass_SAF_V_0_2.takeSnap(ImplClass_SAF_V_0_2.java:456)
at framework.utils.Reports.reportStep(Reports.java:47)
at framework.utils.Reports.reportStep(Reports.java:82)
at framework.core.ImplClass_SAF_V_0_2.takeSnap(ImplClass_SAF_V_0_2.java:456)
at framework.utils.Reports.reportStep(Reports.java:47)
at framework.utils.Reports.reportStep(Reports.java:82)
at framework.core.ImplClass_SAF_V_0_2.takeSnap(ImplClass_SAF_V_0_2.java:456)
at framework.utils.Reports.reportStep(Reports.java:47)
at framework.utils.Reports.reportStep(Reports.java:82)
at framework.core.ImplClass_SAF_V_0_2.takeSnap(ImplClass_SAF_V_0_2.java:456)
at framework.utils.Reports.reportStep(Reports.java:47)
at framework.utils.Reports.reportStep(Reports.java:82)
at framework.core.ImplClass_SAF_V_0_2.takeSnap(ImplClass_SAF_V_0_2.java:456)
at framework.utils.Reports.reportStep(Reports.java:47)
at framework.utils.Reports.reportStep(Reports.java:82)
at framework.core.ImplClass_SAF_V_0_2.takeSnap(ImplClass_SAF_V_0_2.java:456)
at framework.utils.Reports.reportStep(Reports.java:47)
at framework.utils.Reports.reportStep(Reports.java:82)
at framework.core.ImplClass_SAF_V_0_2.takeSnap(ImplClass_SAF_V_0_2.java:456)
at framework.utils.Reports.reportStep(Reports.java:47)
at framework.utils.Reports.reportStep(Reports.java:82)
at framework.core.ImplClass_SAF_V_0_2.takeSnap(ImplClass_SAF_V_0_2.java:456)
at framework.utils.Reports.reportStep(Reports.java:47)
at framework.utils.Reports.reportStep(Reports.java:82)
at framework.core.ImplClass_SAF_V_0_2.takeSnap(ImplClass_SAF_V_0_2.java:456)
at framework.utils.Reports.reportStep(Reports.java:47)
at framework.utils.Reports.reportStep(Reports.java:82)
at framework.core.ImplClass_SAF_V_0_2.takeSnap(ImplClass_SAF_V_0_2.java:456)
at framework.utils.Reports.reportStep(Reports.java:47)
at framework.utils.Reports.reportStep(Reports.java:82)
at framework.core.ImplClass_SAF_V_0_2.takeSnap(ImplClass_SAF_V_0_2.java:456)
at framework.utils.Reports.reportStep(Reports.java:47)
at framework.utils.Reports.reportStep(Reports.java:82)
at framework.core.ImplClass_SAF_V_0_2.takeSnap(ImplClass_SAF_V_0_2.java:456)
at framework.utils.Reports.reportStep(Reports.java:47)
at framework.utils.Reports.reportStep(Reports.java:82)
at framework.core.ImplClass_SAF_V_0_2.takeSnap(ImplClass_SAF_V_0_2.java:456)
at framework.utils.Reports.reportStep(Reports.java:47)
at framework.utils.Reports.reportStep(Reports.java:82)
at framework.core.ImplClass_SAF_V_0_2.takeSnap(ImplClass_SAF_V_0_2.java:456)
at framework.utils.Reports.reportStep(Reports.java:47)
at framework.utils.Reports.reportStep(Reports.java:82)
at framework.core.ImplClass_SAF_V_0_2.takeSnap(ImplClass_SAF_V_0_2.java:456)
at framework.utils.Reports.reportStep(Reports.java:47)
at framework.utils.Reports.reportStep(Reports.java:82)
at framework.core.ImplClass_SAF_V_0_2.takeSnap(ImplClass_SAF_V_0_2.java:456)
at framework.utils.Reports.reportStep(Reports.java:47)
at framework.utils.Reports.reportStep(Reports.java:82)
at framework.core.ImplClass_SAF_V_0_2.takeSnap(ImplClass_SAF_V_0_2.java:456)
at framework.utils.Reports.reportStep(Reports.java:47)
at framework.utils.Reports.reportStep(Reports.java:82)
at framework.core.ImplClass_SAF_V_0_2.takeSnap(ImplClass_SAF_V_0_2.java:456)
at framework.utils.Reports.reportStep(Reports.java:47)
at framework.utils.Reports.reportStep(Reports.java:82)
at framework.core.ImplClass_SAF_V_0_2.takeSnap(ImplClass_SAF_V_0_2.java:456)
at framework.utils.Reports.reportStep(Reports.java:47)
at framework.utils.Reports.reportStep(Reports.java:82)
at framework.core.ImplClass_SAF_V_0_2.takeSnap(ImplClass_SAF_V_0_2.java:456)
at framework.utils.Reports.reportStep(Reports.java:47)
at framework.utils.Reports.reportStep(Reports.java:82)
at framework.core.ImplClass_SAF_V_0_2.takeSnap(ImplClass_SAF_V_0_2.java:456)
at framework.utils.Reports.reportStep(Reports.java:47)
at framework.utils.Reports.reportStep(Reports.java:82)
at framework.core.ImplClass_SAF_V_0_2.takeSnap(ImplClass_SAF_V_0_2.java:456)
at framework.utils.Reports.reportStep(Reports.java:47)
at framework.utils.Reports.reportStep(Reports.java:82)
at framework.core.ImplClass_SAF_V_0_2.takeSnap(ImplClass_SAF_V_0_2.java:456)
at framework.utils.Reports.reportStep(Reports.java:47)
at framework.utils.Reports.reportStep(Reports.java:82)
at framework.core.ImplClass_SAF_V_0_2.takeSnap(ImplClass_SAF_V_0_2.java:456)
at framework.utils.Reports.reportStep(Reports.java:47)
at framework.utils.Reports.reportStep(Reports.java:82)
at framework.core.ImplClass_SAF_V_0_2.takeSnap(ImplClass_SAF_V_0_2.java:456)
at framework.utils.Reports.reportStep(Reports.java:47)
at framework.utils.Reports.reportStep(Reports.java:82)
at framework.core.ImplClass_SAF_V_0_2.takeSnap(ImplClass_SAF_V_0_2.java:456)
at framework.utils.Reports.reportStep(Reports.java:47)
at framework.utils.Reports.reportStep(Reports.java:82)
at framework.core.ImplClass_SAF_V_0_2.takeSnap(ImplClass_SAF_V_0_2.java:456)
at framework.utils.Reports.reportStep(Reports.java:47)
at framework.utils.Reports.reportStep(Reports.java:82)
at framework.core.ImplClass_SAF_V_0_2.takeSnap(ImplClass_SAF_V_0_2.java:456)
at framework.utils.Reports.reportStep(Reports.java:47)
at framework.utils.Reports.reportStep(Reports.java:82)
at framework.core.ImplClass_SAF_V_0_2.takeSnap(ImplClass_SAF_V_0_2.java:456)
at framework.utils.Reports.reportStep(Reports.java:47)
at framework.utils.Reports.reportStep(Reports.java:82)
at framework.core.ImplClass_SAF_V_0_2.takeSnap(ImplClass_SAF_V_0_2.java:456)
at framework.utils.Reports.reportStep(Reports.java:47)
at framework.utils.Reports.reportStep(Reports.java:82)
at framework.core.ImplClass_SAF_V_0_2.takeSnap(ImplClass_SAF_V_0_2.java:456)
at framework.utils.Reports.reportStep(Reports.java:47)
at framework.utils.Reports.reportStep(Reports.java:82)
at framework.core.ImplClass_SAF_V_0_2.takeSnap(ImplClass_SAF_V_0_2.java:456)
at framework.utils.Reports.reportStep(Reports.java:47)
at framework.utils.Reports.reportStep(Reports.java:82)
at framework.core.ImplClass_SAF_V_0_2.takeSnap(ImplClass_SAF_V_0_2.java:456)
at framework.utils.Reports.reportStep(Reports.java:47)
at framework.utils.Reports.reportStep(Reports.java:82)
at framework.core.ImplClass_SAF_V_0_2.takeSnap(ImplClass_SAF_V_0_2.java:456)
at framework.utils.Reports.reportStep(Reports.java:47)
at framework.utils.Reports.reportStep(Reports.java:82)
at framework.core.ImplClass_SAF_V_0_2.takeSnap(ImplClass_SAF_V_0_2.java:456)
at framework.utils.Reports.reportStep(Reports.java:47)
at framework.utils.Reports.reportStep(Reports.java:82)
at framework.core.ImplClass_SAF_V_0_2.takeSnap(ImplClass_SAF_V_0_2.java:456)
at framework.utils.Reports.reportStep(Reports.java:47)
at framework.utils.Reports.reportStep(Reports.java:82)
at framework.core.ImplClass_SAF_V_0_2.takeSnap(ImplClass_SAF_V_0_2.java:456)
at framework.utils.Reports.reportStep(Reports.java:47)
at framework.utils.Reports.reportStep(Reports.java:82)
at framework.core.ImplClass_SAF_V_0_2.takeSnap(ImplClass_SAF_V_0_2.java:456)
at framework.utils.Reports.reportStep(Reports.java:47)
at framework.utils.Reports.reportStep(Reports.java:82)
at framework.core.ImplClass_SAF_V_0_2.takeSnap(ImplClass_SAF_V_0_2.java:456)
at framework.utils.Reports.reportStep(Reports.java:47)
at framework.utils.Reports.reportStep(Reports.java:82)
at framework.core.ImplClass_SAF_V_0_2.takeSnap(ImplClass_SAF_V_0_2.java:456)
at framework.utils.Reports.reportStep(Reports.java:47)
at framework.utils.Reports.reportStep(Reports.java:82)
at framework.core.ImplClass_SAF_V_0_2.takeSnap(ImplClass_SAF_V_0_2.java:456)
at framework.utils.Reports.reportStep(Reports.java:47)
at framework.utils.Reports.reportStep(Reports.java:82)
at framework.core.ImplClass_SAF_V_0_2.takeSnap(ImplClass_SAF_V_0_2.java:456)
at framework.utils.Reports.reportStep(Reports.java:47)
at framework.utils.Reports.reportStep(Reports.java:82)
at framework.core.ImplClass_SAF_V_0_2.takeSnap(ImplClass_SAF_V_0_2.java:456)
at framework.utils.Reports.reportStep(Reports.java:47)
at framework.utils.Reports.reportStep(Reports.java:82)
at framework.core.ImplClass_SAF_V_0_2.takeSnap(ImplClass_SAF_V_0_2.java:456)
at framework.utils.Reports.reportStep(Reports.java:47)
at framework.utils.Reports.reportStep(Reports.java:82)
at framework.core.ImplClass_SAF_V_0_2.takeSnap(ImplClass_SAF_V_0_2.java:456)
at framework.utils.Reports.reportStep(Reports.java:47)
at framework.utils.Reports.reportStep(Reports.java:82)
at framework.core.ImplClass_SAF_V_0_2.takeSnap(ImplClass_SAF_V_0_2.java:456)
at framework.utils.Reports.reportStep(Reports.java:47)
at framework.utils.Reports.reportStep(Reports.java:82)
at framework.core.ImplClass_SAF_V_0_2.takeSnap(ImplClass_SAF_V_0_2.java:456)
at framework.utils.Reports.reportStep(Reports.java:47)
at framework.utils.Reports.reportStep(Reports.java:82)
at framework.core.ImplClass_SAF_V_0_2.takeSnap(ImplClass_SAF_V_0_2.java:456)
at framework.utils.Reports.reportStep(Reports.java:47)
at framework.utils.Reports.reportStep(Reports.java:82)
at framework.core.ImplClass_SAF_V_0_2.takeSnap(ImplClass_SAF_V_0_2.java:456)
at framework.utils.Reports.reportStep(Reports.java:47)
at framework.utils.Reports.reportStep(Reports.java:82)
at framework.core.ImplClass_SAF_V_0_2.takeSnap(ImplClass_SAF_V_0_2.java:456)
at framework.utils.Reports.reportStep(Reports.java:47)
at framework.utils.Reports.reportStep(Reports.java:82)
at framework.core.ImplClass_SAF_V_0_2.takeSnap(ImplClass_SAF_V_0_2.java:456)
at framework.utils.Reports.reportStep(Reports.java:47)
at framework.utils.Reports.reportStep(Reports.java:82)
at framework.core.ImplClass_SAF_V_0_2.takeSnap(ImplClass_SAF_V_0_2.java:456)
at framework.utils.Reports.reportStep(Reports.java:47)
at framework.utils.Reports.reportStep(Reports.java:82)
at framework.core.ImplClass_SAF_V_0_2.takeSnap(ImplClass_SAF_V_0_2.java:456)
at framework.utils.Reports.reportStep(Reports.java:47)
at framework.utils.Reports.reportStep(Reports.java:82)
at framework.core.ImplClass_SAF_V_0_2.takeSnap(ImplClass_SAF_V_0_2.java:456)
at framework.utils.Reports.reportStep(Reports.java:47)
at framework.utils.Reports.reportStep(Reports.java:82)
at framework.core.ImplClass_SAF_V_0_2.takeSnap(ImplClass_SAF_V_0_2.java:456)
at framework.utils.Reports.reportStep(Reports.java:47)
at framework.utils.Reports.reportStep(Reports.java:82)
at framework.core.ImplClass_SAF_V_0_2.takeSnap(ImplClass_SAF_V_0_2.java:456)
at framework.utils.Reports.reportStep(Reports.java:47)
at framework.utils.Reports.reportStep(Reports.java:82)
at framework.core.ImplClass_SAF_V_0_2.takeSnap(ImplClass_SAF_V_0_2.java:456)
at framework.utils.Reports.reportStep(Reports.java:47)
at framework.utils.Reports.reportStep(Reports.java:82)
at framework.core.ImplClass_SAF_V_0_2.takeSnap(ImplClass_SAF_V_0_2.java:456)
at framework.utils.Reports.reportStep(Reports.java:47)
at framework.utils.Reports.reportStep(Reports.java:82)
at framework.core.ImplClass_SAF_V_0_2.takeSnap(ImplClass_SAF_V_0_2.java:456)
at framework.utils.Reports.reportStep(Reports.java:47)
at framework.utils.Reports.reportStep(Reports.java:82)
at framework.core.ImplClass_SAF_V_0_2.takeSnap(ImplClass_SAF_V_0_2.java:456)
at framework.utils.Reports.reportStep(Reports.java:47)
at framework.utils.Reports.reportStep(Reports.java:82)
at framework.core.ImplClass_SAF_V_0_2.takeSnap(ImplClass_SAF_V_0_2.java:456)
at framework.utils.Reports.reportStep(Reports.java:47)
at framework.utils.Reports.reportStep(Reports.java:82)
at framework.core.ImplClass_SAF_V_0_2.takeSnap(ImplClass_SAF_V_0_2.java:456)
at framework.utils.Reports.reportStep(Reports.java:47)
at framework.utils.Reports.reportStep(Reports.java:82)
at framework.core.ImplClass_SAF_V_0_2.takeSnap(ImplClass_SAF_V_0_2.java:456)
at framework.utils.Reports.reportStep(Reports.java:47)
at framework.utils.Reports.reportStep(Reports.java:82)
at framework.core.ImplClass_SAF_V_0_2.takeSnap(ImplClass_SAF_V_0_2.java:456)
at framework.utils.Reports.reportStep(Reports.java:47)
at framework.utils.Reports.reportStep(Reports.java:82)
at framework.core.ImplClass_SAF_V_0_2.takeSnap(ImplClass_SAF_V_0_2.java:456)
at framework.utils.Reports.reportStep(Reports.java:47)
at framework.utils.Reports.reportStep(Reports.java:82)
at framework.core.ImplClass_SAF_V_0_2.takeSnap(ImplClass_SAF_V_0_2.java:456)
at framework.utils.Reports.reportStep(Reports.java:47)
at framework.utils.Reports.reportStep(Reports.java:82)
at framework.core.ImplClass_SAF_V_0_2.takeSnap(ImplClass_SAF_V_0_2.java:456)
at framework.utils.Reports.reportStep(Reports.java:47)
at framework.utils.Reports.reportStep(Reports.java:82)
at framework.core.ImplClass_SAF_V_0_2.takeSnap(ImplClass_SAF_V_0_2.java:456)
at framework.utils.Reports.reportStep(Reports.java:47)
at framework.utils.Reports.reportStep(Reports.java:82)
at framework.core.ImplClass_SAF_V_0_2.takeSnap(ImplClass_SAF_V_0_2.java:456)
at framework.utils.Reports.reportStep(Reports.java:47)
at framework.utils.Reports.reportStep(Reports.java:82)
at framework.core.ImplClass_SAF_V_0_2.takeSnap(ImplClass_SAF_V_0_2.java:456)
at framework.utils.Reports.reportStep(Reports.java:47)
at framework.utils.Reports.reportStep(Reports.java:82)
at framework.core.ImplClass_SAF_V_0_2.takeSnap(ImplClass_SAF_V_0_2.java:456)
at framework.utils.Reports.reportStep(Reports.java:47)
at framework.utils.Reports.reportStep(Reports.java:82)
at framework.core.ImplClass_SAF_V_0_2.takeSnap(ImplClass_SAF_V_0_2.java:456)
at framework.utils.Reports.reportStep(Reports.java:47)
at framework.utils.Reports.reportStep(Reports.java:82)
at framework.core.ImplClass_SAF_V_0_2.takeSnap(ImplClass_SAF_V_0_2.java:456)
at framework.utils.Reports.reportStep(Reports.java:47)
at framework.utils.Reports.reportStep(Reports.java:82)
at framework.core.ImplClass_SAF_V_0_2.takeSnap(ImplClass_SAF_V_0_2.java:456)
at framework.utils.Reports.reportStep(Reports.java:47)
at framework.utils.Reports.reportStep(Reports.java:82)
at framework.core.ImplClass_SAF_V_0_2.takeSnap(ImplClass_SAF_V_0_2.java:456)
at framework.utils.Reports.reportStep(Reports.java:47)
at framework.utils.Reports.reportStep(Reports.java:82)
at framework.core.ImplClass_SAF_V_0_2.takeSnap(ImplClass_SAF_V_0_2.java:456)
at framework.utils.Reports.reportStep(Reports.java:47)
at framework.utils.Reports.reportStep(Reports.java:82)
at framework.core.ImplClass_SAF_V_0_2.takeSnap(ImplClass_SAF_V_0_2.java:456)
at framework.utils.Reports.reportStep(Reports.java:47)
at framework.utils.Reports.reportStep(Reports.java:82)
at framework.core.ImplClass_SAF_V_0_2.takeSnap(ImplClass_SAF_V_0_2.java:456)
at framework.utils.Reports.reportStep(Reports.java:47)
at framework.utils.Reports.reportStep(Reports.java:82)
at framework.core.ImplClass_SAF_V_0_2.takeSnap(ImplClass_SAF_V_0_2.java:456)
at framework.utils.Reports.reportStep(Reports.java:47)
at framework.utils.Reports.reportStep(Reports.java:82)
at framework.core.ImplClass_SAF_V_0_2.takeSnap(ImplClass_SAF_V_0_2.java:456)
at framework.utils.Reports.reportStep(Reports.java:47)
at framework.utils.Reports.reportStep(Reports.java:82)
at framework.core.ImplClass_SAF_V_0_2.takeSnap(ImplClass_SAF_V_0_2.java:456)
at framework.utils.Reports.reportStep(Reports.java:47)
at framework.utils.Reports.reportStep(Reports.java:82)
at framework.core.ImplClass_SAF_V_0_2.takeSnap(ImplClass_SAF_V_0_2.java:456)
at framework.utils.Reports.reportStep(Reports.java:47)
at framework.utils.Reports.reportStep(Reports.java:82)
at framework.core.ImplClass_SAF_V_0_2.takeSnap(ImplClass_SAF_V_0_2.java:456)
at framework.utils.Reports.reportStep(Reports.java:47)
at framework.utils.Reports.reportStep(Reports.java:82)
at framework.core.ImplClass_SAF_V_0_2.takeSnap(ImplClass_SAF_V_0_2.java:456)
at framework.utils.Reports.reportStep(Reports.java:47)
at framework.utils.Reports.reportStep(Reports.java:82)
at framework.core.ImplClass_SAF_V_0_2.takeSnap(ImplClass_SAF_V_0_2.java:456)
at framework.utils.Reports.reportStep(Reports.java:47)
at framework.utils.Reports.reportStep(Reports.java:82)
at framework.core.ImplClass_SAF_V_0_2.takeSnap(ImplClass_SAF_V_0_2.java:456)
at framework.utils.Reports.reportStep(Reports.java:47)
at framework.utils.Reports.reportStep(Reports.java:82)
at framework.core.ImplClass_SAF_V_0_2.takeSnap(ImplClass_SAF_V_0_2.java:456)
at framework.utils.Reports.reportStep(Reports.java:47)
at framework.utils.Reports.reportStep(Reports.java:82)
at framework.core.ImplClass_SAF_V_0_2.takeSnap(ImplClass_SAF_V_0_2.java:456)
at framework.utils.Reports.reportStep(Reports.java:47)
at framework.utils.Reports.reportStep(Reports.java:82)
at framework.core.ImplClass_SAF_V_0_2.takeSnap(ImplClass_SAF_V_0_2.java:456)
at framework.utils.Reports.reportStep(Reports.java:47)
at framework.utils.Reports.reportStep(Reports.java:82)
at framework.core.ImplClass_SAF_V_0_2.takeSnap(ImplClass_SAF_V_0_2.java:456)
at framework.utils.Reports.reportStep(Reports.java:47)
at framework.utils.Reports.reportStep(Reports.java:82)
at framework.core.ImplClass_SAF_V_0_2.takeSnap(ImplClass_SAF_V_0_2.java:456)
at framework.utils.Reports.reportStep(Reports.java:47)
at framework.utils.Reports.reportStep(Reports.java:82)
at framework.core.ImplClass_SAF_V_0_2.takeSnap(ImplClass_SAF_V_0_2.java:456)
at framework.utils.Reports.reportStep(Reports.java:47)
at framework.utils.Reports.reportStep(Reports.java:82)
at framework.core.ImplClass_SAF_V_0_2.takeSnap(ImplClass_SAF_V_0_2.java:456)
at framework.utils.Reports.reportStep(Reports.java:47)
at framework.utils.Reports.reportStep(Reports.java:82)
at framework.core.ImplClass_SAF_V_0_2.takeSnap(ImplClass_SAF_V_0_2.java:456)
at framework.utils.Reports.reportStep(Reports.java:47)
at framework.utils.Reports.reportStep(Reports.java:82)
at framework.core.ImplClass_SAF_V_0_2.takeSnap(ImplClass_SAF_V_0_2.java:456)
at framework.utils.Reports.reportStep(Reports.java:47)
at framework.utils.Reports.reportStep(Reports.java:82)
at framework.core.ImplClass_SAF_V_0_2.takeSnap(ImplClass_SAF_V_0_2.java:456)
at framework.utils.Reports.reportStep(Reports.java:47)
at framework.utils.Reports.reportStep(Reports.java:82)
at framework.core.ImplClass_SAF_V_0_2.takeSnap(ImplClass_SAF_V_0_2.java:456)
at framework.utils.Reports.reportStep(Reports.java:47)
at framework.utils.Reports.reportStep(Reports.java:82)
at framework.core.ImplClass_SAF_V_0_2.takeSnap(ImplClass_SAF_V_0_2.java:456)
at framework.utils.Reports.reportStep(Reports.java:47)
at framework.utils.Reports.reportStep(Reports.java:82)
at framework.core.ImplClass_SAF_V_0_2.takeSnap(ImplClass_SAF_V_0_2.java:456)
at framework.utils.Reports.reportStep(Reports.java:47)
at framework.utils.Reports.reportStep(Reports.java:82)
at framework.core.ImplClass_SAF_V_0_2.takeSnap(ImplClass_SAF_V_0_2.java:456)
at framework.utils.Reports.reportStep(Reports.java:47)
at framework.utils.Reports.reportStep(Reports.java:82)
at framework.core.ImplClass_SAF_V_0_2.takeSnap(ImplClass_SAF_V_0_2.java:456)
at framework.utils.Reports.reportStep(Reports.java:47)
at framework.utils.Reports.reportStep(Reports.java:82)
at framework.core.ImplClass_SAF_V_0_2.takeSnap(ImplClass_SAF_V_0_2.java:456)
at framework.utils.Reports.reportStep(Reports.java:47)
at framework.utils.Reports.reportStep(Reports.java:82)
at framework.core.ImplClass_SAF_V_0_2.takeSnap(ImplClass_SAF_V_0_2.java:456)
at framework.utils.Reports.reportStep(Reports.java:47)
at framework.utils.Reports.reportStep(Reports.java:82)
at framework.core.ImplClass_SAF_V_0_2.takeSnap(ImplClass_SAF_V_0_2.java:456)
at framework.utils.Reports.reportStep(Reports.java:47)
at framework.utils.Reports.reportStep(Reports.java:82)
at framework.core.ImplClass_SAF_V_0_2.takeSnap(ImplClass_SAF_V_0_2.java:456)
at framework.utils.Reports.reportStep(Reports.java:47)
at framework.utils.Reports.reportStep(Reports.java:82)
at framework.core.ImplClass_SAF_V_0_2.takeSnap(ImplClass_SAF_V_0_2.java:456)
at framework.utils.Reports.reportStep(Reports.java:47)
at framework.utils.Reports.reportStep(Reports.java:82)
at framework.core.ImplClass_SAF_V_0_2.takeSnap(ImplClass_SAF_V_0_2.java:456)
at framework.utils.Reports.reportStep(Reports.java:47)
at framework.utils.Reports.reportStep(Reports.java:82)
at framework.core.ImplClass_SAF_V_0_2.takeSnap(ImplClass_SAF_V_0_2.java:456)
at framework.utils.Reports.reportStep(Reports.java:47)
at framework.utils.Reports.reportStep(Reports.java:82)
at framework.core.ImplClass_SAF_V_0_2.takeSnap(ImplClass_SAF_V_0_2.java:456)
at framework.utils.Reports.reportStep(Reports.java:47)
at framework.utils.Reports.reportStep(Reports.java:82)
at framework.core.ImplClass_SAF_V_0_2.takeSnap(ImplClass_SAF_V_0_2.java:456)
at framework.utils.Reports.reportStep(Reports.java:47)
at framework.utils.Reports.reportStep(Reports.java:82)
at framework.core.ImplClass_SAF_V_0_2.takeSnap(ImplClass_SAF_V_0_2.java:456)
at framework.utils.Reports.reportStep(Reports.java:47)
at framework.utils.Reports.reportStep(Reports.java:82)
at framework.core.ImplClass_SAF_V_0_2.takeSnap(ImplClass_SAF_V_0_2.java:456)
at framework.utils.Reports.reportStep(Reports.java:47)
at framework.utils.Reports.reportStep(Reports.java:82)
at framework.core.ImplClass_SAF_V_0_2.takeSnap(ImplClass_SAF_V_0_2.java:456)
at framework.utils.Reports.reportStep(Reports.java:47)
at framework.utils.Reports.reportStep(Reports.java:82)
at framework.core.ImplClass_SAF_V_0_2.takeSnap(ImplClass_SAF_V_0_2.java:456)
at framework.utils.Reports.reportStep(Reports.java:47)
at framework.utils.Reports.reportStep(Reports.java:82)
at framework.core.ImplClass_SAF_V_0_2.takeSnap(ImplClass_SAF_V_0_2.java:456)
at framework.utils.Reports.reportStep(Reports.java:47)
at framework.utils.Reports.reportStep(Reports.java:82)
at framework.core.ImplClass_SAF_V_0_2.takeSnap(ImplClass_SAF_V_0_2.java:456)
at framework.utils.Reports.reportStep(Reports.java:47)
at framework.utils.Reports.reportStep(Reports.java:82)
at framework.core.ImplClass_SAF_V_0_2.takeSnap(ImplClass_SAF_V_0_2.java:456)
at framework.utils.Reports.reportStep(Reports.java:47)
at framework.utils.Reports.reportStep(Reports.java:82)
at framework.core.ImplClass_SAF_V_0_2.takeSnap(ImplClass_SAF_V_0_2.java:456)
at framework.utils.Reports.reportStep(Reports.java:47)
at framework.utils.Reports.reportStep(Reports.java:82)
at framework.core.ImplClass_SAF_V_0_2.takeSnap(ImplClass_SAF_V_0_2.java:456)
at framework.utils.Reports.reportStep(Reports.java:47)
at framework.utils.Reports.reportStep(Reports.java:82)
at framework.core.ImplClass_SAF_V_0_2.takeSnap(ImplClass_SAF_V_0_2.java:456)
at framework.utils.Reports.reportStep(Reports.java:47)
at framework.utils.Reports.reportStep(Reports.java:82)
at framework.core.ImplClass_SAF_V_0_2.takeSnap(ImplClass_SAF_V_0_2.java:456)
at framework.utils.Reports.reportStep(Reports.java:47)
at framework.utils.Reports.reportStep(Reports.java:82)
at framework.core.ImplClass_SAF_V_0_2.takeSnap(ImplClass_SAF_V_0_2.java:456)
at framework.utils.Reports.reportStep(Reports.java:47)
at framework.utils.Reports.reportStep(Reports.java:82)
at framework.core.ImplClass_SAF_V_0_2.takeSnap(ImplClass_SAF_V_0_2.java:456)
at framework.utils.Reports.reportStep(Reports.java:47)
at framework.utils.Reports.reportStep(Reports.java:82)
at framework.core.ImplClass_SAF_V_0_2.takeSnap(ImplClass_SAF_V_0_2.java:456)
at framework.utils.Reports.reportStep(Reports.java:47)
at framework.utils.Reports.reportStep(Reports.java:82)
at framework.core.ImplClass_SAF_V_0_2.takeSnap(ImplClass_SAF_V_0_2.java:456)
at framework.utils.Reports.reportStep(Reports.java:47)
at framework.utils.Reports.reportStep(Reports.java:82)
at framework.core.ImplClass_SAF_V_0_2.takeSnap(ImplClass_SAF_V_0_2.java:456)
at framework.utils.Reports.reportStep(Reports.java:47)
at framework.utils.Reports.reportStep(Reports.java:82)
at framework.core.ImplClass_SAF_V_0_2.takeSnap(ImplClass_SAF_V_0_2.java:456)
at framework.utils.Reports.reportStep(Reports.java:47)
at framework.utils.Reports.reportStep(Reports.java:82)
at framework.core.ImplClass_SAF_V_0_2.takeSnap(ImplClass_SAF_V_0_2.java:456)
at framework.utils.Reports.reportStep(Reports.java:47)
at framework.utils.Reports.reportStep(Reports.java:82)
at framework.core.ImplClass_SAF_V_0_2.takeSnap(ImplClass_SAF_V_0_2.java:456)
at framework.utils.Reports.reportStep(Reports.java:47)
at framework.utils.Reports.reportStep(Reports.java:82)
at framework.core.ImplClass_SAF_V_0_2.takeSnap(ImplClass_SAF_V_0_2.java:456)
at framework.utils.Reports.reportStep(Reports.java:47)
at framework.utils.Reports.reportStep(Reports.java:82)
at framework.core.ImplClass_SAF_V_0_2.takeSnap(ImplClass_SAF_V_0_2.java:456)
at framework.utils.Reports.reportStep(Reports.java:47)
at framework.utils.Reports.reportStep(Reports.java:82)
at framework.core.ImplClass_SAF_V_0_2.takeSnap(ImplClass_SAF_V_0_2.java:456)
at framework.utils.Reports.reportStep(Reports.java:47)
at framework.utils.Reports.reportStep(Reports.java:82)
at framework.core.ImplClass_SAF_V_0_2.takeSnap(ImplClass_SAF_V_0_2.java:456)
at framework.utils.Reports.reportStep(Reports.java:47)
at framework.utils.Reports.reportStep(Reports.java:82)
at framework.core.ImplClass_SAF_V_0_2.takeSnap(ImplClass_SAF_V_0_2.java:456)
at framework.utils.Reports.reportStep(Reports.java:47)
at framework.utils.Reports.reportStep(Reports.java:82)
at framework.core.ImplClass_SAF_V_0_2.takeSnap(ImplClass_SAF_V_0_2.java:456)
]]>
    </failure>
  </testcase> <!-- createGuestOrder -->
  <testcase classname="framework.test.OnlineEnrollment_CA_PartyLite" name="createGuestOrder" time="0.6">
    <failure type="java.lang.StackOverflowError">
      <![CDATA[java.lang.StackOverflowError
at java.base/java.lang.Exception.<init>(Exception.java:55)
at java.base/java.lang.RuntimeException.<init>(RuntimeException.java:52)
at java.base/java.lang.NullPointerException.<init>(NullPointerException.java:60)
at framework.core.ImplClass_SAF_V_0_2.takeSnap(ImplClass_SAF_V_0_2.java:446)
at framework.utils.Reports.reportStep(Reports.java:47)
at framework.utils.Reports.reportStep(Reports.java:82)
at framework.core.ImplClass_SAF_V_0_2.takeSnap(ImplClass_SAF_V_0_2.java:456)
at framework.utils.Reports.reportStep(Reports.java:47)
at framework.utils.Reports.reportStep(Reports.java:82)
at framework.core.ImplClass_SAF_V_0_2.takeSnap(ImplClass_SAF_V_0_2.java:456)
at framework.utils.Reports.reportStep(Reports.java:47)
at framework.utils.Reports.reportStep(Reports.java:82)
at framework.core.ImplClass_SAF_V_0_2.takeSnap(ImplClass_SAF_V_0_2.java:456)
at framework.utils.Reports.reportStep(Reports.java:47)
at framework.utils.Reports.reportStep(Reports.java:82)
at framework.core.ImplClass_SAF_V_0_2.takeSnap(ImplClass_SAF_V_0_2.java:456)
at framework.utils.Reports.reportStep(Reports.java:47)
at framework.utils.Reports.reportStep(Reports.java:82)
at framework.core.ImplClass_SAF_V_0_2.takeSnap(ImplClass_SAF_V_0_2.java:456)
at framework.utils.Reports.reportStep(Reports.java:47)
at framework.utils.Reports.reportStep(Reports.java:82)
at framework.core.ImplClass_SAF_V_0_2.takeSnap(ImplClass_SAF_V_0_2.java:456)
at framework.utils.Reports.reportStep(Reports.java:47)
at framework.utils.Reports.reportStep(Reports.java:82)
at framework.core.ImplClass_SAF_V_0_2.takeSnap(ImplClass_SAF_V_0_2.java:456)
at framework.utils.Reports.reportStep(Reports.java:47)
at framework.utils.Reports.reportStep(Reports.java:82)
at framework.core.ImplClass_SAF_V_0_2.takeSnap(ImplClass_SAF_V_0_2.java:456)
at framework.utils.Reports.reportStep(Reports.java:47)
at framework.utils.Reports.reportStep(Reports.java:82)
at framework.core.ImplClass_SAF_V_0_2.takeSnap(ImplClass_SAF_V_0_2.java:456)
at framework.utils.Reports.reportStep(Reports.java:47)
at framework.utils.Reports.reportStep(Reports.java:82)
at framework.core.ImplClass_SAF_V_0_2.takeSnap(ImplClass_SAF_V_0_2.java:456)
at framework.utils.Reports.reportStep(Reports.java:47)
at framework.utils.Reports.reportStep(Reports.java:82)
at framework.core.ImplClass_SAF_V_0_2.takeSnap(ImplClass_SAF_V_0_2.java:456)
at framework.utils.Reports.reportStep(Reports.java:47)
at framework.utils.Reports.reportStep(Reports.java:82)
at framework.core.ImplClass_SAF_V_0_2.takeSnap(ImplClass_SAF_V_0_2.java:456)
at framework.utils.Reports.reportStep(Reports.java:47)
at framework.utils.Reports.reportStep(Reports.java:82)
at framework.core.ImplClass_SAF_V_0_2.takeSnap(ImplClass_SAF_V_0_2.java:456)
at framework.utils.Reports.reportStep(Reports.java:47)
at framework.utils.Reports.reportStep(Reports.java:82)
at framework.core.ImplClass_SAF_V_0_2.takeSnap(ImplClass_SAF_V_0_2.java:456)
at framework.utils.Reports.reportStep(Reports.java:47)
at framework.utils.Reports.reportStep(Reports.java:82)
at framework.core.ImplClass_SAF_V_0_2.takeSnap(ImplClass_SAF_V_0_2.java:456)
at framework.utils.Reports.reportStep(Reports.java:47)
at framework.utils.Reports.reportStep(Reports.java:82)
at framework.core.ImplClass_SAF_V_0_2.takeSnap(ImplClass_SAF_V_0_2.java:456)
at framework.utils.Reports.reportStep(Reports.java:47)
at framework.utils.Reports.reportStep(Reports.java:82)
at framework.core.ImplClass_SAF_V_0_2.takeSnap(ImplClass_SAF_V_0_2.java:456)
at framework.utils.Reports.reportStep(Reports.java:47)
at framework.utils.Reports.reportStep(Reports.java:82)
at framework.core.ImplClass_SAF_V_0_2.takeSnap(ImplClass_SAF_V_0_2.java:456)
at framework.utils.Reports.reportStep(Reports.java:47)
at framework.utils.Reports.reportStep(Reports.java:82)
at framework.core.ImplClass_SAF_V_0_2.takeSnap(ImplClass_SAF_V_0_2.java:456)
at framework.utils.Reports.reportStep(Reports.java:47)
at framework.utils.Reports.reportStep(Reports.java:82)
at framework.core.ImplClass_SAF_V_0_2.takeSnap(ImplClass_SAF_V_0_2.java:456)
at framework.utils.Reports.reportStep(Reports.java:47)
at framework.utils.Reports.reportStep(Reports.java:82)
at framework.core.ImplClass_SAF_V_0_2.takeSnap(ImplClass_SAF_V_0_2.java:456)
at framework.utils.Reports.reportStep(Reports.java:47)
at framework.utils.Reports.reportStep(Reports.java:82)
at framework.core.ImplClass_SAF_V_0_2.takeSnap(ImplClass_SAF_V_0_2.java:456)
at framework.utils.Reports.reportStep(Reports.java:47)
at framework.utils.Reports.reportStep(Reports.java:82)
at framework.core.ImplClass_SAF_V_0_2.takeSnap(ImplClass_SAF_V_0_2.java:456)
at framework.utils.Reports.reportStep(Reports.java:47)
at framework.utils.Reports.reportStep(Reports.java:82)
at framework.core.ImplClass_SAF_V_0_2.takeSnap(ImplClass_SAF_V_0_2.java:456)
at framework.utils.Reports.reportStep(Reports.java:47)
at framework.utils.Reports.reportStep(Reports.java:82)
at framework.core.ImplClass_SAF_V_0_2.takeSnap(ImplClass_SAF_V_0_2.java:456)
at framework.utils.Reports.reportStep(Reports.java:47)
at framework.utils.Reports.reportStep(Reports.java:82)
at framework.core.ImplClass_SAF_V_0_2.takeSnap(ImplClass_SAF_V_0_2.java:456)
at framework.utils.Reports.reportStep(Reports.java:47)
at framework.utils.Reports.reportStep(Reports.java:82)
at framework.core.ImplClass_SAF_V_0_2.takeSnap(ImplClass_SAF_V_0_2.java:456)
at framework.utils.Reports.reportStep(Reports.java:47)
at framework.utils.Reports.reportStep(Reports.java:82)
at framework.core.ImplClass_SAF_V_0_2.takeSnap(ImplClass_SAF_V_0_2.java:456)
at framework.utils.Reports.reportStep(Reports.java:47)
at framework.utils.Reports.reportStep(Reports.java:82)
at framework.core.ImplClass_SAF_V_0_2.takeSnap(ImplClass_SAF_V_0_2.java:456)
at framework.utils.Reports.reportStep(Reports.java:47)
at framework.utils.Reports.reportStep(Reports.java:82)
at framework.core.ImplClass_SAF_V_0_2.takeSnap(ImplClass_SAF_V_0_2.java:456)
at framework.utils.Reports.reportStep(Reports.java:47)
at framework.utils.Reports.reportStep(Reports.java:82)
at framework.core.ImplClass_SAF_V_0_2.takeSnap(ImplClass_SAF_V_0_2.java:456)
at framework.utils.Reports.reportStep(Reports.java:47)
at framework.utils.Reports.reportStep(Reports.java:82)
at framework.core.ImplClass_SAF_V_0_2.takeSnap(ImplClass_SAF_V_0_2.java:456)
at framework.utils.Reports.reportStep(Reports.java:47)
at framework.utils.Reports.reportStep(Reports.java:82)
at framework.core.ImplClass_SAF_V_0_2.takeSnap(ImplClass_SAF_V_0_2.java:456)
at framework.utils.Reports.reportStep(Reports.java:47)
at framework.utils.Reports.reportStep(Reports.java:82)
at framework.core.ImplClass_SAF_V_0_2.takeSnap(ImplClass_SAF_V_0_2.java:456)
at framework.utils.Reports.reportStep(Reports.java:47)
at framework.utils.Reports.reportStep(Reports.java:82)
at framework.core.ImplClass_SAF_V_0_2.takeSnap(ImplClass_SAF_V_0_2.java:456)
at framework.utils.Reports.reportStep(Reports.java:47)
at framework.utils.Reports.reportStep(Reports.java:82)
at framework.core.ImplClass_SAF_V_0_2.takeSnap(ImplClass_SAF_V_0_2.java:456)
at framework.utils.Reports.reportStep(Reports.java:47)
at framework.utils.Reports.reportStep(Reports.java:82)
at framework.core.ImplClass_SAF_V_0_2.takeSnap(ImplClass_SAF_V_0_2.java:456)
at framework.utils.Reports.reportStep(Reports.java:47)
at framework.utils.Reports.reportStep(Reports.java:82)
at framework.core.ImplClass_SAF_V_0_2.takeSnap(ImplClass_SAF_V_0_2.java:456)
at framework.utils.Reports.reportStep(Reports.java:47)
at framework.utils.Reports.reportStep(Reports.java:82)
at framework.core.ImplClass_SAF_V_0_2.takeSnap(ImplClass_SAF_V_0_2.java:456)
at framework.utils.Reports.reportStep(Reports.java:47)
at framework.utils.Reports.reportStep(Reports.java:82)
at framework.core.ImplClass_SAF_V_0_2.takeSnap(ImplClass_SAF_V_0_2.java:456)
at framework.utils.Reports.reportStep(Reports.java:47)
at framework.utils.Reports.reportStep(Reports.java:82)
at framework.core.ImplClass_SAF_V_0_2.takeSnap(ImplClass_SAF_V_0_2.java:456)
at framework.utils.Reports.reportStep(Reports.java:47)
at framework.utils.Reports.reportStep(Reports.java:82)
at framework.core.ImplClass_SAF_V_0_2.takeSnap(ImplClass_SAF_V_0_2.java:456)
at framework.utils.Reports.reportStep(Reports.java:47)
at framework.utils.Reports.reportStep(Reports.java:82)
at framework.core.ImplClass_SAF_V_0_2.takeSnap(ImplClass_SAF_V_0_2.java:456)
at framework.utils.Reports.reportStep(Reports.java:47)
at framework.utils.Reports.reportStep(Reports.java:82)
at framework.core.ImplClass_SAF_V_0_2.takeSnap(ImplClass_SAF_V_0_2.java:456)
at framework.utils.Reports.reportStep(Reports.java:47)
at framework.utils.Reports.reportStep(Reports.java:82)
at framework.core.ImplClass_SAF_V_0_2.takeSnap(ImplClass_SAF_V_0_2.java:456)
at framework.utils.Reports.reportStep(Reports.java:47)
at framework.utils.Reports.reportStep(Reports.java:82)
at framework.core.ImplClass_SAF_V_0_2.takeSnap(ImplClass_SAF_V_0_2.java:456)
at framework.utils.Reports.reportStep(Reports.java:47)
at framework.utils.Reports.reportStep(Reports.java:82)
at framework.core.ImplClass_SAF_V_0_2.takeSnap(ImplClass_SAF_V_0_2.java:456)
at framework.utils.Reports.reportStep(Reports.java:47)
at framework.utils.Reports.reportStep(Reports.java:82)
at framework.core.ImplClass_SAF_V_0_2.takeSnap(ImplClass_SAF_V_0_2.java:456)
at framework.utils.Reports.reportStep(Reports.java:47)
at framework.utils.Reports.reportStep(Reports.java:82)
at framework.core.ImplClass_SAF_V_0_2.takeSnap(ImplClass_SAF_V_0_2.java:456)
at framework.utils.Reports.reportStep(Reports.java:47)
at framework.utils.Reports.reportStep(Reports.java:82)
at framework.core.ImplClass_SAF_V_0_2.takeSnap(ImplClass_SAF_V_0_2.java:456)
at framework.utils.Reports.reportStep(Reports.java:47)
at framework.utils.Reports.reportStep(Reports.java:82)
at framework.core.ImplClass_SAF_V_0_2.takeSnap(ImplClass_SAF_V_0_2.java:456)
at framework.utils.Reports.reportStep(Reports.java:47)
at framework.utils.Reports.reportStep(Reports.java:82)
at framework.core.ImplClass_SAF_V_0_2.takeSnap(ImplClass_SAF_V_0_2.java:456)
at framework.utils.Reports.reportStep(Reports.java:47)
at framework.utils.Reports.reportStep(Reports.java:82)
at framework.core.ImplClass_SAF_V_0_2.takeSnap(ImplClass_SAF_V_0_2.java:456)
at framework.utils.Reports.reportStep(Reports.java:47)
at framework.utils.Reports.reportStep(Reports.java:82)
at framework.core.ImplClass_SAF_V_0_2.takeSnap(ImplClass_SAF_V_0_2.java:456)
at framework.utils.Reports.reportStep(Reports.java:47)
at framework.utils.Reports.reportStep(Reports.java:82)
at framework.core.ImplClass_SAF_V_0_2.takeSnap(ImplClass_SAF_V_0_2.java:456)
at framework.utils.Reports.reportStep(Reports.java:47)
at framework.utils.Reports.reportStep(Reports.java:82)
at framework.core.ImplClass_SAF_V_0_2.takeSnap(ImplClass_SAF_V_0_2.java:456)
at framework.utils.Reports.reportStep(Reports.java:47)
at framework.utils.Reports.reportStep(Reports.java:82)
at framework.core.ImplClass_SAF_V_0_2.takeSnap(ImplClass_SAF_V_0_2.java:456)
at framework.utils.Reports.reportStep(Reports.java:47)
at framework.utils.Reports.reportStep(Reports.java:82)
at framework.core.ImplClass_SAF_V_0_2.takeSnap(ImplClass_SAF_V_0_2.java:456)
at framework.utils.Reports.reportStep(Reports.java:47)
at framework.utils.Reports.reportStep(Reports.java:82)
at framework.core.ImplClass_SAF_V_0_2.takeSnap(ImplClass_SAF_V_0_2.java:456)
at framework.utils.Reports.reportStep(Reports.java:47)
at framework.utils.Reports.reportStep(Reports.java:82)
at framework.core.ImplClass_SAF_V_0_2.takeSnap(ImplClass_SAF_V_0_2.java:456)
at framework.utils.Reports.reportStep(Reports.java:47)
at framework.utils.Reports.reportStep(Reports.java:82)
at framework.core.ImplClass_SAF_V_0_2.takeSnap(ImplClass_SAF_V_0_2.java:456)
at framework.utils.Reports.reportStep(Reports.java:47)
at framework.utils.Reports.reportStep(Reports.java:82)
at framework.core.ImplClass_SAF_V_0_2.takeSnap(ImplClass_SAF_V_0_2.java:456)
at framework.utils.Reports.reportStep(Reports.java:47)
at framework.utils.Reports.reportStep(Reports.java:82)
at framework.core.ImplClass_SAF_V_0_2.takeSnap(ImplClass_SAF_V_0_2.java:456)
at framework.utils.Reports.reportStep(Reports.java:47)
at framework.utils.Reports.reportStep(Reports.java:82)
at framework.core.ImplClass_SAF_V_0_2.takeSnap(ImplClass_SAF_V_0_2.java:456)
at framework.utils.Reports.reportStep(Reports.java:47)
at framework.utils.Reports.reportStep(Reports.java:82)
at framework.core.ImplClass_SAF_V_0_2.takeSnap(ImplClass_SAF_V_0_2.java:456)
at framework.utils.Reports.reportStep(Reports.java:47)
at framework.utils.Reports.reportStep(Reports.java:82)
at framework.core.ImplClass_SAF_V_0_2.takeSnap(ImplClass_SAF_V_0_2.java:456)
at framework.utils.Reports.reportStep(Reports.java:47)
at framework.utils.Reports.reportStep(Reports.java:82)
at framework.core.ImplClass_SAF_V_0_2.takeSnap(ImplClass_SAF_V_0_2.java:456)
at framework.utils.Reports.reportStep(Reports.java:47)
at framework.utils.Reports.reportStep(Reports.java:82)
at framework.core.ImplClass_SAF_V_0_2.takeSnap(ImplClass_SAF_V_0_2.java:456)
at framework.utils.Reports.reportStep(Reports.java:47)
at framework.utils.Reports.reportStep(Reports.java:82)
at framework.core.ImplClass_SAF_V_0_2.takeSnap(ImplClass_SAF_V_0_2.java:456)
at framework.utils.Reports.reportStep(Reports.java:47)
at framework.utils.Reports.reportStep(Reports.java:82)
at framework.core.ImplClass_SAF_V_0_2.takeSnap(ImplClass_SAF_V_0_2.java:456)
at framework.utils.Reports.reportStep(Reports.java:47)
at framework.utils.Reports.reportStep(Reports.java:82)
at framework.core.ImplClass_SAF_V_0_2.takeSnap(ImplClass_SAF_V_0_2.java:456)
at framework.utils.Reports.reportStep(Reports.java:47)
at framework.utils.Reports.reportStep(Reports.java:82)
at framework.core.ImplClass_SAF_V_0_2.takeSnap(ImplClass_SAF_V_0_2.java:456)
at framework.utils.Reports.reportStep(Reports.java:47)
at framework.utils.Reports.reportStep(Reports.java:82)
at framework.core.ImplClass_SAF_V_0_2.takeSnap(ImplClass_SAF_V_0_2.java:456)
at framework.utils.Reports.reportStep(Reports.java:47)
at framework.utils.Reports.reportStep(Reports.java:82)
at framework.core.ImplClass_SAF_V_0_2.takeSnap(ImplClass_SAF_V_0_2.java:456)
at framework.utils.Reports.reportStep(Reports.java:47)
at framework.utils.Reports.reportStep(Reports.java:82)
at framework.core.ImplClass_SAF_V_0_2.takeSnap(ImplClass_SAF_V_0_2.java:456)
at framework.utils.Reports.reportStep(Reports.java:47)
at framework.utils.Reports.reportStep(Reports.java:82)
at framework.core.ImplClass_SAF_V_0_2.takeSnap(ImplClass_SAF_V_0_2.java:456)
at framework.utils.Reports.reportStep(Reports.java:47)
at framework.utils.Reports.reportStep(Reports.java:82)
at framework.core.ImplClass_SAF_V_0_2.takeSnap(ImplClass_SAF_V_0_2.java:456)
at framework.utils.Reports.reportStep(Reports.java:47)
at framework.utils.Reports.reportStep(Reports.java:82)
at framework.core.ImplClass_SAF_V_0_2.takeSnap(ImplClass_SAF_V_0_2.java:456)
at framework.utils.Reports.reportStep(Reports.java:47)
at framework.utils.Reports.reportStep(Reports.java:82)
at framework.core.ImplClass_SAF_V_0_2.takeSnap(ImplClass_SAF_V_0_2.java:456)
at framework.utils.Reports.reportStep(Reports.java:47)
at framework.utils.Reports.reportStep(Reports.java:82)
at framework.core.ImplClass_SAF_V_0_2.takeSnap(ImplClass_SAF_V_0_2.java:456)
at framework.utils.Reports.reportStep(Reports.java:47)
at framework.utils.Reports.reportStep(Reports.java:82)
at framework.core.ImplClass_SAF_V_0_2.takeSnap(ImplClass_SAF_V_0_2.java:456)
[...]
at framework.core.ImplClass_SAF_V_0_2.takeSnap(ImplClass_SAF_V_0_2.java:456)
at framework.utils.Reports.reportStep(Reports.java:47)
at framework.utils.Reports.reportStep(Reports.java:82)
at framework.core.ImplClass_SAF_V_0_2.takeSnap(ImplClass_SAF_V_0_2.java:456)
at framework.utils.Reports.reportStep(Reports.java:47)
at framework.utils.Reports.reportStep(Reports.java:82)
at framework.core.ImplClass_SAF_V_0_2.takeSnap(ImplClass_SAF_V_0_2.java:456)
at framework.utils.Reports.reportStep(Reports.java:47)
at framework.utils.Reports.reportStep(Reports.java:82)
at framework.core.ImplClass_SAF_V_0_2.takeSnap(ImplClass_SAF_V_0_2.java:456)
at framework.utils.Reports.reportStep(Reports.java:47)
at framework.utils.Reports.reportStep(Reports.java:82)
at framework.core.ImplClass_SAF_V_0_2.takeSnap(ImplClass_SAF_V_0_2.java:456)
at framework.utils.Reports.reportStep(Reports.java:47)
at framework.utils.Reports.reportStep(Reports.java:82)
at framework.core.ImplClass_SAF_V_0_2.takeSnap(ImplClass_SAF_V_0_2.java:456)
at framework.utils.Reports.reportStep(Reports.java:47)
at framework.utils.Reports.reportStep(Reports.java:82)
at framework.core.ImplClass_SAF_V_0_2.takeSnap(ImplClass_SAF_V_0_2.java:456)
at framework.utils.Reports.reportStep(Reports.java:47)
at framework.utils.Reports.reportStep(Reports.java:82)
at framework.core.ImplClass_SAF_V_0_2.takeSnap(ImplClass_SAF_V_0_2.java:456)
at framework.utils.Reports.reportStep(Reports.java:47)
at framework.utils.Reports.reportStep(Reports.java:82)
at framework.core.ImplClass_SAF_V_0_2.takeSnap(ImplClass_SAF_V_0_2.java:456)
at framework.utils.Reports.reportStep(Reports.java:47)
at framework.utils.Reports.reportStep(Reports.java:82)
at framework.core.ImplClass_SAF_V_0_2.takeSnap(ImplClass_SAF_V_0_2.java:456)
at framework.utils.Reports.reportStep(Reports.java:47)
at framework.utils.Reports.reportStep(Reports.java:82)
at framework.core.ImplClass_SAF_V_0_2.takeSnap(ImplClass_SAF_V_0_2.java:456)
at framework.utils.Reports.reportStep(Reports.java:47)
at framework.utils.Reports.reportStep(Reports.java:82)
at framework.core.ImplClass_SAF_V_0_2.takeSnap(ImplClass_SAF_V_0_2.java:456)
at framework.utils.Reports.reportStep(Reports.java:47)
at framework.utils.Reports.reportStep(Reports.java:82)
at framework.core.ImplClass_SAF_V_0_2.takeSnap(ImplClass_SAF_V_0_2.java:456)
at framework.utils.Reports.reportStep(Reports.java:47)
at framework.utils.Reports.reportStep(Reports.java:82)
at framework.core.ImplClass_SAF_V_0_2.takeSnap(ImplClass_SAF_V_0_2.java:456)
at framework.utils.Reports.reportStep(Reports.java:47)
at framework.utils.Reports.reportStep(Reports.java:82)
at framework.core.ImplClass_SAF_V_0_2.takeSnap(ImplClass_SAF_V_0_2.java:456)
at framework.utils.Reports.reportStep(Reports.java:47)
at framework.utils.Reports.reportStep(Reports.java:82)
at framework.core.ImplClass_SAF_V_0_2.takeSnap(ImplClass_SAF_V_0_2.java:456)
at framework.utils.Reports.reportStep(Reports.java:47)
at framework.utils.Reports.reportStep(Reports.java:82)
at framework.core.ImplClass_SAF_V_0_2.takeSnap(ImplClass_SAF_V_0_2.java:456)
at framework.utils.Reports.reportStep(Reports.java:47)
at framework.utils.Reports.reportStep(Reports.java:82)
at framework.core.ImplClass_SAF_V_0_2.takeSnap(ImplClass_SAF_V_0_2.java:456)
at framework.utils.Reports.reportStep(Reports.java:47)
at framework.utils.Reports.reportStep(Reports.java:82)
at framework.core.ImplClass_SAF_V_0_2.takeSnap(ImplClass_SAF_V_0_2.java:456)
at framework.utils.Reports.reportStep(Reports.java:47)
at framework.utils.Reports.reportStep(Reports.java:82)
at framework.core.ImplClass_SAF_V_0_2.takeSnap(ImplClass_SAF_V_0_2.java:456)
at framework.utils.Reports.reportStep(Reports.java:47)
at framework.utils.Reports.reportStep(Reports.java:82)
at framework.core.ImplClass_SAF_V_0_2.takeSnap(ImplClass_SAF_V_0_2.java:456)
at framework.utils.Reports.reportStep(Reports.java:47)
at framework.utils.Reports.reportStep(Reports.java:82)
at framework.core.ImplClass_SAF_V_0_2.takeSnap(ImplClass_SAF_V_0_2.java:456)
at framework.utils.Reports.reportStep(Reports.java:47)
at framework.utils.Reports.reportStep(Reports.java:82)
at framework.core.ImplClass_SAF_V_0_2.takeSnap(ImplClass_SAF_V_0_2.java:456)
at framework.utils.Reports.reportStep(Reports.java:47)
at framework.utils.Reports.reportStep(Reports.java:82)
at framework.core.ImplClass_SAF_V_0_2.takeSnap(ImplClass_SAF_V_0_2.java:456)
at framework.utils.Reports.reportStep(Reports.java:47)
at framework.utils.Reports.reportStep(Reports.java:82)
at framework.core.ImplClass_SAF_V_0_2.takeSnap(ImplClass_SAF_V_0_2.java:456)
at framework.utils.Reports.reportStep(Reports.java:47)
at framework.utils.Reports.reportStep(Reports.java:82)
at framework.core.ImplClass_SAF_V_0_2.takeSnap(ImplClass_SAF_V_0_2.java:456)
at framework.utils.Reports.reportStep(Reports.java:47)
at framework.utils.Reports.reportStep(Reports.java:82)
at framework.core.ImplClass_SAF_V_0_2.takeSnap(ImplClass_SAF_V_0_2.java:456)
at framework.utils.Reports.reportStep(Reports.java:47)
at framework.utils.Reports.reportStep(Reports.java:82)
at framework.core.ImplClass_SAF_V_0_2.takeSnap(ImplClass_SAF_V_0_2.java:456)
at framework.utils.Reports.reportStep(Reports.java:47)
at framework.utils.Reports.reportStep(Reports.java:82)
at framework.core.ImplClass_SAF_V_0_2.takeSnap(ImplClass_SAF_V_0_2.java:456)
at framework.utils.Reports.reportStep(Reports.java:47)
at framework.utils.Reports.reportStep(Reports.java:82)
at framework.core.ImplClass_SAF_V_0_2.takeSnap(ImplClass_SAF_V_0_2.java:456)
at framework.utils.Reports.reportStep(Reports.java:47)
at framework.utils.Reports.reportStep(Reports.java:82)
at framework.core.ImplClass_SAF_V_0_2.takeSnap(ImplClass_SAF_V_0_2.java:456)
at framework.utils.Reports.reportStep(Reports.java:47)
at framework.utils.Reports.reportStep(Reports.java:82)
at framework.core.ImplClass_SAF_V_0_2.takeSnap(ImplClass_SAF_V_0_2.java:456)
at framework.utils.Reports.reportStep(Reports.java:47)
at framework.utils.Reports.reportStep(Reports.java:82)
at framework.core.ImplClass_SAF_V_0_2.takeSnap(ImplClass_SAF_V_0_2.java:456)
at framework.utils.Reports.reportStep(Reports.java:47)
at framework.utils.Reports.reportStep(Reports.java:82)
at framework.core.ImplClass_SAF_V_0_2.takeSnap(ImplClass_SAF_V_0_2.java:456)
at framework.utils.Reports.reportStep(Reports.java:47)
at framework.utils.Reports.reportStep(Reports.java:82)
at framework.core.ImplClass_SAF_V_0_2.takeSnap(ImplClass_SAF_V_0_2.java:456)
at framework.utils.Reports.reportStep(Reports.java:47)
at framework.utils.Reports.reportStep(Reports.java:82)
at framework.core.ImplClass_SAF_V_0_2.takeSnap(ImplClass_SAF_V_0_2.java:456)
at framework.utils.Reports.reportStep(Reports.java:47)
at framework.utils.Reports.reportStep(Reports.java:82)
at framework.core.ImplClass_SAF_V_0_2.takeSnap(ImplClass_SAF_V_0_2.java:456)
at framework.utils.Reports.reportStep(Reports.java:47)
at framework.utils.Reports.reportStep(Reports.java:82)
at framework.core.ImplClass_SAF_V_0_2.takeSnap(ImplClass_SAF_V_0_2.java:456)
at framework.utils.Reports.reportStep(Reports.java:47)
at framework.utils.Reports.reportStep(Reports.java:82)
at framework.core.ImplClass_SAF_V_0_2.takeSnap(ImplClass_SAF_V_0_2.java:456)
at framework.utils.Reports.reportStep(Reports.java:47)
at framework.utils.Reports.reportStep(Reports.java:82)
at framework.core.ImplClass_SAF_V_0_2.takeSnap(ImplClass_SAF_V_0_2.java:456)
at framework.utils.Reports.reportStep(Reports.java:47)
at framework.utils.Reports.reportStep(Reports.java:82)
at framework.core.ImplClass_SAF_V_0_2.takeSnap(ImplClass_SAF_V_0_2.java:456)
at framework.utils.Reports.reportStep(Reports.java:47)
at framework.utils.Reports.reportStep(Reports.java:82)
at framework.core.ImplClass_SAF_V_0_2.takeSnap(ImplClass_SAF_V_0_2.java:456)
at framework.utils.Reports.reportStep(Reports.java:47)
at framework.utils.Reports.reportStep(Reports.java:82)
at framework.core.ImplClass_SAF_V_0_2.takeSnap(ImplClass_SAF_V_0_2.java:456)
at framework.utils.Reports.reportStep(Reports.java:47)
at framework.utils.Reports.reportStep(Reports.java:82)
at framework.core.ImplClass_SAF_V_0_2.takeSnap(ImplClass_SAF_V_0_2.java:456)
at framework.utils.Reports.reportStep(Reports.java:47)
at framework.utils.Reports.reportStep(Reports.java:82)
at framework.core.ImplClass_SAF_V_0_2.takeSnap(ImplClass_SAF_V_0_2.java:456)
at framework.utils.Reports.reportStep(Reports.java:47)
at framework.utils.Reports.reportStep(Reports.java:82)
at framework.core.ImplClass_SAF_V_0_2.takeSnap(ImplClass_SAF_V_0_2.java:456)
at framework.utils.Reports.reportStep(Reports.java:47)
at framework.utils.Reports.reportStep(Reports.java:82)
at framework.core.ImplClass_SAF_V_0_2.takeSnap(ImplClass_SAF_V_0_2.java:456)
at framework.utils.Reports.reportStep(Reports.java:47)
at framework.utils.Reports.reportStep(Reports.java:82)
at framework.core.ImplClass_SAF_V_0_2.takeSnap(ImplClass_SAF_V_0_2.java:456)
at framework.utils.Reports.reportStep(Reports.java:47)
at framework.utils.Reports.reportStep(Reports.java:82)
at framework.core.ImplClass_SAF_V_0_2.takeSnap(ImplClass_SAF_V_0_2.java:456)
at framework.utils.Reports.reportStep(Reports.java:47)
at framework.utils.Reports.reportStep(Reports.java:82)
at framework.core.ImplClass_SAF_V_0_2.takeSnap(ImplClass_SAF_V_0_2.java:456)
at framework.utils.Reports.reportStep(Reports.java:47)
at framework.utils.Reports.reportStep(Reports.java:82)
at framework.core.ImplClass_SAF_V_0_2.takeSnap(ImplClass_SAF_V_0_2.java:456)
at framework.utils.Reports.reportStep(Reports.java:47)
at framework.utils.Reports.reportStep(Reports.java:82)
at framework.core.ImplClass_SAF_V_0_2.takeSnap(ImplClass_SAF_V_0_2.java:456)
at framework.utils.Reports.reportStep(Reports.java:47)
at framework.utils.Reports.reportStep(Reports.java:82)
at framework.core.ImplClass_SAF_V_0_2.takeSnap(ImplClass_SAF_V_0_2.java:456)
at framework.utils.Reports.reportStep(Reports.java:47)
at framework.utils.Reports.reportStep(Reports.java:82)
at framework.core.ImplClass_SAF_V_0_2.takeSnap(ImplClass_SAF_V_0_2.java:456)
at framework.utils.Reports.reportStep(Reports.java:47)
at framework.utils.Reports.reportStep(Reports.java:82)
at framework.core.ImplClass_SAF_V_0_2.takeSnap(ImplClass_SAF_V_0_2.java:456)
at framework.utils.Reports.reportStep(Reports.java:47)
at framework.utils.Reports.reportStep(Reports.java:82)
at framework.core.ImplClass_SAF_V_0_2.takeSnap(ImplClass_SAF_V_0_2.java:456)
at framework.utils.Reports.reportStep(Reports.java:47)
at framework.utils.Reports.reportStep(Reports.java:82)
at framework.core.ImplClass_SAF_V_0_2.takeSnap(ImplClass_SAF_V_0_2.java:456)
at framework.utils.Reports.reportStep(Reports.java:47)
at framework.utils.Reports.reportStep(Reports.java:82)
at framework.core.ImplClass_SAF_V_0_2.takeSnap(ImplClass_SAF_V_0_2.java:456)
at framework.utils.Reports.reportStep(Reports.java:47)
at framework.utils.Reports.reportStep(Reports.java:82)
at framework.core.ImplClass_SAF_V_0_2.takeSnap(ImplClass_SAF_V_0_2.java:456)
at framework.utils.Reports.reportStep(Reports.java:47)
at framework.utils.Reports.reportStep(Reports.java:82)
at framework.core.ImplClass_SAF_V_0_2.takeSnap(ImplClass_SAF_V_0_2.java:456)
at framework.utils.Reports.reportStep(Reports.java:47)
at framework.utils.Reports.reportStep(Reports.java:82)
at framework.core.ImplClass_SAF_V_0_2.takeSnap(ImplClass_SAF_V_0_2.java:456)
at framework.utils.Reports.reportStep(Reports.java:47)
at framework.utils.Reports.reportStep(Reports.java:82)
at framework.core.ImplClass_SAF_V_0_2.takeSnap(ImplClass_SAF_V_0_2.java:456)
at framework.utils.Reports.reportStep(Reports.java:47)
at framework.utils.Reports.reportStep(Reports.java:82)
at framework.core.ImplClass_SAF_V_0_2.takeSnap(ImplClass_SAF_V_0_2.java:456)
at framework.utils.Reports.reportStep(Reports.java:47)
at framework.utils.Reports.reportStep(Reports.java:82)
at framework.core.ImplClass_SAF_V_0_2.takeSnap(ImplClass_SAF_V_0_2.java:456)
at framework.utils.Reports.reportStep(Reports.java:47)
at framework.utils.Reports.reportStep(Reports.java:82)
at framework.core.ImplClass_SAF_V_0_2.takeSnap(ImplClass_SAF_V_0_2.java:456)
at framework.utils.Reports.reportStep(Reports.java:47)
at framework.utils.Reports.reportStep(Reports.java:82)
at framework.core.ImplClass_SAF_V_0_2.takeSnap(ImplClass_SAF_V_0_2.java:456)
at framework.utils.Reports.reportStep(Reports.java:47)
at framework.utils.Reports.reportStep(Reports.java:82)
at framework.core.ImplClass_SAF_V_0_2.takeSnap(ImplClass_SAF_V_0_2.java:456)
at framework.utils.Reports.reportStep(Reports.java:47)
at framework.utils.Reports.reportStep(Reports.java:82)
at framework.core.ImplClass_SAF_V_0_2.takeSnap(ImplClass_SAF_V_0_2.java:456)
at framework.utils.Reports.reportStep(Reports.java:47)
at framework.utils.Reports.reportStep(Reports.java:82)
at framework.core.ImplClass_SAF_V_0_2.takeSnap(ImplClass_SAF_V_0_2.java:456)
at framework.utils.Reports.reportStep(Reports.java:47)
at framework.utils.Reports.reportStep(Reports.java:82)
at framework.core.ImplClass_SAF_V_0_2.takeSnap(ImplClass_SAF_V_0_2.java:456)
at framework.utils.Reports.reportStep(Reports.java:47)
at framework.utils.Reports.reportStep(Reports.java:82)
at framework.core.ImplClass_SAF_V_0_2.takeSnap(ImplClass_SAF_V_0_2.java:456)
at framework.utils.Reports.reportStep(Reports.java:47)
at framework.utils.Reports.reportStep(Reports.java:82)
at framework.core.ImplClass_SAF_V_0_2.takeSnap(ImplClass_SAF_V_0_2.java:456)
at framework.utils.Reports.reportStep(Reports.java:47)
at framework.utils.Reports.reportStep(Reports.java:82)
at framework.core.ImplClass_SAF_V_0_2.takeSnap(ImplClass_SAF_V_0_2.java:456)
at framework.utils.Reports.reportStep(Reports.java:47)
at framework.utils.Reports.reportStep(Reports.java:82)
at framework.core.ImplClass_SAF_V_0_2.takeSnap(ImplClass_SAF_V_0_2.java:456)
at framework.utils.Reports.reportStep(Reports.java:47)
at framework.utils.Reports.reportStep(Reports.java:82)
at framework.core.ImplClass_SAF_V_0_2.takeSnap(ImplClass_SAF_V_0_2.java:456)
at framework.utils.Reports.reportStep(Reports.java:47)
at framework.utils.Reports.reportStep(Reports.java:82)
at framework.core.ImplClass_SAF_V_0_2.takeSnap(ImplClass_SAF_V_0_2.java:456)
at framework.utils.Reports.reportStep(Reports.java:47)
at framework.utils.Reports.reportStep(Reports.java:82)
at framework.core.ImplClass_SAF_V_0_2.takeSnap(ImplClass_SAF_V_0_2.java:456)
at framework.utils.Reports.reportStep(Reports.java:47)
at framework.utils.Reports.reportStep(Reports.java:82)
at framework.core.ImplClass_SAF_V_0_2.takeSnap(ImplClass_SAF_V_0_2.java:456)
at framework.utils.Reports.reportStep(Reports.java:47)
at framework.utils.Reports.reportStep(Reports.java:82)
at framework.core.ImplClass_SAF_V_0_2.takeSnap(ImplClass_SAF_V_0_2.java:456)
at framework.utils.Reports.reportStep(Reports.java:47)
at framework.utils.Reports.reportStep(Reports.java:82)
at framework.core.ImplClass_SAF_V_0_2.takeSnap(ImplClass_SAF_V_0_2.java:456)
at framework.utils.Reports.reportStep(Reports.java:47)
at framework.utils.Reports.reportStep(Reports.java:82)
at framework.core.ImplClass_SAF_V_0_2.takeSnap(ImplClass_SAF_V_0_2.java:456)
at framework.utils.Reports.reportStep(Reports.java:47)
at framework.utils.Reports.reportStep(Reports.java:82)
at framework.core.ImplClass_SAF_V_0_2.takeSnap(ImplClass_SAF_V_0_2.java:456)
at framework.utils.Reports.reportStep(Reports.java:47)
at framework.utils.Reports.reportStep(Reports.java:82)
at framework.core.ImplClass_SAF_V_0_2.takeSnap(ImplClass_SAF_V_0_2.java:456)
at framework.utils.Reports.reportStep(Reports.java:47)
at framework.utils.Reports.reportStep(Reports.java:82)
at framework.core.ImplClass_SAF_V_0_2.takeSnap(ImplClass_SAF_V_0_2.java:456)
at framework.utils.Reports.reportStep(Reports.java:47)
at framework.utils.Reports.reportStep(Reports.java:82)
at framework.core.ImplClass_SAF_V_0_2.takeSnap(ImplClass_SAF_V_0_2.java:456)
at framework.utils.Reports.reportStep(Reports.java:47)
at framework.utils.Reports.reportStep(Reports.java:82)
at framework.core.ImplClass_SAF_V_0_2.takeSnap(ImplClass_SAF_V_0_2.java:456)
at framework.utils.Reports.reportStep(Reports.java:47)
at framework.utils.Reports.reportStep(Reports.java:82)
at framework.core.ImplClass_SAF_V_0_2.takeSnap(ImplClass_SAF_V_0_2.java:456)
at framework.utils.Reports.reportStep(Reports.java:47)
at framework.utils.Reports.reportStep(Reports.java:82)
at framework.core.ImplClass_SAF_V_0_2.takeSnap(ImplClass_SAF_V_0_2.java:456)
at framework.utils.Reports.reportStep(Reports.java:47)
at framework.utils.Reports.reportStep(Reports.java:82)
at framework.core.ImplClass_SAF_V_0_2.takeSnap(ImplClass_SAF_V_0_2.java:456)
at framework.utils.Reports.reportStep(Reports.java:47)
at framework.utils.Reports.reportStep(Reports.java:82)
at framework.core.ImplClass_SAF_V_0_2.takeSnap(ImplClass_SAF_V_0_2.java:456)
at framework.utils.Reports.reportStep(Reports.java:47)
at framework.utils.Reports.reportStep(Reports.java:82)
at framework.core.ImplClass_SAF_V_0_2.takeSnap(ImplClass_SAF_V_0_2.java:456)
at framework.utils.Reports.reportStep(Reports.java:47)
at framework.utils.Reports.reportStep(Reports.java:82)
at framework.core.ImplClass_SAF_V_0_2.takeSnap(ImplClass_SAF_V_0_2.java:456)
at framework.utils.Reports.reportStep(Reports.java:47)
at framework.utils.Reports.reportStep(Reports.java:82)
at framework.core.ImplClass_SAF_V_0_2.takeSnap(ImplClass_SAF_V_0_2.java:456)
at framework.utils.Reports.reportStep(Reports.java:47)
at framework.utils.Reports.reportStep(Reports.java:82)
at framework.core.ImplClass_SAF_V_0_2.takeSnap(ImplClass_SAF_V_0_2.java:456)
at framework.utils.Reports.reportStep(Reports.java:47)
at framework.utils.Reports.reportStep(Reports.java:82)
at framework.core.ImplClass_SAF_V_0_2.takeSnap(ImplClass_SAF_V_0_2.java:456)
at framework.utils.Reports.reportStep(Reports.java:47)
at framework.utils.Reports.reportStep(Reports.java:82)
at framework.core.ImplClass_SAF_V_0_2.takeSnap(ImplClass_SAF_V_0_2.java:456)
at framework.utils.Reports.reportStep(Reports.java:47)
at framework.utils.Reports.reportStep(Reports.java:82)
at framework.core.ImplClass_SAF_V_0_2.takeSnap(ImplClass_SAF_V_0_2.java:456)
at framework.utils.Reports.reportStep(Reports.java:47)
at framework.utils.Reports.reportStep(Reports.java:82)
at framework.core.ImplClass_SAF_V_0_2.takeSnap(ImplClass_SAF_V_0_2.java:456)
at framework.utils.Reports.reportStep(Reports.java:47)
at framework.utils.Reports.reportStep(Reports.java:82)
at framework.core.ImplClass_SAF_V_0_2.takeSnap(ImplClass_SAF_V_0_2.java:456)
at framework.utils.Reports.reportStep(Reports.java:47)
at framework.utils.Reports.reportStep(Reports.java:82)
at framework.core.ImplClass_SAF_V_0_2.takeSnap(ImplClass_SAF_V_0_2.java:456)
at framework.utils.Reports.reportStep(Reports.java:47)
at framework.utils.Reports.reportStep(Reports.java:82)
at framework.core.ImplClass_SAF_V_0_2.takeSnap(ImplClass_SAF_V_0_2.java:456)
at framework.utils.Reports.reportStep(Reports.java:47)
at framework.utils.Reports.reportStep(Reports.java:82)
at framework.core.ImplClass_SAF_V_0_2.takeSnap(ImplClass_SAF_V_0_2.java:456)
at framework.utils.Reports.reportStep(Reports.java:47)
at framework.utils.Reports.reportStep(Reports.java:82)
at framework.core.ImplClass_SAF_V_0_2.takeSnap(ImplClass_SAF_V_0_2.java:456)
at framework.utils.Reports.reportStep(Reports.java:47)
at framework.utils.Reports.reportStep(Reports.java:82)
at framework.core.ImplClass_SAF_V_0_2.takeSnap(ImplClass_SAF_V_0_2.java:456)
at framework.utils.Reports.reportStep(Reports.java:47)
at framework.utils.Reports.reportStep(Reports.java:82)
at framework.core.ImplClass_SAF_V_0_2.takeSnap(ImplClass_SAF_V_0_2.java:456)
at framework.utils.Reports.reportStep(Reports.java:47)
at framework.utils.Reports.reportStep(Reports.java:82)
at framework.core.ImplClass_SAF_V_0_2.takeSnap(ImplClass_SAF_V_0_2.java:456)
at framework.utils.Reports.reportStep(Reports.java:47)
at framework.utils.Reports.reportStep(Reports.java:82)
at framework.core.ImplClass_SAF_V_0_2.takeSnap(ImplClass_SAF_V_0_2.java:456)
]]>
    </failure>
  </testcase> <!-- createGuestOrder -->
</testsuite> <!-- EShop_US -->
