<?xml version="1.0" encoding="UTF-8"?>
<!-- Generated by org.testng.reporters.JUnitXMLReporter -->
<testsuite ignored="0" hostname="DESKTOP-6AFPICQ" failures="0" tests="2" name="EShop_AU" time="374.416" errors="0" timestamp="2021-08-18T17:52:32 IST">
  <testcase classname="framework.test.OnlineEnrollment_UK_PartyLite" name="createGuestOrder" time="306.724"/>
  <testcase classname="framework.test.OnlineEnrollment_AU_PartyLite" name="createGuestOrder" time="321.103"/>
</testsuite> <!-- EShop_AU -->
