<?xml version="1.0" encoding="UTF-8"?>
<!-- Generated by org.testng.reporters.JUnitXMLReporter -->
<testsuite hostname="ip-192-168-43-46.ap-south-1.compute.internal" ignored="0" name="Smokes" tests="2" failures="0" timestamp="2020-06-18T18:16:17 IST" time="137.484" errors="0">
  <testcase name="create_NewUserAccounts" time="56.097" classname="framework.test.Create_NanoUserAccount_PartyLite">
    <skipped/>
  </testcase> <!-- create_NewUserAccounts -->
  <testcase name="create_NewUserAccounts" time="57.792" classname="framework.test.Create_NanoUserAccount_PartyLite"/>
</testsuite> <!-- Smokes -->
