<?xml version="1.0" encoding="UTF-8"?>
<testng-results skipped="0" failed="0" ignored="0" total="1" passed="1">
  <reporter-output>
  </reporter-output>
  <suite name="Suite-FullRegression" duration-ms="281730" started-at="2021-09-03T18:09:16 IST" finished-at="2021-09-03T18:13:58 IST">
    <groups>
      <group name="Smokes">
        <method signature="GuestOrder_PartyLite.createGuestOrder(java.lang.String, java.lang.String, java.lang.String, java.lang.String, java.lang.String, java.lang.String, java.lang.String, java.lang.String, java.lang.String, java.lang.String, java.lang.String, java.lang.String, java.lang.String, java.lang.String, java.lang.String, java.lang.String, java.lang.String, java.lang.String)[pri:0, instance:framework.test.GuestOrder_PartyLite@76b0bfab]" name="createGuestOrder" class="framework.test.GuestOrder_PartyLite"/>
      </group> <!-- Smokes -->
      <group name="eShop">
        <method signature="GuestOrder_PartyLite.createGuestOrder(java.lang.String, java.lang.String, java.lang.String, java.lang.String, java.lang.String, java.lang.String, java.lang.String, java.lang.String, java.lang.String, java.lang.String, java.lang.String, java.lang.String, java.lang.String, java.lang.String, java.lang.String, java.lang.String, java.lang.String, java.lang.String)[pri:0, instance:framework.test.GuestOrder_PartyLite@76b0bfab]" name="createGuestOrder" class="framework.test.GuestOrder_PartyLite"/>
      </group> <!-- eShop -->
    </groups>
    <test name="Test-FullRegression-OutsideOrder-AT" duration-ms="281730" started-at="2021-09-03T18:09:16 IST" finished-at="2021-09-03T18:13:58 IST">
      <class name="framework.test.GuestOrder_PartyLite">
        <test-method status="PASS" signature="beforeSuite()[pri:0, instance:framework.test.GuestOrder_PartyLite@76b0bfab]" name="beforeSuite" is-config="true" duration-ms="114" started-at="2021-09-03T18:09:16 IST" finished-at="2021-09-03T18:09:16 IST">
          <reporter-output>
          </reporter-output>
        </test-method> <!-- beforeSuite -->
        <test-method status="PASS" signature="populatePropCountry(java.lang.String)[pri:0, instance:framework.test.GuestOrder_PartyLite@76b0bfab]" name="populatePropCountry" is-config="true" duration-ms="3" started-at="2021-09-03T18:09:16 IST" finished-at="2021-09-03T18:09:16 IST">
          <params>
            <param index="0">
              <value>
                <![CDATA[AT]]>
              </value>
            </param>
          </params>
          <reporter-output>
          </reporter-output>
        </test-method> <!-- populatePropCountry -->
        <test-method status="PASS" signature="setDataGO(java.lang.String)[pri:0, instance:framework.test.GuestOrder_PartyLite@76b0bfab]" name="setDataGO" is-config="true" duration-ms="2" started-at="2021-09-03T18:09:16 IST" depends-on-methods="framework.appInit.Class_initEcomPrac.populatePropCountry" finished-at="2021-09-03T18:09:16 IST">
          <params>
            <param index="0">
              <value>
                <![CDATA[AT]]>
              </value>
            </param>
          </params>
          <reporter-output>
          </reporter-output>
        </test-method> <!-- setDataGO -->
        <test-method status="PASS" signature="beforeClass()[pri:0, instance:framework.test.GuestOrder_PartyLite@76b0bfab]" name="beforeClass" is-config="true" duration-ms="2" started-at="2021-09-03T18:09:16 IST" finished-at="2021-09-03T18:09:16 IST">
          <reporter-output>
          </reporter-output>
        </test-method> <!-- beforeClass -->
        <test-method status="PASS" signature="beforeMethod(java.lang.String)[pri:0, instance:framework.test.GuestOrder_PartyLite@76b0bfab]" name="beforeMethod" is-config="true" duration-ms="5037" started-at="2021-09-03T18:09:17 IST" finished-at="2021-09-03T18:09:22 IST">
          <params>
            <param index="0">
              <value>
                <![CDATA[https://mcstaging.partylite.at/]]>
              </value>
            </param>
          </params>
          <reporter-output>
          </reporter-output>
        </test-method> <!-- beforeMethod -->
        <test-method status="PASS" signature="createGuestOrder(java.lang.String, java.lang.String, java.lang.String, java.lang.String, java.lang.String, java.lang.String, java.lang.String, java.lang.String, java.lang.String, java.lang.String, java.lang.String, java.lang.String, java.lang.String, java.lang.String, java.lang.String, java.lang.String, java.lang.String, java.lang.String)[pri:0, instance:framework.test.GuestOrder_PartyLite@76b0bfab]" name="createGuestOrder" duration-ms="275258" started-at="2021-09-03T18:09:22 IST" data-provider="GuestOrder" finished-at="2021-09-03T18:13:57 IST">
          <params>
            <param index="0">
              <value>
                <![CDATA[V04123]]>
              </value>
            </param>
            <param index="1">
              <value>
                <![CDATA[2]]>
              </value>
            </param>
            <param index="2">
              <value>
                <![CDATA[guest_search]]>
              </value>
            </param>
            <param index="3">
              <value>
                <![CDATA[Nikita]]>
              </value>
            </param>
            <param index="4">
              <value>
                <![CDATA[Padwal]]>
              </value>
            </param>
            <param index="5">
              <value>
                <![CDATA[4,Beechtree Avenue]]>
              </value>
            </param>
            <param index="6">
              <value>
                <![CDATA[   ]]>
              </value>
            </param>
            <param index="7">
              <value>
                <![CDATA[   ]]>
              </value>
            </param>
            <param index="8">
              <value>
                <![CDATA[SL7 3NJ]]>
              </value>
            </param>
            <param index="9">
              <value>
                <![CDATA[Marlow]]>
              </value>
            </param>
            <param index="10">
              <value>
                <![CDATA[01923 825119]]>
              </value>
            </param>
            <param index="11">
              <value>
                <![CDATA[Buckinghamshire]]>
              </value>
            </param>
            <param index="12">
              <value>
                <![CDATA[Visa Debit Card]]>
              </value>
            </param>
            <param index="13">
              <value>
                <![CDATA[4111111111111111]]>
              </value>
            </param>
            <param index="14">
              <value>
                <![CDATA[05]]>
              </value>
            </param>
            <param index="15">
              <value>
                <![CDATA[23]]>
              </value>
            </param>
            <param index="16">
              <value>
                <![CDATA[123]]>
              </value>
            </param>
            <param index="17">
              <value>
                <![CDATA[WELCOME10]]>
              </value>
            </param>
          </params>
          <reporter-output>
          </reporter-output>
        </test-method> <!-- createGuestOrder -->
        <test-method status="PASS" signature="afterMethod()[pri:0, instance:framework.test.GuestOrder_PartyLite@76b0bfab]" name="afterMethod" is-config="true" duration-ms="754" started-at="2021-09-03T18:13:57 IST" finished-at="2021-09-03T18:13:58 IST">
          <reporter-output>
          </reporter-output>
        </test-method> <!-- afterMethod -->
        <test-method status="PASS" signature="markExtentReportWithTestNGFailStatus(org.testng.ITestResult)[pri:0, instance:framework.test.GuestOrder_PartyLite@76b0bfab]" name="markExtentReportWithTestNGFailStatus" is-config="true" duration-ms="0" started-at="2021-09-03T18:13:58 IST" finished-at="2021-09-03T18:13:58 IST">
          <params>
            <param index="0">
              <value>
                <![CDATA[[TestResult name=createGuestOrder status=SUCCESS method=GuestOrder_PartyLite.createGuestOrder(java.lang.String, java.lang.String, java.lang.String, java.lang.String, java.lang.String, java.lang.String, java.lang.String, java.lang.String, java.lang.String, java.lang.String, java.lang.String, java.lang.String, java.lang.String, java.lang.String, java.lang.String, java.lang.String, java.lang.String, java.lang.String)[pri:0, instance:framework.test.GuestOrder_PartyLite@76b0bfab] output={null}]]]>
              </value>
            </param>
          </params>
          <reporter-output>
          </reporter-output>
        </test-method> <!-- markExtentReportWithTestNGFailStatus -->
        <test-method status="PASS" signature="afterSuite()[pri:0, instance:framework.test.GuestOrder_PartyLite@76b0bfab]" name="afterSuite" is-config="true" duration-ms="392" started-at="2021-09-03T18:13:58 IST" finished-at="2021-09-03T18:13:58 IST">
          <reporter-output>
          </reporter-output>
        </test-method> <!-- afterSuite -->
      </class> <!-- framework.test.GuestOrder_PartyLite -->
    </test> <!-- Test-FullRegression-OutsideOrder-AT -->
  </suite> <!-- Suite-FullRegression -->
</testng-results>
