<?xml version="1.0" encoding="UTF-8"?>
<!-- Generated by org.testng.reporters.JUnitXMLReporter -->
<testsuite ignored="0" hostname="DESKTOP-6AFPICQ" failures="0" tests="2" name="EShop_FR" time="389.601" errors="0" timestamp="2021-08-19T14:10:59 IST">
  <testcase classname="framework.test.GuestOrder_Paypal_PartyLite" name="createGuestOrder" time="217.659">
    <skipped/>
  </testcase> <!-- createGuestOrder -->
  <testcase classname="framework.test.GuestOrder_Paypal_PartyLite" name="createGuestOrder" time="324.924"/>
</testsuite> <!-- EShop_FR -->
