<?xml version="1.0" encoding="UTF-8"?>
<!-- Generated by org.testng.reporters.JUnitXMLReporter -->
<testsuite hostname="Anands-Air.local" ignored="10" name="EShop_US_Affiliates" tests="11" failures="0" timestamp="2020-08-07T19:24:17 IST" time="301.92" errors="0">
  <testcase name="createGuestOrder" time="340.064" classname="framework.test.OnlineEnrollment_US_PartyLite"/>
  <testcase name="createGuestOrder" time="337.699" classname="framework.test.OnlineEnrollment_CA_PartyLite"/>
  <testcase name="createGuestOrder" time="245.751" classname="framework.test.GuestOrderViaCategory_PartyLite"/>
  <testcase name="createGuestOrder" time="274.247" classname="framework.test.GuestOrder_PartyLite"/>
  <testcase name="createGuestOrder" time="277.384" classname="framework.test.GuestOrderViaCategory_PartyLite"/>
  <testcase name="createGuestOrder" time="273.537" classname="framework.test.GuestOrder_PartyLite"/>
  <testcase name="create_NewUserAccounts" time="290.634" classname="framework.test.NewCustomerOrder_PartyLite"/>
  <testcase name="create_NewUserAccounts" time="307.335" classname="framework.test.NewCustomerOrder_PartyLite"/>
  <testcase name="createGuestOrder" time="268.111" classname="framework.test.GuestOrderViaCategory_PartyLite"/>
  <testcase name="createGuestOrder" time="267.97" classname="framework.test.GuestOrder_PartyLite"/>
  <testcase name="create_NewUserAccounts" time="277.47" classname="framework.test.NewCustomerOrder_PartyLite"/>
  <testcase name="@BeforeSuite beforeSuite" time="0.0" classname="framework.appInit.Class_initEcomPrac">
    <ignored/>
  </testcase> <!-- @BeforeSuite beforeSuite -->
  <testcase name="@BeforeSuite beforeSuite" time="0.0" classname="framework.appInit.Class_initEcomPrac">
    <ignored/>
  </testcase> <!-- @BeforeSuite beforeSuite -->
  <testcase name="@BeforeSuite beforeSuite" time="0.0" classname="framework.appInit.Class_initEcomPrac">
    <ignored/>
  </testcase> <!-- @BeforeSuite beforeSuite -->
  <testcase name="@BeforeTest populatePropCountry" time="0.0" classname="framework.appInit.Class_initEcomPrac">
    <ignored/>
  </testcase> <!-- @BeforeTest populatePropCountry -->
  <testcase name="@BeforeTest populatePropCountry" time="0.0" classname="framework.appInit.Class_initEcomPrac">
    <ignored/>
  </testcase> <!-- @BeforeTest populatePropCountry -->
  <testcase name="@BeforeTest populatePropCountry" time="0.0" classname="framework.appInit.Class_initEcomPrac">
    <ignored/>
  </testcase> <!-- @BeforeTest populatePropCountry -->
  <testcase name="@AfterSuite afterSuite" time="0.0" classname="framework.appInit.Class_initEcomPrac">
    <ignored/>
  </testcase> <!-- @AfterSuite afterSuite -->
  <testcase name="@AfterSuite afterSuite" time="0.0" classname="framework.appInit.Class_initEcomPrac">
    <ignored/>
  </testcase> <!-- @AfterSuite afterSuite -->
  <testcase name="@AfterSuite afterSuite" time="0.0" classname="framework.appInit.Class_initEcomPrac">
    <ignored/>
  </testcase> <!-- @AfterSuite afterSuite -->
  <testcase name="createPartyOrder" time="0.0" classname="framework.test.ClassicPartyOrder_US_PartyLite">
    <ignored/>
  </testcase> <!-- createPartyOrder -->
</testsuite> <!-- EShop_US_Affiliates -->
