<?xml version="1.0" encoding="UTF-8"?>
<!-- Generated by org.testng.reporters.JUnitXMLReporter -->
<testsuite hostname="Lap14462" ignored="0" name="EShop_CA_Affiliates" tests="1" failures="1" timestamp="2021-09-02T19:59:25 IST" time="0.657" errors="0">
  <testcase name="signInToPartyLiteAff" time="0.631" classname="framework.test.AffiliateSignInOrderCheckout">
    <failure type="org.testng.internal.reflect.MethodMatcherException" message="
[public void framework.test.AffiliateSignInOrderCheckout.signInToPartyLiteAff(java.lang.String,java.lang.String,java.lang.String,java.lang.String,java.lang.String,java.lang.String,java.lang.String,java.lang.String,java.lang.String,java.lang.String,java.lang.String,java.lang.String,java.lang.String,java.lang.String,java.lang.String,java.lang.String,java.lang.String,java.lang.String,java.lang.String,java.lang.String)] has no parameters defined but was found to be using a data provider (either explicitly specified or inherited from class level annotation).
Data provider mismatch
Method: signInToPartyLiteAff([Parameter{index=0, type=java.lang.String, declaredAnnotations=[]}, Parameter{index=1, type=java.lang.String, declaredAnnotations=[]}, Parameter{index=2, type=java.lang.String, declaredAnnotations=[]}, Parameter{index=3, type=java.lang.String, declaredAnnotations=[]}, Parameter{index=4, type=java.lang.String, declaredAnnotations=[]}, Parameter{index=5, type=java.lang.String, declaredAnnotations=[]}, Parameter{index=6, type=java.lang.String, declaredAnnotations=[]}, Parameter{index=7, type=java.lang.String, declaredAnnotations=[]}, Parameter{index=8, type=java.lang.String, declaredAnnotations=[]}, Parameter{index=9, type=java.lang.String, declaredAnnotations=[]}, Parameter{index=10, type=java.lang.String, declaredAnnotations=[]}, Parameter{index=11, type=java.lang.String, declaredAnnotations=[]}, Parameter{index=12, type=java.lang.String, declaredAnnotations=[]}, Parameter{index=13, type=java.lang.String, declaredAnnotations=[]}, Parameter{index=14, type=java.lang.String, declaredAnnotations=[]}, Parameter{index=15, type=java.lang.String, declaredAnnotations=[]}, Parameter{index=16, type=java.lang.String, declaredAnnotations=[]}, Parameter{index=17, type=java.lang.String, declaredAnnotations=[]}, Parameter{index=18, type=java.lang.String, declaredAnnotations=[]}, Parameter{index=19, type=java.lang.String, declaredAnnotations=[]}])
Arguments: [(java.lang.String) anand@codem.com,(java.lang.String) Karthi@14,(java.lang.String) MY ACCOUNT,(java.lang.String) Nikita,(java.lang.String) Padwal,(java.lang.String) 4,Beechtree Avenue,(java.lang.String)    ,(java.lang.String)    ,(java.lang.String) SL7 3NJ,(java.lang.String) Marlow,(java.lang.String) 01923 825119,(java.lang.String) Buckinghamshire,(java.lang.String) Visa Debit Card,(java.lang.String) 4111111111111111,(java.lang.String) 05,(java.lang.String) 23,(java.lang.String) 123]">
      <![CDATA[org.testng.internal.reflect.MethodMatcherException: 
[public void framework.test.AffiliateSignInOrderCheckout.signInToPartyLiteAff(java.lang.String,java.lang.String,java.lang.String,java.lang.String,java.lang.String,java.lang.String,java.lang.String,java.lang.String,java.lang.String,java.lang.String,java.lang.String,java.lang.String,java.lang.String,java.lang.String,java.lang.String,java.lang.String,java.lang.String,java.lang.String,java.lang.String,java.lang.String)] has no parameters defined but was found to be using a data provider (either explicitly specified or inherited from class level annotation).
Data provider mismatch
Method: signInToPartyLiteAff([Parameter{index=0, type=java.lang.String, declaredAnnotations=[]}, Parameter{index=1, type=java.lang.String, declaredAnnotations=[]}, Parameter{index=2, type=java.lang.String, declaredAnnotations=[]}, Parameter{index=3, type=java.lang.String, declaredAnnotations=[]}, Parameter{index=4, type=java.lang.String, declaredAnnotations=[]}, Parameter{index=5, type=java.lang.String, declaredAnnotations=[]}, Parameter{index=6, type=java.lang.String, declaredAnnotations=[]}, Parameter{index=7, type=java.lang.String, declaredAnnotations=[]}, Parameter{index=8, type=java.lang.String, declaredAnnotations=[]}, Parameter{index=9, type=java.lang.String, declaredAnnotations=[]}, Parameter{index=10, type=java.lang.String, declaredAnnotations=[]}, Parameter{index=11, type=java.lang.String, declaredAnnotations=[]}, Parameter{index=12, type=java.lang.String, declaredAnnotations=[]}, Parameter{index=13, type=java.lang.String, declaredAnnotations=[]}, Parameter{index=14, type=java.lang.String, declaredAnnotations=[]}, Parameter{index=15, type=java.lang.String, declaredAnnotations=[]}, Parameter{index=16, type=java.lang.String, declaredAnnotations=[]}, Parameter{index=17, type=java.lang.String, declaredAnnotations=[]}, Parameter{index=18, type=java.lang.String, declaredAnnotations=[]}, Parameter{index=19, type=java.lang.String, declaredAnnotations=[]}])
Arguments: [(java.lang.String) anand@codem.com,(java.lang.String) Karthi@14,(java.lang.String) MY ACCOUNT,(java.lang.String) Nikita,(java.lang.String) Padwal,(java.lang.String) 4,Beechtree Avenue,(java.lang.String)    ,(java.lang.String)    ,(java.lang.String) SL7 3NJ,(java.lang.String) Marlow,(java.lang.String) 01923 825119,(java.lang.String) Buckinghamshire,(java.lang.String) Visa Debit Card,(java.lang.String) 4111111111111111,(java.lang.String) 05,(java.lang.String) 23,(java.lang.String) 123]
at java.util.concurrent.ThreadPoolExecutor.runWorker(Unknown Source)
at java.util.concurrent.ThreadPoolExecutor$Worker.run(Unknown Source)
at java.lang.Thread.run(Unknown Source)
... Removed 7 stack frames]]>
    </failure>
  </testcase> <!-- signInToPartyLiteAff -->
</testsuite> <!-- EShop_CA_Affiliates -->
