<?xml version="1.0" encoding="UTF-8"?>
<!-- Generated by org.testng.reporters.JUnitXMLReporter -->
<testsuite ignored="0" hostname="DESKTOP-6AFPICQ" failures="4" tests="13" name="EShop_US" time="605.532" errors="0" timestamp="2021-08-19T17:57:08 IST">
  <testcase classname="framework.test.GuestOrder_LineTypeCoupon_US_PartyLite" name="createGuestOrderLT" time="20.322">
    <skipped/>
  </testcase> <!-- createGuestOrderLT -->
  <testcase classname="framework.test.GuestOrder_LineTypeCoupon_US_PartyLite" name="createGuestOrderLT" time="18.932">
    <skipped/>
  </testcase> <!-- createGuestOrderLT -->
  <testcase classname="framework.test.GuestOrder_LineTypeCoupon_US_PartyLite" name="createGuestOrderLT" time="21.789">
    <skipped/>
  </testcase> <!-- createGuestOrderLT -->
  <testcase classname="framework.test.GuestOrder_LineTypeCoupon_US_PartyLite" name="createGuestOrderLT" time="76.256">
    <skipped/>
  </testcase> <!-- createGuestOrderLT -->
  <testcase classname="framework.test.GuestOrder_LineTypeCoupon_US_PartyLite" name="createGuestOrderLT" time="22.133">
    <skipped/>
  </testcase> <!-- createGuestOrderLT -->
  <testcase classname="framework.test.GuestOrder_LineTypeCoupon_US_PartyLite" name="createGuestOrderLT" time="22.591">
    <skipped/>
  </testcase> <!-- createGuestOrderLT -->
  <testcase classname="framework.test.GuestOrder_LineTypeCoupon_US_PartyLite" name="createGuestOrderLT" time="29.593">
    <skipped/>
  </testcase> <!-- createGuestOrderLT -->
  <testcase classname="framework.test.GuestOrder_LineTypeCoupon_US_PartyLite" name="createGuestOrderLT" time="106.356">
    <skipped/>
  </testcase> <!-- createGuestOrderLT -->
  <testcase classname="framework.test.GuestOrder_LineTypeCoupon_US_PartyLite" name="createGuestOrderLT" time="29.097">
    <failure type="java.lang.RuntimeException">
      <![CDATA[java.lang.RuntimeException
at framework.utils.Reports.reportStep(Reports.java:72)
at framework.utils.Reports.reportStep(Reports.java:82)
at framework.test.GuestOrder_LineTypeCoupon_US_PartyLite.createGuestOrderLT(GuestOrder_LineTypeCoupon_US_PartyLite.java:96)
at java.base/java.util.concurrent.FutureTask.run(FutureTask.java:264)
at java.base/java.util.concurrent.Executors$RunnableAdapter.call(Executors.java:515)
at java.base/java.util.concurrent.FutureTask.run(FutureTask.java:264)
at java.base/java.util.concurrent.ThreadPoolExecutor.runWorker(ThreadPoolExecutor.java:1130)
at java.base/java.util.concurrent.ThreadPoolExecutor$Worker.run(ThreadPoolExecutor.java:630)
at java.base/java.lang.Thread.run(Thread.java:832)
... Removed 9 stack frames]]>
    </failure>
  </testcase> <!-- createGuestOrderLT -->
  <testcase classname="framework.test.GuestOrder_LineTypeCoupon_US_PartyLite" name="createGuestOrderLT" time="29.529">
    <failure type="java.lang.RuntimeException">
      <![CDATA[java.lang.RuntimeException
at framework.utils.Reports.reportStep(Reports.java:72)
at framework.utils.Reports.reportStep(Reports.java:82)
at framework.test.GuestOrder_LineTypeCoupon_US_PartyLite.createGuestOrderLT(GuestOrder_LineTypeCoupon_US_PartyLite.java:96)
at java.base/java.util.concurrent.FutureTask.run(FutureTask.java:264)
at java.base/java.util.concurrent.Executors$RunnableAdapter.call(Executors.java:515)
at java.base/java.util.concurrent.FutureTask.run(FutureTask.java:264)
at java.base/java.util.concurrent.ThreadPoolExecutor.runWorker(ThreadPoolExecutor.java:1130)
at java.base/java.util.concurrent.ThreadPoolExecutor$Worker.run(ThreadPoolExecutor.java:630)
at java.base/java.lang.Thread.run(Thread.java:832)
... Removed 9 stack frames]]>
    </failure>
  </testcase> <!-- createGuestOrderLT -->
  <testcase classname="framework.test.GuestOrder_LineTypeCoupon_US_PartyLite" name="createGuestOrderLT" time="31.264">
    <failure type="java.lang.RuntimeException">
      <![CDATA[java.lang.RuntimeException
at framework.utils.Reports.reportStep(Reports.java:72)
at framework.utils.Reports.reportStep(Reports.java:82)
at framework.test.GuestOrder_LineTypeCoupon_US_PartyLite.createGuestOrderLT(GuestOrder_LineTypeCoupon_US_PartyLite.java:96)
at java.base/java.util.concurrent.FutureTask.run(FutureTask.java:264)
at java.base/java.util.concurrent.Executors$RunnableAdapter.call(Executors.java:515)
at java.base/java.util.concurrent.FutureTask.run(FutureTask.java:264)
at java.base/java.util.concurrent.ThreadPoolExecutor.runWorker(ThreadPoolExecutor.java:1130)
at java.base/java.util.concurrent.ThreadPoolExecutor$Worker.run(ThreadPoolExecutor.java:630)
at java.base/java.lang.Thread.run(Thread.java:832)
... Removed 9 stack frames]]>
    </failure>
  </testcase> <!-- createGuestOrderLT -->
  <testcase classname="framework.test.GuestOrder_LineTypeCoupon_US_PartyLite" name="createGuestOrderLT" time="29.179">
    <failure type="java.lang.RuntimeException">
      <![CDATA[java.lang.RuntimeException
at framework.utils.Reports.reportStep(Reports.java:72)
at framework.utils.Reports.reportStep(Reports.java:82)
at framework.test.GuestOrder_LineTypeCoupon_US_PartyLite.createGuestOrderLT(GuestOrder_LineTypeCoupon_US_PartyLite.java:96)
at java.base/java.util.concurrent.FutureTask.run(FutureTask.java:264)
at java.base/java.util.concurrent.Executors$RunnableAdapter.call(Executors.java:515)
at java.base/java.util.concurrent.FutureTask.run(FutureTask.java:264)
at java.base/java.util.concurrent.ThreadPoolExecutor.runWorker(ThreadPoolExecutor.java:1130)
at java.base/java.util.concurrent.ThreadPoolExecutor$Worker.run(ThreadPoolExecutor.java:630)
at java.base/java.lang.Thread.run(Thread.java:832)
... Removed 9 stack frames]]>
    </failure>
  </testcase> <!-- createGuestOrderLT -->
  <testcase classname="framework.test.GuestOrder_LineTypeCoupon_US_PartyLite" name="createGuestOrderLT" time="498.848"/>
</testsuite> <!-- EShop_US -->
