<?xml version="1.0" encoding="UTF-8"?>
<!-- Generated by org.testng.reporters.JUnitXMLReporter -->
<testsuite hostname="Anands-Air" ignored="0" name="Guest order" tests="3" failures="1" timestamp="2020-05-15T14:01:49 IST" time="835.861" errors="0">
  <testcase name="createGuestOrder" time="272.74" classname="framework.test.GuestOrder_Paypal_PartyLite">
    <skipped/>
  </testcase> <!-- createGuestOrder -->
  <testcase name="createGuestOrder" time="237.786" classname="framework.test.GuestOrder_Paypal_PartyLite">
    <skipped/>
  </testcase> <!-- createGuestOrder -->
  <testcase name="createGuestOrder" time="266.299" classname="framework.test.GuestOrder_Paypal_PartyLite">
    <failure type="java.lang.RuntimeException">
      <![CDATA[java.lang.RuntimeException
at framework.utils.Reports.reportStep(Reports.java:72)
at framework.utils.Reports.reportStep(Reports.java:82)
at framework.test.GuestOrder_Paypal_PartyLite.createGuestOrder(GuestOrder_Paypal_PartyLite.java:86)
at java.util.ArrayList.forEach(ArrayList.java:1257)
... Removed 27 stack frames]]>
    </failure>
  </testcase> <!-- createGuestOrder -->
</testsuite> <!-- Guest order -->
