<?xml version="1.0" encoding="UTF-8"?>
<!-- Generated by org.testng.reporters.JUnitXMLReporter -->
<testsuite hostname="Anands-Air" ignored="0" name="My Account Test verify" tests="2" failures="0" timestamp="2020-04-14T20:25:48 IST" time="133.717" errors="0">
  <testcase name="loggedInCustomerOrder" time="108.5" classname="framework.test.MyAccountEmailVerify_PartyLite"/>
  <testcase name="loggedInCustomerOrder" time="104.319" classname="framework.test.MyAccountEmailVerify_PartyLite"/>
</testsuite> <!-- My Account Test verify -->
