<?xml version="1.0" encoding="UTF-8"?>
<!-- Generated by org.testng.reporters.JUnitXMLReporter -->
<testsuite hostname="Anands-Air" ignored="6" name="Virtual Random account outside order UK" tests="8" failures="1" timestamp="2020-05-17T14:36:59 IST" time="1164.032" errors="0">
  <testcase name="consultantSendInvitation" time="177.973" classname="framework.test.VirtualSendInvitation_RandomAccountPartyLite"/>
  <testcase name="mailinatorTest" time="193.941" classname="framework.test.VirtualRandom_OutsideOrder_PartyLite">
    <skipped/>
  </testcase> <!-- mailinatorTest -->
  <testcase name="mailinatorTest" time="69.242" classname="framework.test.VirtualRandom_OutsideOrder_PartyLite">
    <skipped/>
  </testcase> <!-- mailinatorTest -->
  <testcase name="mailinatorTest" time="69.539" classname="framework.test.VirtualRandom_OutsideOrder_PartyLite">
    <failure type="java.lang.RuntimeException">
      <![CDATA[java.lang.RuntimeException
at framework.utils.Reports.reportStep(Reports.java:72)
at framework.utils.Reports.reportStep(Reports.java:82)
at framework.test.VirtualRandom_OutsideOrder_PartyLite.mailinatorTest(VirtualRandom_OutsideOrder_PartyLite.java:97)
at java.util.ArrayList.forEach(ArrayList.java:1257)
... Removed 27 stack frames]]>
    </failure>
  </testcase> <!-- mailinatorTest -->
  <testcase name="virtualCustomerOutsideOrder" time="196.438" classname="framework.test.VirtualCustomer_OutsideOrder_PartyLite"/>
  <testcase name="createPartyOrder" time="91.916" classname="framework.test.Virtual_PartyOrder_PartyLite">
    <skipped/>
  </testcase> <!-- createPartyOrder -->
  <testcase name="createPartyOrder" time="92.055" classname="framework.test.Virtual_PartyOrder_PartyLite">
    <skipped/>
  </testcase> <!-- createPartyOrder -->
  <testcase name="createPartyOrder" time="197.876" classname="framework.test.Virtual_PartyOrder_PartyLite"/>
  <testcase name="@BeforeSuite beforeSuite" time="0.0" classname="framework.appInit.Class_initEcomPrac">
    <ignored/>
  </testcase> <!-- @BeforeSuite beforeSuite -->
  <testcase name="@BeforeSuite beforeSuite" time="0.0" classname="framework.appInit.Class_initEcomPrac">
    <ignored/>
  </testcase> <!-- @BeforeSuite beforeSuite -->
  <testcase name="@BeforeTest populatePropCountry" time="0.0" classname="framework.appInit.Class_initEcomPrac">
    <ignored/>
  </testcase> <!-- @BeforeTest populatePropCountry -->
  <testcase name="@BeforeTest populatePropCountry" time="0.0" classname="framework.appInit.Class_initEcomPrac">
    <ignored/>
  </testcase> <!-- @BeforeTest populatePropCountry -->
  <testcase name="@AfterSuite afterSuite" time="0.0" classname="framework.appInit.Class_initEcomPrac">
    <ignored/>
  </testcase> <!-- @AfterSuite afterSuite -->
  <testcase name="@AfterSuite afterSuite" time="0.0" classname="framework.appInit.Class_initEcomPrac">
    <ignored/>
  </testcase> <!-- @AfterSuite afterSuite -->
</testsuite> <!-- Virtual Random account outside order UK -->
